#
# There is insufficient memory for the Java Runtime Environment to continue.
# Native memory allocation (malloc) failed to allocate 316496 bytes. Error detail: Chunk::new
# Possible reasons:
#   The system is out of physical RAM or swap space
#   This process is running with CompressedOops enabled, and the Java Heap may be blocking the growth of the native heap
# Possible solutions:
#   Reduce memory load on the system
#   Increase physical memory or swap space
#   Check if swap backing store is full
#   Decrease Java heap size (-Xmx/-Xms)
#   Decrease number of Java threads
#   Decrease Java thread stack sizes (-Xss)
#   Set larger code cache with -XX:ReservedCodeCacheSize=
#   JVM is running with Unscaled Compressed Oops mode in which the Java heap is
#     placed in the first 4GB address space. The Java Heap base address is the
#     maximum limit for the native heap growth. Please use -XX:HeapBaseMinAddress
#     to set the Java Heap base and to place the Java Heap above 4GB virtual address.
# This output file may be truncated or incomplete.
#
#  Out of Memory Error (arena.cpp:168), pid=19240, tid=6392
#
# JRE version: OpenJDK Runtime Environment Temurin-21.0.7+6 (21.0.7+6) (build 21.0.7+6-LTS)
# Java VM: OpenJDK 64-Bit Server VM Temurin-21.0.7+6 (21.0.7+6-LTS, mixed mode, sharing, tiered, compressed oops, compressed class ptrs, parallel gc, windows-amd64)
# No core dump will be written. Minidumps are not enabled by default on client versions of Windows
#

---------------  S U M M A R Y ------------

Command Line: --add-modules=ALL-SYSTEM --add-opens=java.base/java.util=ALL-UNNAMED --add-opens=java.base/java.lang=ALL-UNNAMED --add-opens=java.base/sun.nio.fs=ALL-UNNAMED -Declipse.application=org.eclipse.jdt.ls.core.id1 -Dosgi.bundles.defaultStartLevel=4 -Declipse.product=org.eclipse.jdt.ls.core.product -Djava.import.generatesMetadataFilesAtProjectRoot=false -DDetectVMInstallationsJob.disabled=true -Dfile.encoding=utf8 -XX:+UseParallelGC -XX:GCTimeRatio=4 -XX:AdaptiveSizePolicyWeight=90 -Dsun.zip.disableMemoryMapping=true -Xmx2G -Xms100m -Xlog:disable -javaagent:c:\Users\KXDV6659\.vscode\extensions\redhat.java-1.43.1-win32-x64\lombok\lombok-1.18.39-4050.jar c:\Users\KXDV6659\.vscode\extensions\redhat.java-1.43.1-win32-x64\server\plugins\org.eclipse.equinox.launcher_1.7.0.v20250519-0528.jar -configuration c:\Users\KXDV6659\AppData\Roaming\Code\User\globalStorage\redhat.java\1.43.1\config_ss_win -data c:\Users\KXDV6659\AppData\Roaming\Code\User\workspaceStorage\09d1fbf1bfac8b708df791d1d1490cda\redhat.java\ss_ws --pipe=\\.\pipe\lsp-51004205f627ed36e84cd3f9d2dd67f5-sock

Host: Intel(R) Core(TM) i5-8365U CPU @ 1.60GHz, 8 cores, 7G,  Windows 11 , 64 bit Build 22621 (10.0.22621.5262)
Time: Thu Jul  3 10:07:19 2025 Morocco Daylight Time elapsed time: 3.865932 seconds (0d 0h 0m 3s)

---------------  T H R E A D  ---------------

Current thread (0x00000206a233fa30):  JavaThread "C2 CompilerThread0" daemon [_thread_in_native, id=6392, stack(0x0000000b12300000,0x0000000b12400000) (1024K)]


Current CompileTask:
C2:3866 1442       4       lombok.patcher.scripts.MethodLevelPatchScript::patch (21 bytes)

Stack: [0x0000000b12300000,0x0000000b12400000]
Native frames: (J=compiled Java code, j=interpreted, Vv=VM code, C=native code)
V  [jvm.dll+0x6ce119]
V  [jvm.dll+0x8a84a1]
V  [jvm.dll+0x8aa9ce]
V  [jvm.dll+0x8ab0b3]
V  [jvm.dll+0x27f8a6]
V  [jvm.dll+0xc507d]
V  [jvm.dll+0xc55b3]
V  [jvm.dll+0x3b68f2]
V  [jvm.dll+0x382aa5]
V  [jvm.dll+0x381f0a]
V  [jvm.dll+0x247af0]
V  [jvm.dll+0x2470cf]
V  [jvm.dll+0x1c760e]
V  [jvm.dll+0x25695a]
V  [jvm.dll+0x254efa]
V  [jvm.dll+0x3f03f6]
V  [jvm.dll+0x851f6b]
V  [jvm.dll+0x6cc7dd]
C  [ucrtbase.dll+0x29333]
C  [KERNEL32.DLL+0x1259d]
C  [ntdll.dll+0x5af58]


---------------  P R O C E S S  ---------------

Threads class SMR info:
_java_thread_list=0x00000206e9aa8990, length=17, elements={
0x000002068964b080, 0x000002068b98d3a0, 0x00000206a2333fd0, 0x00000206a23377b0,
0x00000206a233a530, 0x00000206a233d250, 0x00000206a233ecb0, 0x00000206a233fa30,
0x00000206a2368e30, 0x000002068b93f810, 0x00000206e9430420, 0x00000206e97e08c0,
0x00000206e9960010, 0x00000206e9af3720, 0x00000206e9ad0aa0, 0x00000206e9ad1100,
0x00000206e9af2400
}

Java Threads: ( => current thread )
  0x000002068964b080 JavaThread "main"                              [_thread_in_Java, id=15048, stack(0x0000000b11900000,0x0000000b11a00000) (1024K)]
  0x000002068b98d3a0 JavaThread "Reference Handler"          daemon [_thread_blocked, id=16012, stack(0x0000000b11d00000,0x0000000b11e00000) (1024K)]
  0x00000206a2333fd0 JavaThread "Finalizer"                  daemon [_thread_blocked, id=15716, stack(0x0000000b11e00000,0x0000000b11f00000) (1024K)]
  0x00000206a23377b0 JavaThread "Signal Dispatcher"          daemon [_thread_blocked, id=15720, stack(0x0000000b11f00000,0x0000000b12000000) (1024K)]
  0x00000206a233a530 JavaThread "Attach Listener"            daemon [_thread_blocked, id=12580, stack(0x0000000b12000000,0x0000000b12100000) (1024K)]
  0x00000206a233d250 JavaThread "Service Thread"             daemon [_thread_blocked, id=15504, stack(0x0000000b12100000,0x0000000b12200000) (1024K)]
  0x00000206a233ecb0 JavaThread "Monitor Deflation Thread"   daemon [_thread_blocked, id=10752, stack(0x0000000b12200000,0x0000000b12300000) (1024K)]
=>0x00000206a233fa30 JavaThread "C2 CompilerThread0"         daemon [_thread_in_native, id=6392, stack(0x0000000b12300000,0x0000000b12400000) (1024K)]
  0x00000206a2368e30 JavaThread "C1 CompilerThread0"         daemon [_thread_in_native, id=19052, stack(0x0000000b12400000,0x0000000b12500000) (1024K)]
  0x000002068b93f810 JavaThread "Common-Cleaner"             daemon [_thread_blocked, id=11632, stack(0x0000000b12500000,0x0000000b12600000) (1024K)]
  0x00000206e9430420 JavaThread "Notification Thread"        daemon [_thread_blocked, id=16864, stack(0x0000000b12600000,0x0000000b12700000) (1024K)]
  0x00000206e97e08c0 JavaThread "Equinox resolver thread - Equinox Container: 00c0e6b2-26f4-49b8-b6c6-ba395be2bd33" daemon [_thread_blocked, id=18504, stack(0x0000000b12d00000,0x0000000b12e00000) (1024K)]
  0x00000206e9960010 JavaThread "Equinox resolver thread - Equinox Container: 00c0e6b2-26f4-49b8-b6c6-ba395be2bd33" daemon [_thread_blocked, id=18528, stack(0x0000000b12e00000,0x0000000b12f00000) (1024K)]
  0x00000206e9af3720 JavaThread "Equinox resolver thread - Equinox Container: 00c0e6b2-26f4-49b8-b6c6-ba395be2bd33" daemon [_thread_blocked, id=18456, stack(0x0000000b12f00000,0x0000000b13000000) (1024K)]
  0x00000206e9ad0aa0 JavaThread "Equinox resolver thread - Equinox Container: 00c0e6b2-26f4-49b8-b6c6-ba395be2bd33" daemon [_thread_blocked, id=19428, stack(0x0000000b13000000,0x0000000b13100000) (1024K)]
  0x00000206e9ad1100 JavaThread "Equinox resolver thread - Equinox Container: 00c0e6b2-26f4-49b8-b6c6-ba395be2bd33" daemon [_thread_blocked, id=18492, stack(0x0000000b13100000,0x0000000b13200000) (1024K)]
  0x00000206e9af2400 JavaThread "Equinox resolver thread - Equinox Container: 00c0e6b2-26f4-49b8-b6c6-ba395be2bd33" daemon [_thread_blocked, id=18580, stack(0x0000000b13200000,0x0000000b13300000) (1024K)]
Total: 17

Other Threads:
  0x000002068b971a90 VMThread "VM Thread"                           [id=3580, stack(0x0000000b11c00000,0x0000000b11d00000) (1024K)]
  0x00000206a224ca00 WatcherThread "VM Periodic Task Thread"        [id=9852, stack(0x0000000b11b00000,0x0000000b11c00000) (1024K)]
  0x000002068b8ef620 WorkerThread "GC Thread#0"                     [id=3796, stack(0x0000000b11a00000,0x0000000b11b00000) (1024K)]
  0x00000206e961a030 WorkerThread "GC Thread#1"                     [id=18916, stack(0x0000000b12700000,0x0000000b12800000) (1024K)]
  0x00000206e96144c0 WorkerThread "GC Thread#2"                     [id=18696, stack(0x0000000b12800000,0x0000000b12900000) (1024K)]
  0x00000206e96007e0 WorkerThread "GC Thread#3"                     [id=14904, stack(0x0000000b12900000,0x0000000b12a00000) (1024K)]
  0x00000206e9600b80 WorkerThread "GC Thread#4"                     [id=19156, stack(0x0000000b12a00000,0x0000000b12b00000) (1024K)]
  0x00000206e9600f20 WorkerThread "GC Thread#5"                     [id=3756, stack(0x0000000b12b00000,0x0000000b12c00000) (1024K)]
  0x00000206e96012c0 WorkerThread "GC Thread#6"                     [id=12692, stack(0x0000000b12c00000,0x0000000b12d00000) (1024K)]
Total: 9

Threads with active compile tasks:
C2 CompilerThread0  3919 1442       4       lombok.patcher.scripts.MethodLevelPatchScript::patch (21 bytes)
Total: 1

VM state: not at safepoint (normal execution)

VM Mutex/Monitor currently owned by a thread: None

OutOfMemory and StackOverflow Exception counts:
OutOfMemoryError java_heap_errors=1
LinkageErrors=20

Heap address: 0x0000000080000000, size: 2048 MB, Compressed Oops mode: 32-bit

CDS archive(s) mapped at: [0x00000206a3000000-0x00000206a3ba0000-0x00000206a3ba0000), size 12189696, SharedBaseAddress: 0x00000206a3000000, ArchiveRelocationMode: 1.
Compressed class space mapped at: 0x00000206a4000000-0x00000206e4000000, reserved size: 1073741824
Narrow klass base: 0x00000206a3000000, Narrow klass shift: 0, Narrow klass range: 0x100000000

GC Precious Log:
 CardTable entry size: 512
 CPUs: 8 total, 8 available
 Memory: 7998M
 Large Page Support: Disabled
 NUMA Support: Disabled
 Compressed Oops: Enabled (32-bit)
 Alignments: Space 512K, Generation 512K, Heap 2M
 Heap Min Capacity: 100M
 Heap Initial Capacity: 100M
 Heap Max Capacity: 2G
 Pre-touch: Disabled
 Parallel Workers: 8

Heap:
 PSYoungGen      total 29696K, used 21028K [0x00000000d5580000, 0x00000000d7680000, 0x0000000100000000)
  eden space 25600K, 69% used [0x00000000d5580000,0x00000000d66d5300,0x00000000d6e80000)
  from space 4096K, 80% used [0x00000000d6e80000,0x00000000d71b3f18,0x00000000d7280000)
  to   space 4096K, 0% used [0x00000000d7280000,0x00000000d7280000,0x00000000d7680000)
 ParOldGen       total 68608K, used 0K [0x0000000080000000, 0x0000000084300000, 0x00000000d5580000)
  object space 68608K, 0% used [0x0000000080000000,0x0000000080000000,0x0000000084300000)
 Metaspace       used 7266K, committed 7552K, reserved 1114112K
  class space    used 738K, committed 896K, reserved 1048576K

Card table byte_map: [0x000002068b270000,0x000002068b680000] _byte_map_base: 0x000002068ae70000

Marking Bits: (ParMarkBitMap*) 0x00007ff90cd031f0
 Begin Bits: [0x000002069dd70000, 0x000002069fd70000)
 End Bits:   [0x000002069fd70000, 0x00000206a1d70000)

Polling page: 0x00000206898b0000

Metaspace:

Usage:
  Non-class:      6.38 MB used.
      Class:    738.98 KB used.
       Both:      7.10 MB used.

Virtual space:
  Non-class space:       64.00 MB reserved,       6.50 MB ( 10%) committed,  1 nodes.
      Class space:        1.00 GB reserved,     896.00 KB ( <1%) committed,  1 nodes.
             Both:        1.06 GB reserved,       7.38 MB ( <1%) committed. 

Chunk freelists:
   Non-Class:  9.31 MB
       Class:  14.98 MB
        Both:  24.30 MB

MaxMetaspaceSize: unlimited
CompressedClassSpaceSize: 1.00 GB
Initial GC threshold: 21.00 MB
Current GC threshold: 21.00 MB
CDS: on
 - commit_granule_bytes: 65536.
 - commit_granule_words: 8192.
 - virtual_space_node_default_size: 8388608.
 - enlarge_chunks_in_place: 1.
 - use_allocation_guard: 0.


Internal statistics:

num_allocs_failed_limit: 0.
num_arena_births: 198.
num_arena_deaths: 0.
num_vsnodes_births: 2.
num_vsnodes_deaths: 0.
num_space_committed: 118.
num_space_uncommitted: 0.
num_chunks_returned_to_freelist: 0.
num_chunks_taken_from_freelist: 343.
num_chunk_merges: 0.
num_chunk_splits: 230.
num_chunks_enlarged: 160.
num_inconsistent_stats: 0.

CodeHeap 'non-profiled nmethods': size=120000Kb used=569Kb max_used=569Kb free=119430Kb
 bounds [0x0000020696590000, 0x0000020696800000, 0x000002069dac0000]
CodeHeap 'profiled nmethods': size=120000Kb used=2590Kb max_used=2590Kb free=117409Kb
 bounds [0x000002068eac0000, 0x000002068ed50000, 0x0000020695ff0000]
CodeHeap 'non-nmethods': size=5760Kb used=1213Kb max_used=1232Kb free=4546Kb
 bounds [0x0000020695ff0000, 0x0000020696260000, 0x0000020696590000]
 total_blobs=1980 nmethods=1501 adapters=386
 compilation: enabled
              stopped_count=0, restarted_count=0
 full_count=0

Compilation events (20 events):
Event: 3.842 Thread 0x00000206a2368e30 1465       3       org.apache.felix.resolver.Candidates$1::compute (9 bytes)
Event: 3.842 Thread 0x00000206a2368e30 nmethod 1465 0x000002068ed30810 code [0x000002068ed309e0, 0x000002068ed30cf0]
Event: 3.842 Thread 0x00000206a2368e30 1466       3       org.apache.felix.resolver.Candidates$1::compute (9 bytes)
Event: 3.842 Thread 0x00000206a2368e30 nmethod 1466 0x000002068ed30e10 code [0x000002068ed30fc0, 0x000002068ed31168]
Event: 3.843 Thread 0x00000206a2368e30 1467   !   3       java.util.zip.ZipFile$CleanableResource::getInflater (47 bytes)
Event: 3.844 Thread 0x00000206a2368e30 nmethod 1467 0x000002068ed31210 code [0x000002068ed31400, 0x000002068ed31910]
Event: 3.844 Thread 0x00000206a2368e30 1468       3       java.util.zip.ZipFile$ZipFileInflaterInputStream::<init> (41 bytes)
Event: 3.844 Thread 0x00000206a2368e30 nmethod 1468 0x000002068ed31b10 code [0x000002068ed31ce0, 0x000002068ed32080]
Event: 3.844 Thread 0x00000206a2368e30 1469       3       java.util.zip.InflaterInputStream::<init> (70 bytes)
Event: 3.845 Thread 0x00000206a2368e30 nmethod 1469 0x000002068ed32210 code [0x000002068ed32400, 0x000002068ed329f0]
Event: 3.845 Thread 0x00000206a2368e30 1470       3       java.util.zip.ZipFile$InflaterCleanupAction::<init> (15 bytes)
Event: 3.845 Thread 0x00000206a2368e30 nmethod 1470 0x000002068ed32c10 code [0x000002068ed32dc0, 0x000002068ed32f58]
Event: 3.845 Thread 0x00000206a2368e30 1471   !   3       java.util.zip.ZipFile$ZipFileInflaterInputStream::close (67 bytes)
Event: 3.846 Thread 0x00000206a2368e30 nmethod 1471 0x000002068ed33010 code [0x000002068ed33260, 0x000002068ed33ab0]
Event: 3.846 Thread 0x00000206a2368e30 1472       3       java.util.zip.InflaterInputStream::close (34 bytes)
Event: 3.846 Thread 0x00000206a2368e30 nmethod 1472 0x000002068ed33e90 code [0x000002068ed34060, 0x000002068ed34300]
Event: 3.850 Thread 0x00000206a2368e30 1473       3       java.lang.invoke.MethodHandles$Lookup::checkSecurityManager (97 bytes)
Event: 3.850 Thread 0x00000206a2368e30 nmethod 1473 0x000002068ed34410 code [0x000002068ed34600, 0x000002068ed34af8]
Event: 3.862 Thread 0x00000206a2368e30 1475       3       java.util.Collections$UnmodifiableMap::<init> (22 bytes)
Event: 3.862 Thread 0x00000206a2368e30 nmethod 1475 0x000002068ed34d10 code [0x000002068ed34ec0, 0x000002068ed35140]

GC Heap History (2 events):
Event: 3.153 GC heap before
{Heap before GC invocations=1 (full 0):
 PSYoungGen      total 29696K, used 25600K [0x00000000d5580000, 0x00000000d7680000, 0x0000000100000000)
  eden space 25600K, 100% used [0x00000000d5580000,0x00000000d6e80000,0x00000000d6e80000)
  from space 4096K, 0% used [0x00000000d7280000,0x00000000d7280000,0x00000000d7680000)
  to   space 4096K, 0% used [0x00000000d6e80000,0x00000000d6e80000,0x00000000d7280000)
 ParOldGen       total 68608K, used 0K [0x0000000080000000, 0x0000000084300000, 0x00000000d5580000)
  object space 68608K, 0% used [0x0000000080000000,0x0000000080000000,0x0000000084300000)
 Metaspace       used 4460K, committed 4672K, reserved 1114112K
  class space    used 476K, committed 576K, reserved 1048576K
}
Event: 3.183 GC heap after
{Heap after GC invocations=1 (full 0):
 PSYoungGen      total 29696K, used 3279K [0x00000000d5580000, 0x00000000d7680000, 0x0000000100000000)
  eden space 25600K, 0% used [0x00000000d5580000,0x00000000d5580000,0x00000000d6e80000)
  from space 4096K, 80% used [0x00000000d6e80000,0x00000000d71b3f18,0x00000000d7280000)
  to   space 4096K, 0% used [0x00000000d7280000,0x00000000d7280000,0x00000000d7680000)
 ParOldGen       total 68608K, used 0K [0x0000000080000000, 0x0000000084300000, 0x00000000d5580000)
  object space 68608K, 0% used [0x0000000080000000,0x0000000080000000,0x0000000084300000)
 Metaspace       used 4460K, committed 4672K, reserved 1114112K
  class space    used 476K, committed 576K, reserved 1048576K
}

Dll operation events (8 events):
Event: 0.328 Loaded shared library c:\Users\KXDV6659\.vscode\extensions\redhat.java-1.43.1-win32-x64\jre\21.0.7-win32-x86_64\bin\java.dll
Event: 0.746 Loaded shared library c:\Users\KXDV6659\.vscode\extensions\redhat.java-1.43.1-win32-x64\jre\21.0.7-win32-x86_64\bin\zip.dll
Event: 0.799 Loaded shared library C:\Users\KXDV6659\.vscode\extensions\redhat.java-1.43.1-win32-x64\jre\21.0.7-win32-x86_64\bin\instrument.dll
Event: 0.856 Loaded shared library C:\Users\KXDV6659\.vscode\extensions\redhat.java-1.43.1-win32-x64\jre\21.0.7-win32-x86_64\bin\net.dll
Event: 0.923 Loaded shared library C:\Users\KXDV6659\.vscode\extensions\redhat.java-1.43.1-win32-x64\jre\21.0.7-win32-x86_64\bin\nio.dll
Event: 0.929 Loaded shared library C:\Users\KXDV6659\.vscode\extensions\redhat.java-1.43.1-win32-x64\jre\21.0.7-win32-x86_64\bin\zip.dll
Event: 0.979 Loaded shared library C:\Users\KXDV6659\.vscode\extensions\redhat.java-1.43.1-win32-x64\jre\21.0.7-win32-x86_64\bin\jimage.dll
Event: 1.227 Loaded shared library c:\Users\KXDV6659\.vscode\extensions\redhat.java-1.43.1-win32-x64\jre\21.0.7-win32-x86_64\bin\verify.dll

Deoptimization events (20 events):
Event: 3.623 Thread 0x000002068964b080 DEOPT PACKING pc=0x000002068eb5ec0d sp=0x0000000b119f4740
Event: 3.623 Thread 0x000002068964b080 DEOPT UNPACKING pc=0x0000020696044242 sp=0x0000000b119f3bf0 mode 0
Event: 3.642 Thread 0x000002068964b080 DEOPT PACKING pc=0x000002068eb5ec0d sp=0x0000000b119f8200
Event: 3.642 Thread 0x000002068964b080 DEOPT UNPACKING pc=0x0000020696044242 sp=0x0000000b119f76b0 mode 0
Event: 3.655 Thread 0x000002068964b080 DEOPT PACKING pc=0x000002068eb5ec0d sp=0x0000000b119f81c0
Event: 3.655 Thread 0x000002068964b080 DEOPT UNPACKING pc=0x0000020696044242 sp=0x0000000b119f7670 mode 0
Event: 3.689 Thread 0x000002068964b080 DEOPT PACKING pc=0x000002068eb5ec0d sp=0x0000000b119f4460
Event: 3.689 Thread 0x000002068964b080 DEOPT UNPACKING pc=0x0000020696044242 sp=0x0000000b119f3910 mode 0
Event: 3.774 Thread 0x000002068964b080 Uncommon trap: trap_request=0xffffff45 fr.pc=0x00000206965db904 relative=0x0000000000000504
Event: 3.774 Thread 0x000002068964b080 Uncommon trap: reason=unstable_if action=reinterpret pc=0x00000206965db904 method=java.util.HashMap$HashIterator.<init>(Ljava/util/HashMap;)V @ 45 c2
Event: 3.774 Thread 0x000002068964b080 DEOPT PACKING pc=0x00000206965db904 sp=0x0000000b119feac0
Event: 3.774 Thread 0x000002068964b080 DEOPT UNPACKING pc=0x0000020696043aa2 sp=0x0000000b119fe930 mode 2
Event: 3.840 Thread 0x000002068964b080 Uncommon trap: trap_request=0xffffffc6 fr.pc=0x00000206965c9c04 relative=0x00000000000002c4
Event: 3.840 Thread 0x000002068964b080 Uncommon trap: reason=bimorphic_or_optimized_type_check action=maybe_recompile pc=0x00000206965c9c04 method=java.util.Collections$UnmodifiableCollection$1.next()Ljava/lang/Object; @ 4 c2
Event: 3.840 Thread 0x000002068964b080 DEOPT PACKING pc=0x00000206965c9c04 sp=0x0000000b119fe5e0
Event: 3.840 Thread 0x000002068964b080 DEOPT UNPACKING pc=0x0000020696043aa2 sp=0x0000000b119fe590 mode 2
Event: 3.840 Thread 0x000002068964b080 Uncommon trap: trap_request=0xffffffc6 fr.pc=0x00000206965c9c04 relative=0x00000000000002c4
Event: 3.840 Thread 0x000002068964b080 Uncommon trap: reason=bimorphic_or_optimized_type_check action=maybe_recompile pc=0x00000206965c9c04 method=java.util.Collections$UnmodifiableCollection$1.next()Ljava/lang/Object; @ 4 c2
Event: 3.840 Thread 0x000002068964b080 DEOPT PACKING pc=0x00000206965c9c04 sp=0x0000000b119fe5e0
Event: 3.840 Thread 0x000002068964b080 DEOPT UNPACKING pc=0x0000020696043aa2 sp=0x0000000b119fe590 mode 2

Classes loaded (20 events):
Event: 3.849 Loading class java/util/concurrent/ConcurrentLinkedQueue$Node
Event: 3.849 Loading class java/util/concurrent/ConcurrentLinkedQueue$Node done
Event: 3.851 Loading class java/util/concurrent/FutureTask
Event: 3.851 Loading class java/util/concurrent/RunnableFuture
Event: 3.852 Loading class java/util/concurrent/RunnableFuture done
Event: 3.852 Loading class java/util/concurrent/FutureTask done
Event: 3.852 Loading class java/util/concurrent/FutureTask$WaitNode
Event: 3.852 Loading class java/util/concurrent/FutureTask$WaitNode done
Event: 3.853 Loading class java/util/concurrent/Executors
Event: 3.854 Loading class java/util/concurrent/Executors done
Event: 3.854 Loading class java/util/concurrent/Executors$RunnableAdapter
Event: 3.854 Loading class java/util/concurrent/Executors$RunnableAdapter done
Event: 3.855 Loading class java/util/concurrent/ThreadPoolExecutor$CallerRunsPolicy
Event: 3.856 Loading class java/util/concurrent/ThreadPoolExecutor$CallerRunsPolicy done
Event: 3.856 Loading class java/util/concurrent/ThreadPoolExecutor
Event: 3.857 Loading class java/util/concurrent/ThreadPoolExecutor done
Event: 3.857 Loading class java/util/concurrent/ThreadPoolExecutor$AbortPolicy
Event: 3.858 Loading class java/util/concurrent/ThreadPoolExecutor$AbortPolicy done
Event: 3.860 Loading class java/util/concurrent/ThreadPoolExecutor$Worker
Event: 3.861 Loading class java/util/concurrent/ThreadPoolExecutor$Worker done

Classes unloaded (0 events):
No events

Classes redefined (0 events):
No events

Internal exceptions (20 events):
Event: 2.418 Thread 0x000002068964b080 Implicit null exception at 0x00000206965c2da0 to 0x00000206965c335c
Event: 2.424 Thread 0x000002068964b080 Exception <a 'java/io/FileNotFoundException'{0x00000000d64fd698}> (0x00000000d64fd698) 
thrown [s\src\hotspot\share\prims\jni.cpp, line 520]
Event: 2.450 Thread 0x000002068964b080 Exception <a 'java/lang/NoSuchMethodError'{0x00000000d6535c18}: 'java.lang.Object java.lang.invoke.DirectMethodHandle$Holder.invokeInterface(java.lang.Object, java.lang.Object)'> (0x00000000d6535c18) 
thrown [s\src\hotspot\share\interpreter\linkResolver.cpp, line 773]
Event: 2.456 Thread 0x000002068964b080 Exception <a 'java/lang/NoSuchMethodError'{0x00000000d6549478}: 'java.lang.Object java.lang.invoke.Invokers$Holder.invokeExact_MT(java.lang.Object, java.lang.Object, java.lang.Object, java.lang.Object, java.lang.Object, java.lang.Object)'> (0x00000000d6549478) 
thrown [s\src\hotspot\share\interpreter\linkResolver.cpp, line 773]
Event: 2.462 Thread 0x000002068964b080 Exception <a 'java/lang/NoSuchMethodError'{0x00000000d65606d0}: 'int java.lang.invoke.DirectMethodHandle$Holder.invokeStatic(java.lang.Object, java.lang.Object, java.lang.Object, java.lang.Object, java.lang.Object)'> (0x00000000d65606d0) 
thrown [s\src\hotspot\share\interpreter\linkResolver.cpp, line 773]
Event: 2.640 Thread 0x000002068964b080 Exception <a 'java/lang/NoSuchMethodError'{0x00000000d65f4468}: 'java.lang.Object java.lang.invoke.DirectMethodHandle$Holder.invokeInterface(java.lang.Object, java.lang.Object, int)'> (0x00000000d65f4468) 
thrown [s\src\hotspot\share\interpreter\linkResolver.cpp, line 773]
Event: 2.749 Thread 0x000002068964b080 Exception <a 'sun/nio/fs/WindowsException'{0x00000000d663a058}> (0x00000000d663a058) 
thrown [s\src\hotspot\share\prims\jni.cpp, line 520]
Event: 2.750 Thread 0x000002068964b080 Exception <a 'sun/nio/fs/WindowsException'{0x00000000d663f408}> (0x00000000d663f408) 
thrown [s\src\hotspot\share\prims\jni.cpp, line 520]
Event: 3.023 Thread 0x000002068964b080 Exception <a 'java/lang/NoSuchMethodError'{0x00000000d6ab8848}: 'java.lang.ClassLoader java.lang.ClassLoader.getPlatformClassLoader(java.lang.Class)'> (0x00000000d6ab8848) 
thrown [s\src\hotspot\share\interpreter\linkResolver.cpp, line 773]
Event: 3.205 Thread 0x000002068964b080 Exception <a 'java/lang/ClassNotFoundException'{0x00000000d55d2518}: sun/net/www/protocol/c/Handler> (0x00000000d55d2518) 
thrown [s\src\hotspot\share\classfile\systemDictionary.cpp, line 312]
Event: 3.208 Thread 0x000002068964b080 Exception <a 'java/lang/ClassNotFoundException'{0x00000000d55d3888}: sun/net/www/protocol/c/Handler> (0x00000000d55d3888) 
thrown [s\src\hotspot\share\classfile\systemDictionary.cpp, line 312]
Event: 3.208 Thread 0x000002068964b080 Exception <a 'java/lang/ClassNotFoundException'{0x00000000d55d4a20}: sun/net/www/protocol/c/Handler> (0x00000000d55d4a20) 
thrown [s\src\hotspot\share\classfile\systemDictionary.cpp, line 312]
Event: 3.223 Thread 0x000002068964b080 Exception <a 'java/io/FileNotFoundException'{0x00000000d55f9710}> (0x00000000d55f9710) 
thrown [s\src\hotspot\share\prims\jni.cpp, line 520]
Event: 3.308 Thread 0x000002068964b080 Implicit null exception at 0x00000206965ee829 to 0x00000206965ef0f0
Event: 3.308 Thread 0x000002068964b080 Implicit null exception at 0x0000020696603620 to 0x000002069660384c
Event: 3.309 Thread 0x000002068964b080 Exception <a 'java/lang/NoSuchMethodError'{0x00000000d57e58d8}: 'void java.lang.invoke.DirectMethodHandle$Holder.invokeStatic(java.lang.Object, java.lang.Object, java.lang.Object, java.lang.Object)'> (0x00000000d57e58d8) 
thrown [s\src\hotspot\share\interpreter\linkResolver.cpp, line 773]
Event: 3.310 Thread 0x000002068964b080 Implicit null exception at 0x00000206965f44a0 to 0x00000206965f46c0
Event: 3.310 Thread 0x000002068964b080 Implicit null exception at 0x00000206965f2940 to 0x00000206965f29c5
Event: 3.517 Thread 0x000002068964b080 Exception <a 'java/lang/NoSuchMethodError'{0x00000000d5be6e50}: 'int java.lang.invoke.DirectMethodHandle$Holder.invokeVirtual(java.lang.Object, java.lang.Object)'> (0x00000000d5be6e50) 
thrown [s\src\hotspot\share\interpreter\linkResolver.cpp, line 773]
Event: 3.670 Thread 0x000002068964b080 Exception <a 'java/lang/OutOfMemoryError'{0x00000000d5f896f8}: (class: org/lombokweb/asm/MethodWriter, method: computeMaxStackAndLocal signature: ()V) > (0x00000000d5f896f8) 
thrown [s\src\hotspot\share\classfile\verifier.cpp, line 344]

ZGC Phase Switch (0 events):
No events

VM Operations (12 events):
Event: 0.743 Executing VM operation: HandshakeAllThreads (Deoptimize)
Event: 0.743 Executing VM operation: HandshakeAllThreads (Deoptimize) done
Event: 1.002 Executing VM operation: HandshakeAllThreads (Deoptimize)
Event: 1.002 Executing VM operation: HandshakeAllThreads (Deoptimize) done
Event: 2.009 Executing VM operation: Cleanup
Event: 2.009 Executing VM operation: Cleanup done
Event: 2.168 Executing VM operation: HandshakeAllThreads (Deoptimize)
Event: 2.168 Executing VM operation: HandshakeAllThreads (Deoptimize) done
Event: 2.199 Executing VM operation: HandshakeAllThreads (Deoptimize)
Event: 2.199 Executing VM operation: HandshakeAllThreads (Deoptimize) done
Event: 3.153 Executing VM operation: ParallelGCFailedAllocation (Allocation Failure)
Event: 3.183 Executing VM operation: ParallelGCFailedAllocation (Allocation Failure) done

Memory protections (0 events):
No events

Nmethod flushes (0 events):
No events

Events (12 events):
Event: 0.522 Thread 0x000002068964b080 Thread added: 0x000002068964b080
Event: 0.634 Thread 0x000002068964b080 Thread added: 0x000002068b98d3a0
Event: 0.634 Thread 0x000002068964b080 Thread added: 0x00000206a2333fd0
Event: 0.635 Thread 0x000002068964b080 Thread added: 0x00000206a23377b0
Event: 0.635 Thread 0x000002068964b080 Thread added: 0x00000206a233a530
Event: 0.636 Thread 0x000002068964b080 Thread added: 0x00000206a233d250
Event: 0.636 Thread 0x000002068964b080 Thread added: 0x00000206a233ecb0
Event: 0.637 Thread 0x000002068964b080 Thread added: 0x00000206a233fa30
Event: 0.645 Thread 0x000002068964b080 Thread added: 0x00000206a2368e30
Event: 0.723 Thread 0x000002068964b080 Thread added: 0x000002068b93f810
Event: 1.435 Thread 0x000002068964b080 Thread added: 0x00000206e9430420
Event: 3.861 Thread 0x000002068964b080 Thread added: 0x00000206e97e08c0


Dynamic libraries:
0x00007ff7b13f0000 - 0x00007ff7b13fe000 	c:\Users\KXDV6659\.vscode\extensions\redhat.java-1.43.1-win32-x64\jre\21.0.7-win32-x86_64\bin\java.exe
0x00007ff998370000 - 0x00007ff998587000 	C:\WINDOWS\SYSTEM32\ntdll.dll
0x00007ff996740000 - 0x00007ff996804000 	C:\WINDOWS\System32\KERNEL32.DLL
0x00007ff995bf0000 - 0x00007ff995fc3000 	C:\WINDOWS\System32\KERNELBASE.dll
0x00007ff995870000 - 0x00007ff995981000 	C:\WINDOWS\System32\ucrtbase.dll
0x00007ff98acf0000 - 0x00007ff98ad0e000 	c:\Users\KXDV6659\.vscode\extensions\redhat.java-1.43.1-win32-x64\jre\21.0.7-win32-x86_64\bin\VCRUNTIME140.dll
0x00007ff98c380000 - 0x00007ff98c398000 	c:\Users\KXDV6659\.vscode\extensions\redhat.java-1.43.1-win32-x64\jre\21.0.7-win32-x86_64\bin\jli.dll
0x00007ff996880000 - 0x00007ff996a31000 	C:\WINDOWS\System32\USER32.dll
0x00007ff97b830000 - 0x00007ff97bacb000 	C:\WINDOWS\WinSxS\amd64_microsoft.windows.common-controls_6595b64144ccf1df_6.0.22621.5262_none_2712bde373830908\COMCTL32.dll
0x00007ff995fd0000 - 0x00007ff995ff6000 	C:\WINDOWS\System32\win32u.dll
0x00007ff9964c0000 - 0x00007ff996567000 	C:\WINDOWS\System32\msvcrt.dll
0x00007ff996570000 - 0x00007ff996599000 	C:\WINDOWS\System32\GDI32.dll
0x00007ff9954e0000 - 0x00007ff995602000 	C:\WINDOWS\System32\gdi32full.dll
0x00007ff995ad0000 - 0x00007ff995b6a000 	C:\WINDOWS\System32\msvcp_win.dll
0x00007ff996a40000 - 0x00007ff996a71000 	C:\WINDOWS\System32\IMM32.DLL
0x00007ff98cc90000 - 0x00007ff98cc9c000 	c:\Users\KXDV6659\.vscode\extensions\redhat.java-1.43.1-win32-x64\jre\21.0.7-win32-x86_64\bin\vcruntime140_1.dll
0x00007ff9595f0000 - 0x00007ff95967d000 	c:\Users\KXDV6659\.vscode\extensions\redhat.java-1.43.1-win32-x64\jre\21.0.7-win32-x86_64\bin\msvcp140.dll
0x00007ff90c050000 - 0x00007ff90cde0000 	c:\Users\KXDV6659\.vscode\extensions\redhat.java-1.43.1-win32-x64\jre\21.0.7-win32-x86_64\bin\server\jvm.dll
0x00007ff997320000 - 0x00007ff9973d1000 	C:\WINDOWS\System32\ADVAPI32.dll
0x00007ff997980000 - 0x00007ff997a27000 	C:\WINDOWS\System32\sechost.dll
0x00007ff995840000 - 0x00007ff995868000 	C:\WINDOWS\System32\bcrypt.dll
0x00007ff9973e0000 - 0x00007ff9974f4000 	C:\WINDOWS\System32\RPCRT4.dll
0x00007ff9982b0000 - 0x00007ff998321000 	C:\WINDOWS\System32\WS2_32.dll
0x00007ff995330000 - 0x00007ff99537d000 	C:\WINDOWS\SYSTEM32\POWRPROF.dll
0x00007ff98b770000 - 0x00007ff98b77a000 	C:\WINDOWS\SYSTEM32\VERSION.dll
0x00007ff98d0b0000 - 0x00007ff98d0e4000 	C:\WINDOWS\SYSTEM32\WINMM.dll
0x00007ff995310000 - 0x00007ff995323000 	C:\WINDOWS\SYSTEM32\UMPDC.dll
0x00007ff994380000 - 0x00007ff994398000 	C:\WINDOWS\SYSTEM32\kernel.appcore.dll
0x00007ff98c030000 - 0x00007ff98c03a000 	c:\Users\KXDV6659\.vscode\extensions\redhat.java-1.43.1-win32-x64\jre\21.0.7-win32-x86_64\bin\jimage.dll
0x00007ff992b00000 - 0x00007ff992d32000 	C:\WINDOWS\SYSTEM32\DBGHELP.DLL
0x00007ff997b90000 - 0x00007ff997f23000 	C:\WINDOWS\System32\combase.dll
0x00007ff996660000 - 0x00007ff996737000 	C:\WINDOWS\System32\OLEAUT32.dll
0x00007ff970840000 - 0x00007ff970872000 	C:\WINDOWS\SYSTEM32\dbgcore.DLL
0x00007ff995b70000 - 0x00007ff995beb000 	C:\WINDOWS\System32\bcryptPrimitives.dll
0x00007ff98aca0000 - 0x00007ff98acaf000 	c:\Users\KXDV6659\.vscode\extensions\redhat.java-1.43.1-win32-x64\jre\21.0.7-win32-x86_64\bin\instrument.dll
0x00007ff96dfe0000 - 0x00007ff96dfff000 	c:\Users\KXDV6659\.vscode\extensions\redhat.java-1.43.1-win32-x64\jre\21.0.7-win32-x86_64\bin\java.dll
0x00007ff996a80000 - 0x00007ff99731d000 	C:\WINDOWS\System32\SHELL32.dll
0x00007ff995990000 - 0x00007ff995acf000 	C:\WINDOWS\System32\wintypes.dll
0x00007ff9931d0000 - 0x00007ff993aed000 	C:\WINDOWS\SYSTEM32\windows.storage.dll
0x00007ff996350000 - 0x00007ff99645b000 	C:\WINDOWS\System32\SHCORE.dll
0x00007ff996810000 - 0x00007ff996876000 	C:\WINDOWS\System32\shlwapi.dll
0x00007ff995390000 - 0x00007ff9953bb000 	C:\WINDOWS\SYSTEM32\profapi.dll
0x00007ff9662a0000 - 0x00007ff9662b8000 	c:\Users\KXDV6659\.vscode\extensions\redhat.java-1.43.1-win32-x64\jre\21.0.7-win32-x86_64\bin\zip.dll
0x00007ff98a490000 - 0x00007ff98a4a0000 	C:\Users\KXDV6659\.vscode\extensions\redhat.java-1.43.1-win32-x64\jre\21.0.7-win32-x86_64\bin\net.dll
0x00007ff9943a0000 - 0x00007ff9944cc000 	C:\WINDOWS\SYSTEM32\WINHTTP.dll
0x00007ff994920000 - 0x00007ff99498a000 	C:\WINDOWS\system32\mswsock.dll
0x00007ff963340000 - 0x00007ff963356000 	C:\Users\KXDV6659\.vscode\extensions\redhat.java-1.43.1-win32-x64\jre\21.0.7-win32-x86_64\bin\nio.dll
0x00007ff98a440000 - 0x00007ff98a450000 	c:\Users\KXDV6659\.vscode\extensions\redhat.java-1.43.1-win32-x64\jre\21.0.7-win32-x86_64\bin\verify.dll

dbghelp: loaded successfully - version: 4.0.5 - missing functions: none
symbol engine: initialized successfully - sym options: 0x614 - pdb path: .;c:\Users\KXDV6659\.vscode\extensions\redhat.java-1.43.1-win32-x64\jre\21.0.7-win32-x86_64\bin;C:\WINDOWS\SYSTEM32;C:\WINDOWS\WinSxS\amd64_microsoft.windows.common-controls_6595b64144ccf1df_6.0.22621.5262_none_2712bde373830908;c:\Users\KXDV6659\.vscode\extensions\redhat.java-1.43.1-win32-x64\jre\21.0.7-win32-x86_64\bin\server

VM Arguments:
jvm_args: --add-modules=ALL-SYSTEM --add-opens=java.base/java.util=ALL-UNNAMED --add-opens=java.base/java.lang=ALL-UNNAMED --add-opens=java.base/sun.nio.fs=ALL-UNNAMED -Declipse.application=org.eclipse.jdt.ls.core.id1 -Dosgi.bundles.defaultStartLevel=4 -Declipse.product=org.eclipse.jdt.ls.core.product -Djava.import.generatesMetadataFilesAtProjectRoot=false -DDetectVMInstallationsJob.disabled=true -Dfile.encoding=utf8 -XX:+UseParallelGC -XX:GCTimeRatio=4 -XX:AdaptiveSizePolicyWeight=90 -Dsun.zip.disableMemoryMapping=true -Xmx2G -Xms100m -Xlog:disable -javaagent:c:\Users\KXDV6659\.vscode\extensions\redhat.java-1.43.1-win32-x64\lombok\lombok-1.18.39-4050.jar 
java_command: c:\Users\KXDV6659\.vscode\extensions\redhat.java-1.43.1-win32-x64\server\plugins\org.eclipse.equinox.launcher_1.7.0.v20250519-0528.jar -configuration c:\Users\KXDV6659\AppData\Roaming\Code\User\globalStorage\redhat.java\1.43.1\config_ss_win -data c:\Users\KXDV6659\AppData\Roaming\Code\User\workspaceStorage\09d1fbf1bfac8b708df791d1d1490cda\redhat.java\ss_ws --pipe=\\.\pipe\lsp-51004205f627ed36e84cd3f9d2dd67f5-sock
java_class_path (initial): c:\Users\KXDV6659\.vscode\extensions\redhat.java-1.43.1-win32-x64\server\plugins\org.eclipse.equinox.launcher_1.7.0.v20250519-0528.jar
Launcher Type: SUN_STANDARD

[Global flags]
    uintx AdaptiveSizePolicyWeight                 = 90                                        {product} {command line}
     intx CICompilerCount                          = 4                                         {product} {ergonomic}
    uintx GCTimeRatio                              = 4                                         {product} {command line}
   size_t InitialHeapSize                          = 104857600                                 {product} {command line}
   size_t MaxHeapSize                              = 2147483648                                {product} {command line}
   size_t MaxNewSize                               = 715653120                                 {product} {ergonomic}
   size_t MinHeapDeltaBytes                        = 524288                                    {product} {ergonomic}
   size_t MinHeapSize                              = 104857600                                 {product} {command line}
   size_t NewSize                                  = 34603008                                  {product} {ergonomic}
    uintx NonNMethodCodeHeapSize                   = 5839372                                {pd product} {ergonomic}
    uintx NonProfiledCodeHeapSize                  = 122909434                              {pd product} {ergonomic}
   size_t OldSize                                  = 70254592                                  {product} {ergonomic}
    uintx ProfiledCodeHeapSize                     = 122909434                              {pd product} {ergonomic}
    uintx ReservedCodeCacheSize                    = 251658240                              {pd product} {ergonomic}
     bool SegmentedCodeCache                       = true                                      {product} {ergonomic}
   size_t SoftMaxHeapSize                          = 2147483648                             {manageable} {ergonomic}
     bool UseCompressedOops                        = true                           {product lp64_product} {ergonomic}
     bool UseLargePagesIndividualAllocation        = false                                  {pd product} {ergonomic}
     bool UseParallelGC                            = true                                      {product} {command line}

Logging:
Log output configuration:
 #0: stdout all=off uptime,level,tags foldmultilines=false
 #1: stderr all=off uptime,level,tags foldmultilines=false

Environment Variables:
JAVA_HOME=C:\Program Files\Eclipse Adoptium\jdk-21.0.7.6-hotspot
PATH=C:\Program Files\Eclipse Adoptium\jdk-21.0.7.6-hotspot\bin;C:\WINDOWS\system32;C:\WINDOWS;C:\WINDOWS\System32\Wbem;C:\WINDOWS\System32\WindowsPowerShell\v1.0\;C:\WINDOWS\System32\OpenSSH\;C:\Program Files (x86)\Pulse Secure\VC142.CRT\X64\;C:\Program Files (x86)\Pulse Secure\VC142.CRT\X86\;C:\Program Files (x86)\Common Files\Pulse Secure\TNC Client Plugin\;C:\Program Files\SafeNet\Authentication\SAC\x64;C:\Program Files\SafeNet\Authentication\SAC\x32;C:\Program Files (x86)\Sennheiser\SenncomSDK\;C:\Program Files\apache-maven-3.9.0\bin;C:\Program Files\Java\jdk-17\bin;C:\Program Files\Eclipse Adoptium\jdk-21.0.7.6-hotspot\bin;C:\Users\KXDV6659\spark\bin;C:\Users\KXDV6659\hadoop\bin;C:\Program Files\OpenSSL-Win64\bin;C:\Users\KXDV6659\AppData\Local\nvm;C:\nvm4w\nodejs;C:\ProgramData\chocolatey\bin;;C:\Users\KXDV6659\OneDrive - orange.com\Bureau\sqlite3;C:\Users\KXDV6659\OneDrive - orange.com\Bureau\flutter\flutter\bin;C:\Program Files\MySQL\MySQL Server 8.4\bin;C:\Users\KXDV6659\AppData\Local\Programs\Python\Python35-32\Scripts\;C:\Users\KXDV6659\AppData\Local\Programs\Python\Python35-32\;C:\Users\KXDV6659\AppData\Local\Programs\Python\Python311\Scripts\;C:\Users\KXDV6659\AppData\Local\Programs\Python\Python311\;C:\Users\KXDV6659\AppData\Local\Programs\Python\Launcher\;C:\Users\KXDV6659\AppData\Local\Microsoft\WindowsApps;C:\Users\KXDV6659\AppData\Local\Programs\Microsoft VS Code\bin;C:\Users\KXDV6659\spark\bin;C:\Users\KXDV6659\hadoop\bin;C:\Users\KXDV6659\AppData\Local\Programs\Git\cmd;C:\Users\KXDV6659\AppData\Local\nvm;C:\nvm4w\nodejs;C:\Users\KXDV6659\AppData\Roaming\npm
USERNAME=KXDV6659
OS=Windows_NT
PROCESSOR_IDENTIFIER=Intel64 Family 6 Model 142 Stepping 12, GenuineIntel
TMP=C:\Users\KXDV6659\AppData\Local\Temp
TEMP=C:\Users\KXDV6659\AppData\Local\Temp




Periodic native trim disabled

---------------  S Y S T E M  ---------------

OS:
 Windows 11 , 64 bit Build 22621 (10.0.22621.5262)
OS uptime: 0 days 0:39 hours
Hyper-V role detected

CPU: total 8 (initial active 8) (4 cores per cpu, 2 threads per core) family 6 model 142 stepping 12 microcode 0xf4, cx8, cmov, fxsr, ht, mmx, 3dnowpref, sse, sse2, sse3, ssse3, sse4.1, sse4.2, popcnt, lzcnt, tsc, tscinvbit, avx, avx2, aes, erms, clmul, bmi1, bmi2, adx, fma, vzeroupper, clflush, clflushopt, hv, rdtscp, f16c
Processor Information for the first 8 processors :
  Max Mhz: 1896, Current Mhz: 1596, Mhz Limit: 1592

Memory: 4k page, system-wide physical 7998M (11M free)
TotalPageFile size 12094M (AvailPageFile size 3M)
current process WorkingSet (physical memory assigned to process): 83M, peak: 83M
current process commit charge ("private bytes"): 237M, peak: 238M

vm_info: OpenJDK 64-Bit Server VM (21.0.7+6-LTS) for windows-amd64 JRE (21.0.7+6-LTS), built on 2025-04-15T00:00:00Z by "admin" with MS VC++ 17.7 (VS2022)

END.
