#
# There is insufficient memory for the Java Runtime Environment to continue.
# Native memory allocation (malloc) failed to allocate 871776 bytes. Error detail: Chunk::new
# Possible reasons:
#   The system is out of physical RAM or swap space
#   This process is running with CompressedOops enabled, and the Java Heap may be blocking the growth of the native heap
# Possible solutions:
#   Reduce memory load on the system
#   Increase physical memory or swap space
#   Check if swap backing store is full
#   Decrease Java heap size (-Xmx/-Xms)
#   Decrease number of Java threads
#   Decrease Java thread stack sizes (-Xss)
#   Set larger code cache with -XX:ReservedCodeCacheSize=
#   JVM is running with Unscaled Compressed Oops mode in which the Java heap is
#     placed in the first 4GB address space. The Java Heap base address is the
#     maximum limit for the native heap growth. Please use -XX:HeapBaseMinAddress
#     to set the Java Heap base and to place the Java Heap above 4GB virtual address.
# This output file may be truncated or incomplete.
#
#  Out of Memory Error (arena.cpp:168), pid=19656, tid=20080
#
# JRE version: OpenJDK Runtime Environment Temurin-21.0.7+6 (21.0.7+6) (build 21.0.7+6-LTS)
# Java VM: OpenJDK 64-Bit Server VM Temurin-21.0.7+6 (21.0.7+6-LTS, mixed mode, sharing, tiered, compressed oops, compressed class ptrs, parallel gc, windows-amd64)
# No core dump will be written. Minidumps are not enabled by default on client versions of Windows
#

---------------  S U M M A R Y ------------

Command Line: --add-modules=ALL-SYSTEM --add-opens=java.base/java.util=ALL-UNNAMED --add-opens=java.base/java.lang=ALL-UNNAMED --add-opens=java.base/sun.nio.fs=ALL-UNNAMED -Declipse.application=org.eclipse.jdt.ls.core.id1 -Dosgi.bundles.defaultStartLevel=4 -Declipse.product=org.eclipse.jdt.ls.core.product -Djava.import.generatesMetadataFilesAtProjectRoot=false -DDetectVMInstallationsJob.disabled=true -Dfile.encoding=utf8 -XX:+UseParallelGC -XX:GCTimeRatio=4 -XX:AdaptiveSizePolicyWeight=90 -Dsun.zip.disableMemoryMapping=true -Xmx1G -Xms100m -Xlog:disable -javaagent:c:\Users\KXDV6659\.vscode\extensions\redhat.java-1.42.0-win32-x64\lombok\lombok-1.18.36.jar -XX:+HeapDumpOnOutOfMemoryError -XX:HeapDumpPath=c:\Users\KXDV6659\AppData\Roaming\Code\User\workspaceStorage\09d1fbf1bfac8b708df791d1d1490cda\redhat.java -Daether.dependencyCollector.impl=bf c:\Users\KXDV6659\.vscode\extensions\redhat.java-1.42.0-win32-x64\server\plugins\org.eclipse.equinox.launcher_1.7.0.v20250424-1814.jar -configuration c:\Users\KXDV6659\AppData\Roaming\Code\User\globalStorage\redhat.java\1.42.0\config_win -data c:\Users\KXDV6659\AppData\Roaming\Code\User\workspaceStorage\09d1fbf1bfac8b708df791d1d1490cda\redhat.java\jdt_ws --pipe=\\.\pipe\lsp-852ceb1f987b305406371c2c55f9b2a4-sock

Host: Intel(R) Core(TM) i5-8365U CPU @ 1.60GHz, 8 cores, 7G,  Windows 11 , 64 bit Build 22621 (10.0.22621.5262)
Time: Thu Jun 26 02:56:10 2025 Morocco Daylight Time elapsed time: 30.815478 seconds (0d 0h 0m 30s)

---------------  T H R E A D  ---------------

Current thread (0x0000021da63e5bf0):  JavaThread "C2 CompilerThread0" daemon [_thread_in_native, id=20080, stack(0x0000004f63200000,0x0000004f63300000) (1024K)]


Current CompileTask:
C2:30815 11575   !   4       org.eclipse.osgi.internal.loader.BundleLoader::findRequiredSource (283 bytes)

Stack: [0x0000004f63200000,0x0000004f63300000]
Native frames: (J=compiled Java code, j=interpreted, Vv=VM code, C=native code)
V  [jvm.dll+0x6ce119]
V  [jvm.dll+0x8a84a1]
V  [jvm.dll+0x8aa9ce]
V  [jvm.dll+0x8ab0b3]
V  [jvm.dll+0x27f8a6]
V  [jvm.dll+0xc507d]
V  [jvm.dll+0xc55b3]
V  [jvm.dll+0x2f2c6d]
V  [jvm.dll+0x5f6bca]
V  [jvm.dll+0x250cb2]
V  [jvm.dll+0x25106f]
V  [jvm.dll+0x249934]
V  [jvm.dll+0x246fc4]
V  [jvm.dll+0x1c760e]
V  [jvm.dll+0x25695a]
V  [jvm.dll+0x254efa]
V  [jvm.dll+0x3f03f6]
V  [jvm.dll+0x851f6b]
V  [jvm.dll+0x6cc7dd]
C  [ucrtbase.dll+0x29333]
C  [KERNEL32.DLL+0x1259d]
C  [ntdll.dll+0x5af58]


---------------  P R O C E S S  ---------------

Threads class SMR info:
_java_thread_list=0x0000021dedfe2460, length=63, elements={
0x0000021d92023260, 0x0000021da63d8400, 0x0000021d920dc0a0, 0x0000021da63d8fb0,
0x0000021da63d9d20, 0x0000021da63de170, 0x0000021da63dcdc0, 0x0000021da63e5bf0,
0x0000021da63fa080, 0x0000021da63dee90, 0x0000021da63e0240, 0x0000021da63df520,
0x0000021da63dd450, 0x0000021da63dfbb0, 0x0000021da63ddae0, 0x0000021dee588bf0,
0x0000021dee58b350, 0x0000021dee58e140, 0x0000021dee58ee60, 0x0000021dee587ed0,
0x0000021dee589910, 0x0000021dee58d420, 0x0000021dee589fa0, 0x0000021dee588560,
0x0000021dee58c700, 0x0000021dee589280, 0x0000021dee58a630, 0x0000021dee58dab0,
0x0000021dee58acc0, 0x0000021dee58cd90, 0x0000021dee58b9e0, 0x0000021df0648fc0,
0x0000021df0648930, 0x0000021df06461d0, 0x0000021df06433e0, 0x0000021df0649650,
0x0000021df0645b40, 0x0000021df06426c0, 0x0000021df0643a70, 0x0000021df06482a0,
0x0000021df0644e20, 0x0000021df0649ce0, 0x0000021df0646860, 0x0000021df0644100,
0x0000021df0644790, 0x0000021df06454b0, 0x0000021df0646ef0, 0x0000021df0642d50,
0x0000021df0647580, 0x0000021df0647c10, 0x0000021dee587840, 0x0000021df0570790,
0x0000021df0570e20, 0x0000021df0570100, 0x0000021df056e6c0, 0x0000021df056ed50,
0x0000021df056f3e0, 0x0000021df056fa70, 0x0000021defed8e50, 0x0000021defedb5b0,
0x0000021defed66f0, 0x0000021defed8130, 0x0000021defeda200
}

Java Threads: ( => current thread )
  0x0000021d92023260 JavaThread "main"                              [_thread_blocked, id=19596, stack(0x0000004f62800000,0x0000004f62900000) (1024K)]
  0x0000021da63d8400 JavaThread "Reference Handler"          daemon [_thread_blocked, id=19304, stack(0x0000004f62c00000,0x0000004f62d00000) (1024K)]
  0x0000021d920dc0a0 JavaThread "Finalizer"                  daemon [_thread_blocked, id=20096, stack(0x0000004f62d00000,0x0000004f62e00000) (1024K)]
  0x0000021da63d8fb0 JavaThread "Signal Dispatcher"          daemon [_thread_blocked, id=20168, stack(0x0000004f62e00000,0x0000004f62f00000) (1024K)]
  0x0000021da63d9d20 JavaThread "Attach Listener"            daemon [_thread_blocked, id=20112, stack(0x0000004f62f00000,0x0000004f63000000) (1024K)]
  0x0000021da63de170 JavaThread "Service Thread"             daemon [_thread_blocked, id=20088, stack(0x0000004f63000000,0x0000004f63100000) (1024K)]
  0x0000021da63dcdc0 JavaThread "Monitor Deflation Thread"   daemon [_thread_blocked, id=20084, stack(0x0000004f63100000,0x0000004f63200000) (1024K)]
=>0x0000021da63e5bf0 JavaThread "C2 CompilerThread0"         daemon [_thread_in_native, id=20080, stack(0x0000004f63200000,0x0000004f63300000) (1024K)]
  0x0000021da63fa080 JavaThread "C1 CompilerThread0"         daemon [_thread_blocked, id=20108, stack(0x0000004f63300000,0x0000004f63400000) (1024K)]
  0x0000021da63dee90 JavaThread "Common-Cleaner"             daemon [_thread_blocked, id=20124, stack(0x0000004f63400000,0x0000004f63500000) (1024K)]
  0x0000021da63e0240 JavaThread "Notification Thread"        daemon [_thread_blocked, id=20148, stack(0x0000004f63600000,0x0000004f63700000) (1024K)]
  0x0000021da63df520 JavaThread "Active Thread: Equinox Container: 9e967051-a9c0-42b5-8d15-6aaf4723525a"        [_thread_blocked, id=20348, stack(0x0000004f63e00000,0x0000004f63f00000) (1024K)]
  0x0000021da63dd450 JavaThread "Refresh Thread: Equinox Container: 9e967051-a9c0-42b5-8d15-6aaf4723525a" daemon [_thread_blocked, id=18448, stack(0x0000004f63500000,0x0000004f63600000) (1024K)]
  0x0000021da63dfbb0 JavaThread "Framework Event Dispatcher: Equinox Container: 9e967051-a9c0-42b5-8d15-6aaf4723525a" daemon [_thread_blocked, id=18440, stack(0x0000004f63f00000,0x0000004f64000000) (1024K)]
  0x0000021da63ddae0 JavaThread "Start Level: Equinox Container: 9e967051-a9c0-42b5-8d15-6aaf4723525a" daemon [_thread_blocked, id=18436, stack(0x0000004f64000000,0x0000004f64100000) (1024K)]
  0x0000021dee588bf0 JavaThread "Bundle File Closer"         daemon [_thread_blocked, id=19108, stack(0x0000004f64200000,0x0000004f64300000) (1024K)]
  0x0000021dee58b350 JavaThread "SCR Component Actor"        daemon [_thread_blocked, id=19124, stack(0x0000004f64300000,0x0000004f64400000) (1024K)]
  0x0000021dee58e140 JavaThread "Worker-JM"                         [_thread_blocked, id=20464, stack(0x0000004f64500000,0x0000004f64600000) (1024K)]
  0x0000021dee58ee60 JavaThread "JNA Cleaner"                daemon [_thread_blocked, id=20416, stack(0x0000004f64100000,0x0000004f64200000) (1024K)]
  0x0000021dee587ed0 JavaThread "Worker-0"                          [_thread_blocked, id=20456, stack(0x0000004f64600000,0x0000004f64700000) (1024K)]
  0x0000021dee589910 JavaThread "Worker-1: Initialize workspace"        [_thread_blocked, id=20408, stack(0x0000004f64700000,0x0000004f64800000) (1024K)]
  0x0000021dee58d420 JavaThread "Java indexing"              daemon [_thread_blocked, id=20424, stack(0x0000004f64900000,0x0000004f64a00000) (1024K)]
  0x0000021dee589fa0 JavaThread "Worker-2"                          [_thread_blocked, id=20436, stack(0x0000004f64a00000,0x0000004f64b00000) (1024K)]
  0x0000021dee588560 JavaThread "Worker-3: Java indexing... "        [_thread_blocked, id=3044, stack(0x0000004f64800000,0x0000004f64900000) (1024K)]
  0x0000021dee58c700 JavaThread "Worker-4"                          [_thread_blocked, id=20264, stack(0x0000004f64d00000,0x0000004f64e00000) (1024K)]
  0x0000021dee589280 JavaThread "Thread-2"                   daemon [_thread_in_native, id=19280, stack(0x0000004f64e00000,0x0000004f64f00000) (1024K)]
  0x0000021dee58a630 JavaThread "Thread-3"                   daemon [_thread_in_native, id=20392, stack(0x0000004f64f00000,0x0000004f65000000) (1024K)]
  0x0000021dee58dab0 JavaThread "Thread-4"                   daemon [_thread_in_native, id=20248, stack(0x0000004f65000000,0x0000004f65100000) (1024K)]
  0x0000021dee58acc0 JavaThread "Thread-5"                   daemon [_thread_in_native, id=20236, stack(0x0000004f65100000,0x0000004f65200000) (1024K)]
  0x0000021dee58cd90 JavaThread "Thread-6"                   daemon [_thread_in_native, id=20224, stack(0x0000004f65200000,0x0000004f65300000) (1024K)]
  0x0000021dee58b9e0 JavaThread "Thread-7"                   daemon [_thread_in_native, id=20284, stack(0x0000004f65300000,0x0000004f65400000) (1024K)]
  0x0000021df0648fc0 JavaThread "Thread-8"                   daemon [_thread_in_native, id=20292, stack(0x0000004f65400000,0x0000004f65500000) (1024K)]
  0x0000021df0648930 JavaThread "Thread-9"                   daemon [_thread_in_native, id=20332, stack(0x0000004f65500000,0x0000004f65600000) (1024K)]
  0x0000021df06461d0 JavaThread "Thread-10"                  daemon [_thread_in_native, id=20300, stack(0x0000004f65600000,0x0000004f65700000) (1024K)]
  0x0000021df06433e0 JavaThread "pool-2-thread-1"                   [_thread_blocked, id=20288, stack(0x0000004f65700000,0x0000004f65800000) (1024K)]
  0x0000021df0649650 JavaThread "WorkspaceEventsHandler"            [_thread_blocked, id=20340, stack(0x0000004f65800000,0x0000004f65900000) (1024K)]
  0x0000021df0645b40 JavaThread "pool-1-thread-1"                   [_thread_blocked, id=20296, stack(0x0000004f65900000,0x0000004f65a00000) (1024K)]
  0x0000021df06426c0 JavaThread "Worker-5"                          [_thread_blocked, id=20212, stack(0x0000004f65a00000,0x0000004f65b00000) (1024K)]
  0x0000021df0643a70 JavaThread "LocalFile Deleter"          daemon [_thread_blocked, id=19732, stack(0x0000004f64400000,0x0000004f64500000) (1024K)]
  0x0000021df06482a0 JavaThread "LocalFile Deleter"          daemon [_thread_blocked, id=2984, stack(0x0000004f65b00000,0x0000004f65c00000) (1024K)]
  0x0000021df0644e20 JavaThread "LocalFile Deleter"          daemon [_thread_blocked, id=19684, stack(0x0000004f65c00000,0x0000004f65d00000) (1024K)]
  0x0000021df0649ce0 JavaThread "LocalFile Deleter"          daemon [_thread_blocked, id=19088, stack(0x0000004f65d00000,0x0000004f65e00000) (1024K)]
  0x0000021df0646860 JavaThread "LocalFile Deleter"          daemon [_thread_blocked, id=8088, stack(0x0000004f65e00000,0x0000004f65f00000) (1024K)]
  0x0000021df0644100 JavaThread "LocalFile Deleter"          daemon [_thread_blocked, id=18920, stack(0x0000004f65f00000,0x0000004f66000000) (1024K)]
  0x0000021df0644790 JavaThread "LocalFile Deleter"          daemon [_thread_blocked, id=17504, stack(0x0000004f66000000,0x0000004f66100000) (1024K)]
  0x0000021df06454b0 JavaThread "LocalFile Deleter"          daemon [_thread_blocked, id=19316, stack(0x0000004f66100000,0x0000004f66200000) (1024K)]
  0x0000021df0646ef0 JavaThread "Compiler Source File Reader" daemon [_thread_blocked, id=18928, stack(0x0000004f66200000,0x0000004f66300000) (1024K)]
  0x0000021df0642d50 JavaThread "Compiler Source File Reader" daemon [_thread_blocked, id=18820, stack(0x0000004f66300000,0x0000004f66400000) (1024K)]
  0x0000021df0647580 JavaThread "Compiler Source File Reader" daemon [_thread_blocked, id=19092, stack(0x0000004f66400000,0x0000004f66500000) (1024K)]
  0x0000021df0647c10 JavaThread "Compiler Source File Reader" daemon [_thread_blocked, id=5412, stack(0x0000004f66500000,0x0000004f66600000) (1024K)]
  0x0000021dee587840 JavaThread "Compiler Source File Reader" daemon [_thread_blocked, id=14552, stack(0x0000004f66600000,0x0000004f66700000) (1024K)]
  0x0000021df0570790 JavaThread "Compiler Source File Reader" daemon [_thread_blocked, id=15452, stack(0x0000004f66700000,0x0000004f66800000) (1024K)]
  0x0000021df0570e20 JavaThread "Compiler Processing Task"   daemon [_thread_blocked, id=17860, stack(0x0000004f66800000,0x0000004f66900000) (1024K)]
  0x0000021df0570100 JavaThread "Compiler Class File Writer" daemon [_thread_blocked, id=19400, stack(0x0000004f66900000,0x0000004f66a00000) (1024K)]
  0x0000021df056e6c0 JavaThread "Compiler Class File Writer" daemon [_thread_blocked, id=19440, stack(0x0000004f66a00000,0x0000004f66b00000) (1024K)]
  0x0000021df056ed50 JavaThread "Compiler Class File Writer" daemon [_thread_blocked, id=9868, stack(0x0000004f66b00000,0x0000004f66c00000) (1024K)]
  0x0000021df056f3e0 JavaThread "Compiler Class File Writer" daemon [_thread_blocked, id=19260, stack(0x0000004f66c00000,0x0000004f66d00000) (1024K)]
  0x0000021df056fa70 JavaThread "Compiler Class File Writer" daemon [_thread_blocked, id=19396, stack(0x0000004f66d00000,0x0000004f66e00000) (1024K)]
  0x0000021defed8e50 JavaThread "Compiler Class File Writer" daemon [_thread_blocked, id=19444, stack(0x0000004f66e00000,0x0000004f66f00000) (1024K)]
  0x0000021defedb5b0 JavaThread "ForkJoinPool.commonPool-worker-1" daemon [_thread_blocked, id=16248, stack(0x0000004f66f00000,0x0000004f67000000) (1024K)]
  0x0000021defed66f0 JavaThread "ForkJoinPool.commonPool-worker-2" daemon [_thread_blocked, id=17080, stack(0x0000004f67000000,0x0000004f67100000) (1024K)]
  0x0000021defed8130 JavaThread "SCR Component Registry"     daemon [_thread_blocked, id=14852, stack(0x0000004f67100000,0x0000004f67200000) (1024K)]
  0x0000021defeda200 JavaThread "ForkJoinPool.commonPool-worker-3" daemon [_thread_blocked, id=16356, stack(0x0000004f67200000,0x0000004f67300000) (1024K)]
Total: 63

Other Threads:
  0x0000021d8fce1260 VMThread "VM Thread"                           [id=18140, stack(0x0000004f62b00000,0x0000004f62c00000) (1024K)]
  0x0000021da62eca00 WatcherThread "VM Periodic Task Thread"        [id=12852, stack(0x0000004f62a00000,0x0000004f62b00000) (1024K)]
  0x0000021d8fce2480 WorkerThread "GC Thread#0"                     [id=19540, stack(0x0000004f62900000,0x0000004f62a00000) (1024K)]
  0x0000021d8fce1600 WorkerThread "GC Thread#1"                     [id=19572, stack(0x0000004f63800000,0x0000004f63900000) (1024K)]
  0x0000021d8fce19a0 WorkerThread "GC Thread#2"                     [id=20184, stack(0x0000004f63900000,0x0000004f63a00000) (1024K)]
  0x0000021d8fce1d40 WorkerThread "GC Thread#3"                     [id=20176, stack(0x0000004f63a00000,0x0000004f63b00000) (1024K)]
  0x0000021dedcf3880 WorkerThread "GC Thread#4"                     [id=20164, stack(0x0000004f63b00000,0x0000004f63c00000) (1024K)]
  0x0000021dedcf5920 WorkerThread "GC Thread#5"                     [id=20160, stack(0x0000004f63c00000,0x0000004f63d00000) (1024K)]
  0x0000021dedcf5cc0 WorkerThread "GC Thread#6"                     [id=20156, stack(0x0000004f63d00000,0x0000004f63e00000) (1024K)]
  0x0000021dedcf6060 WorkerThread "GC Thread#7"                     [id=18452, stack(0x0000004f63700000,0x0000004f63800000) (1024K)]
Total: 10

Threads with active compile tasks:
C2 CompilerThread0  30898 11575   !   4       org.eclipse.osgi.internal.loader.BundleLoader::findRequiredSource (283 bytes)
Total: 1

VM state: at safepoint (normal execution)

VM Mutex/Monitor currently owned by a thread:  ([mutex/lock_event])
[0x00007ff886abe308] Threads_lock - owner thread: 0x0000021d8fce1260
[0x00007ff886abe408] Heap_lock - owner thread: 0x0000021dee58d420

Heap address: 0x00000000c0000000, size: 1024 MB, Compressed Oops mode: 32-bit

CDS archive(s) mapped at: [0x0000021da7000000-0x0000021da7ba0000-0x0000021da7ba0000), size 12189696, SharedBaseAddress: 0x0000021da7000000, ArchiveRelocationMode: 1.
Compressed class space mapped at: 0x0000021da8000000-0x0000021de8000000, reserved size: 1073741824
Narrow klass base: 0x0000021da7000000, Narrow klass shift: 0, Narrow klass range: 0x100000000

GC Precious Log:
 CardTable entry size: 512
 CPUs: 8 total, 8 available
 Memory: 7998M
 Large Page Support: Disabled
 NUMA Support: Disabled
 Compressed Oops: Enabled (32-bit)
 Alignments: Space 512K, Generation 512K, Heap 2M
 Heap Min Capacity: 100M
 Heap Initial Capacity: 100M
 Heap Max Capacity: 1G
 Pre-touch: Disabled
 Parallel Workers: 8

Heap:
 PSYoungGen      total 3584K, used 3072K [0x00000000eab00000, 0x00000000eaf80000, 0x0000000100000000)
  eden space 2560K, 100% used [0x00000000eab00000,0x00000000ead80000,0x00000000ead80000)
  from space 1024K, 50% used [0x00000000eae80000,0x00000000eaf00000,0x00000000eaf80000)
  to   space 1024K, 39% used [0x00000000ead80000,0x00000000eade55e8,0x00000000eae80000)
 ParOldGen       total 275968K, used 275782K [0x00000000c0000000, 0x00000000d0d80000, 0x00000000eab00000)
  object space 275968K, 99% used [0x00000000c0000000,0x00000000d0d51a48,0x00000000d0d80000)
 Metaspace       used 63891K, committed 65408K, reserved 1114112K
  class space    used 6614K, committed 7296K, reserved 1048576K

Card table byte_map: [0x0000021d919e0000,0x0000021d91bf0000] _byte_map_base: 0x0000021d913e0000

Marking Bits: (ParMarkBitMap*) 0x00007ff886ac31f0
 Begin Bits: [0x0000021da4210000, 0x0000021da5210000)
 End Bits:   [0x0000021da5210000, 0x0000021da6210000)

Polling page: 0x0000021d8ff10000

Metaspace:

Usage:
  Non-class:     55.93 MB used.
      Class:      6.46 MB used.
       Both:     62.39 MB used.

Virtual space:
  Non-class space:       64.00 MB reserved,      56.75 MB ( 89%) committed,  1 nodes.
      Class space:        1.00 GB reserved,       7.12 MB ( <1%) committed,  1 nodes.
             Both:        1.06 GB reserved,      63.88 MB (  6%) committed. 

Chunk freelists:
   Non-Class:  6.69 MB
       Class:  8.89 MB
        Both:  15.58 MB

MaxMetaspaceSize: unlimited
CompressedClassSpaceSize: 1.00 GB
Initial GC threshold: 21.00 MB
Current GC threshold: 99.00 MB
CDS: on
 - commit_granule_bytes: 65536.
 - commit_granule_words: 8192.
 - virtual_space_node_default_size: 8388608.
 - enlarge_chunks_in_place: 1.
 - use_allocation_guard: 0.


Internal statistics:

num_allocs_failed_limit: 19.
num_arena_births: 1222.
num_arena_deaths: 34.
num_vsnodes_births: 2.
num_vsnodes_deaths: 0.
num_space_committed: 1021.
num_space_uncommitted: 0.
num_chunks_returned_to_freelist: 63.
num_chunks_taken_from_freelist: 4326.
num_chunk_merges: 22.
num_chunk_splits: 2637.
num_chunks_enlarged: 1434.
num_inconsistent_stats: 0.

CodeHeap 'non-profiled nmethods': size=120000Kb used=5705Kb max_used=5705Kb free=114294Kb
 bounds [0x0000021d9cce0000, 0x0000021d9d280000, 0x0000021da4210000]
CodeHeap 'profiled nmethods': size=120000Kb used=22999Kb max_used=22999Kb free=97000Kb
 bounds [0x0000021d95210000, 0x0000021d96890000, 0x0000021d9c740000]
CodeHeap 'non-nmethods': size=5760Kb used=1435Kb max_used=1499Kb free=4324Kb
 bounds [0x0000021d9c740000, 0x0000021d9c9b0000, 0x0000021d9cce0000]
 total_blobs=11673 nmethods=10922 adapters=657
 compilation: enabled
              stopped_count=0, restarted_count=0
 full_count=0

Compilation events (20 events):
Event: 30.654 Thread 0x0000021da63fa080 11694       2       org.apache.maven.RepositoryUtils::toPolicy (28 bytes)
Event: 30.654 Thread 0x0000021da63fa080 nmethod 11694 0x0000021d96883b10 code [0x0000021d96883cc0, 0x0000021d96883e68]
Event: 30.655 Thread 0x0000021da63fa080 11695       2       org.eclipse.core.internal.resources.Resource::equals (66 bytes)
Event: 30.656 Thread 0x0000021da63fa080 nmethod 11695 0x0000021d96883f90 code [0x0000021d96884180, 0x0000021d968844d0]
Event: 30.677 Thread 0x0000021da63fa080 11696       2       org.apache.maven.artifact.DefaultArtifact::getBaseVersion (27 bytes)
Event: 30.677 Thread 0x0000021da63fa080 nmethod 11696 0x0000021d96884690 code [0x0000021d96884840, 0x0000021d968849a8]
Event: 30.677 Thread 0x0000021da63fa080 11697       1       org.apache.maven.artifact.DefaultArtifact::getScope (5 bytes)
Event: 30.677 Thread 0x0000021da63fa080 nmethod 11697 0x0000021d9d271a90 code [0x0000021d9d271c20, 0x0000021d9d271ce8]
Event: 30.695 Thread 0x0000021da63fa080 11698       2       org.eclipse.jdt.internal.compiler.classfmt.AnnotationInfo::readTargetValue (322 bytes)
Event: 30.696 Thread 0x0000021da63fa080 nmethod 11698 0x0000021d96884a90 code [0x0000021d96884cc0, 0x0000021d968853d0]
Event: 30.741 Thread 0x0000021da63fa080 11703       1       org.eclipse.jdt.internal.compiler.classfmt.ModuleInfo::uses (5 bytes)
Event: 30.742 Thread 0x0000021da63fa080 nmethod 11703 0x0000021d9d271d90 code [0x0000021d9d271f20, 0x0000021d9d271fe8]
Event: 30.742 Thread 0x0000021da63fa080 11704       1       org.eclipse.jdt.internal.compiler.classfmt.ModuleInfo::provides (5 bytes)
Event: 30.742 Thread 0x0000021da63fa080 nmethod 11704 0x0000021d9d272090 code [0x0000021d9d272220, 0x0000021d9d2722e8]
Event: 30.745 Thread 0x0000021da63fa080 11705       2       java.util.zip.ZipFile$Source::close (50 bytes)
Event: 30.746 Thread 0x0000021da63fa080 nmethod 11705 0x0000021d96885910 code [0x0000021d96885ac0, 0x0000021d96885c90]
Event: 30.794 Thread 0x0000021da63fa080 11707       3       java.util.jar.Attributes::get (11 bytes)
Event: 30.794 Thread 0x0000021da63fa080 nmethod 11707 0x0000021d96885d90 code [0x0000021d96885f40, 0x0000021d96886118]
Event: 30.799 Thread 0x0000021da63fa080 11708       1       org.eclipse.m2e.jdt.internal.ClasspathEntryDescriptor::getPath (5 bytes)
Event: 30.799 Thread 0x0000021da63fa080 nmethod 11708 0x0000021d9d272390 code [0x0000021d9d272520, 0x0000021d9d2725e8]

GC Heap History (20 events):
Event: 30.526 GC heap before
{Heap before GC invocations=282 (full 3):
 PSYoungGen      total 3584K, used 3234K [0x00000000eab00000, 0x00000000eaf80000, 0x0000000100000000)
  eden space 2560K, 99% used [0x00000000eab00000,0x00000000ead7e8b8,0x00000000ead80000)
  from space 1024K, 66% used [0x00000000eae80000,0x00000000eaf2a0c0,0x00000000eaf80000)
  to   space 1024K, 0% used [0x00000000ead80000,0x00000000ead80000,0x00000000eae80000)
 ParOldGen       total 271872K, used 271834K [0x00000000c0000000, 0x00000000d0980000, 0x00000000eab00000)
  object space 271872K, 99% used [0x00000000c0000000,0x00000000d09769a8,0x00000000d0980000)
 Metaspace       used 63174K, committed 64704K, reserved 1114112K
  class space    used 6538K, committed 7168K, reserved 1048576K
}
Event: 30.529 GC heap after
{Heap after GC invocations=282 (full 3):
 PSYoungGen      total 3584K, used 496K [0x00000000eab00000, 0x00000000eaf80000, 0x0000000100000000)
  eden space 2560K, 0% used [0x00000000eab00000,0x00000000eab00000,0x00000000ead80000)
  from space 1024K, 48% used [0x00000000ead80000,0x00000000eadfc010,0x00000000eae80000)
  to   space 1024K, 0% used [0x00000000eae80000,0x00000000eae80000,0x00000000eaf80000)
 ParOldGen       total 272384K, used 272253K [0x00000000c0000000, 0x00000000d0a00000, 0x00000000eab00000)
  object space 272384K, 99% used [0x00000000c0000000,0x00000000d09df798,0x00000000d0a00000)
 Metaspace       used 63174K, committed 64704K, reserved 1114112K
  class space    used 6538K, committed 7168K, reserved 1048576K
}
Event: 30.549 GC heap before
{Heap before GC invocations=283 (full 3):
 PSYoungGen      total 3584K, used 3009K [0x00000000eab00000, 0x00000000eaf80000, 0x0000000100000000)
  eden space 2560K, 98% used [0x00000000eab00000,0x00000000ead74568,0x00000000ead80000)
  from space 1024K, 48% used [0x00000000ead80000,0x00000000eadfc010,0x00000000eae80000)
  to   space 1024K, 0% used [0x00000000eae80000,0x00000000eae80000,0x00000000eaf80000)
 ParOldGen       total 272384K, used 272253K [0x00000000c0000000, 0x00000000d0a00000, 0x00000000eab00000)
  object space 272384K, 99% used [0x00000000c0000000,0x00000000d09df798,0x00000000d0a00000)
 Metaspace       used 63385K, committed 64896K, reserved 1114112K
  class space    used 6565K, committed 7232K, reserved 1048576K
}
Event: 30.559 GC heap after
{Heap after GC invocations=283 (full 3):
 PSYoungGen      total 3584K, used 562K [0x00000000eab00000, 0x00000000eaf80000, 0x0000000100000000)
  eden space 2560K, 0% used [0x00000000eab00000,0x00000000eab00000,0x00000000ead80000)
  from space 1024K, 54% used [0x00000000eae80000,0x00000000eaf0c9d8,0x00000000eaf80000)
  to   space 1024K, 0% used [0x00000000ead80000,0x00000000ead80000,0x00000000eae80000)
 ParOldGen       total 272896K, used 272594K [0x00000000c0000000, 0x00000000d0a80000, 0x00000000eab00000)
  object space 272896K, 99% used [0x00000000c0000000,0x00000000d0a34820,0x00000000d0a80000)
 Metaspace       used 63385K, committed 64896K, reserved 1114112K
  class space    used 6565K, committed 7232K, reserved 1048576K
}
Event: 30.617 GC heap before
{Heap before GC invocations=284 (full 3):
 PSYoungGen      total 3584K, used 3122K [0x00000000eab00000, 0x00000000eaf80000, 0x0000000100000000)
  eden space 2560K, 100% used [0x00000000eab00000,0x00000000ead80000,0x00000000ead80000)
  from space 1024K, 54% used [0x00000000eae80000,0x00000000eaf0c9d8,0x00000000eaf80000)
  to   space 1024K, 0% used [0x00000000ead80000,0x00000000ead80000,0x00000000eae80000)
 ParOldGen       total 272896K, used 272594K [0x00000000c0000000, 0x00000000d0a80000, 0x00000000eab00000)
  object space 272896K, 99% used [0x00000000c0000000,0x00000000d0a34820,0x00000000d0a80000)
 Metaspace       used 63674K, committed 65216K, reserved 1114112K
  class space    used 6591K, committed 7232K, reserved 1048576K
}
Event: 30.619 GC heap after
{Heap after GC invocations=284 (full 3):
 PSYoungGen      total 3584K, used 403K [0x00000000eab00000, 0x00000000eaf00000, 0x0000000100000000)
  eden space 2560K, 0% used [0x00000000eab00000,0x00000000eab00000,0x00000000ead80000)
  from space 1024K, 39% used [0x00000000ead80000,0x00000000eade4e08,0x00000000eae80000)
  to   space 512K, 0% used [0x00000000eae80000,0x00000000eae80000,0x00000000eaf00000)
 ParOldGen       total 273408K, used 272939K [0x00000000c0000000, 0x00000000d0b00000, 0x00000000eab00000)
  object space 273408K, 99% used [0x00000000c0000000,0x00000000d0a8acf8,0x00000000d0b00000)
 Metaspace       used 63674K, committed 65216K, reserved 1114112K
  class space    used 6591K, committed 7232K, reserved 1048576K
}
Event: 30.646 GC heap before
{Heap before GC invocations=285 (full 3):
 PSYoungGen      total 3584K, used 2963K [0x00000000eab00000, 0x00000000eaf00000, 0x0000000100000000)
  eden space 2560K, 100% used [0x00000000eab00000,0x00000000ead80000,0x00000000ead80000)
  from space 1024K, 39% used [0x00000000ead80000,0x00000000eade4e08,0x00000000eae80000)
  to   space 512K, 0% used [0x00000000eae80000,0x00000000eae80000,0x00000000eaf00000)
 ParOldGen       total 273408K, used 272939K [0x00000000c0000000, 0x00000000d0b00000, 0x00000000eab00000)
  object space 273408K, 99% used [0x00000000c0000000,0x00000000d0a8acf8,0x00000000d0b00000)
 Metaspace       used 63827K, committed 65408K, reserved 1114112K
  class space    used 6606K, committed 7296K, reserved 1048576K
}
Event: 30.648 GC heap after
{Heap after GC invocations=285 (full 3):
 PSYoungGen      total 3072K, used 496K [0x00000000eab00000, 0x00000000eaf80000, 0x0000000100000000)
  eden space 2560K, 0% used [0x00000000eab00000,0x00000000eab00000,0x00000000ead80000)
  from space 512K, 97% used [0x00000000eae80000,0x00000000eaefc328,0x00000000eaf00000)
  to   space 1024K, 0% used [0x00000000ead80000,0x00000000ead80000,0x00000000eae80000)
 ParOldGen       total 273408K, used 273173K [0x00000000c0000000, 0x00000000d0b00000, 0x00000000eab00000)
  object space 273408K, 99% used [0x00000000c0000000,0x00000000d0ac5710,0x00000000d0b00000)
 Metaspace       used 63827K, committed 65408K, reserved 1114112K
  class space    used 6606K, committed 7296K, reserved 1048576K
}
Event: 30.678 GC heap before
{Heap before GC invocations=286 (full 3):
 PSYoungGen      total 3072K, used 3056K [0x00000000eab00000, 0x00000000eaf80000, 0x0000000100000000)
  eden space 2560K, 100% used [0x00000000eab00000,0x00000000ead80000,0x00000000ead80000)
  from space 512K, 97% used [0x00000000eae80000,0x00000000eaefc328,0x00000000eaf00000)
  to   space 1024K, 0% used [0x00000000ead80000,0x00000000ead80000,0x00000000eae80000)
 ParOldGen       total 273408K, used 273173K [0x00000000c0000000, 0x00000000d0b00000, 0x00000000eab00000)
  object space 273408K, 99% used [0x00000000c0000000,0x00000000d0ac5710,0x00000000d0b00000)
 Metaspace       used 63872K, committed 65408K, reserved 1114112K
  class space    used 6611K, committed 7296K, reserved 1048576K
}
Event: 30.680 GC heap after
{Heap after GC invocations=286 (full 3):
 PSYoungGen      total 3584K, used 736K [0x00000000eab00000, 0x00000000eaf80000, 0x0000000100000000)
  eden space 2560K, 0% used [0x00000000eab00000,0x00000000eab00000,0x00000000ead80000)
  from space 1024K, 71% used [0x00000000ead80000,0x00000000eae38000,0x00000000eae80000)
  to   space 1024K, 0% used [0x00000000eae80000,0x00000000eae80000,0x00000000eaf80000)
 ParOldGen       total 273920K, used 273530K [0x00000000c0000000, 0x00000000d0b80000, 0x00000000eab00000)
  object space 273920K, 99% used [0x00000000c0000000,0x00000000d0b1e800,0x00000000d0b80000)
 Metaspace       used 63872K, committed 65408K, reserved 1114112K
  class space    used 6611K, committed 7296K, reserved 1048576K
}
Event: 30.699 GC heap before
{Heap before GC invocations=287 (full 3):
 PSYoungGen      total 3584K, used 3097K [0x00000000eab00000, 0x00000000eaf80000, 0x0000000100000000)
  eden space 2560K, 92% used [0x00000000eab00000,0x00000000ead4e648,0x00000000ead80000)
  from space 1024K, 71% used [0x00000000ead80000,0x00000000eae38000,0x00000000eae80000)
  to   space 1024K, 0% used [0x00000000eae80000,0x00000000eae80000,0x00000000eaf80000)
 ParOldGen       total 273920K, used 273530K [0x00000000c0000000, 0x00000000d0b80000, 0x00000000eab00000)
  object space 273920K, 99% used [0x00000000c0000000,0x00000000d0b1e800,0x00000000d0b80000)
 Metaspace       used 63886K, committed 65408K, reserved 1114112K
  class space    used 6613K, committed 7296K, reserved 1048576K
}
Event: 30.704 GC heap after
{Heap after GC invocations=287 (full 3):
 PSYoungGen      total 3584K, used 567K [0x00000000eab00000, 0x00000000eaf80000, 0x0000000100000000)
  eden space 2560K, 0% used [0x00000000eab00000,0x00000000eab00000,0x00000000ead80000)
  from space 1024K, 55% used [0x00000000eae80000,0x00000000eaf0de88,0x00000000eaf80000)
  to   space 1024K, 0% used [0x00000000ead80000,0x00000000ead80000,0x00000000eae80000)
 ParOldGen       total 274432K, used 274104K [0x00000000c0000000, 0x00000000d0c00000, 0x00000000eab00000)
  object space 274432K, 99% used [0x00000000c0000000,0x00000000d0bae3a0,0x00000000d0c00000)
 Metaspace       used 63886K, committed 65408K, reserved 1114112K
  class space    used 6613K, committed 7296K, reserved 1048576K
}
Event: 30.715 GC heap before
{Heap before GC invocations=288 (full 3):
 PSYoungGen      total 3584K, used 3127K [0x00000000eab00000, 0x00000000eaf80000, 0x0000000100000000)
  eden space 2560K, 100% used [0x00000000eab00000,0x00000000ead80000,0x00000000ead80000)
  from space 1024K, 55% used [0x00000000eae80000,0x00000000eaf0de88,0x00000000eaf80000)
  to   space 1024K, 0% used [0x00000000ead80000,0x00000000ead80000,0x00000000eae80000)
 ParOldGen       total 274432K, used 274104K [0x00000000c0000000, 0x00000000d0c00000, 0x00000000eab00000)
  object space 274432K, 99% used [0x00000000c0000000,0x00000000d0bae3a0,0x00000000d0c00000)
 Metaspace       used 63886K, committed 65408K, reserved 1114112K
  class space    used 6613K, committed 7296K, reserved 1048576K
}
Event: 30.717 GC heap after
{Heap after GC invocations=288 (full 3):
 PSYoungGen      total 3584K, used 380K [0x00000000eab00000, 0x00000000eaf00000, 0x0000000100000000)
  eden space 2560K, 0% used [0x00000000eab00000,0x00000000eab00000,0x00000000ead80000)
  from space 1024K, 37% used [0x00000000ead80000,0x00000000eaddf088,0x00000000eae80000)
  to   space 512K, 0% used [0x00000000eae80000,0x00000000eae80000,0x00000000eaf00000)
 ParOldGen       total 274944K, used 274570K [0x00000000c0000000, 0x00000000d0c80000, 0x00000000eab00000)
  object space 274944K, 99% used [0x00000000c0000000,0x00000000d0c22988,0x00000000d0c80000)
 Metaspace       used 63886K, committed 65408K, reserved 1114112K
  class space    used 6613K, committed 7296K, reserved 1048576K
}
Event: 30.734 GC heap before
{Heap before GC invocations=289 (full 3):
 PSYoungGen      total 3584K, used 2936K [0x00000000eab00000, 0x00000000eaf00000, 0x0000000100000000)
  eden space 2560K, 99% used [0x00000000eab00000,0x00000000ead7ef90,0x00000000ead80000)
  from space 1024K, 37% used [0x00000000ead80000,0x00000000eaddf088,0x00000000eae80000)
  to   space 512K, 0% used [0x00000000eae80000,0x00000000eae80000,0x00000000eaf00000)
 ParOldGen       total 274944K, used 274570K [0x00000000c0000000, 0x00000000d0c80000, 0x00000000eab00000)
  object space 274944K, 99% used [0x00000000c0000000,0x00000000d0c22988,0x00000000d0c80000)
 Metaspace       used 63886K, committed 65408K, reserved 1114112K
  class space    used 6613K, committed 7296K, reserved 1048576K
}
Event: 30.736 GC heap after
{Heap after GC invocations=289 (full 3):
 PSYoungGen      total 3072K, used 402K [0x00000000eab00000, 0x00000000eaf00000, 0x0000000100000000)
  eden space 2560K, 0% used [0x00000000eab00000,0x00000000eab00000,0x00000000ead80000)
  from space 512K, 78% used [0x00000000eae80000,0x00000000eaee4bd0,0x00000000eaf00000)
  to   space 512K, 0% used [0x00000000eae00000,0x00000000eae00000,0x00000000eae80000)
 ParOldGen       total 274944K, used 274793K [0x00000000c0000000, 0x00000000d0c80000, 0x00000000eab00000)
  object space 274944K, 99% used [0x00000000c0000000,0x00000000d0c5a690,0x00000000d0c80000)
 Metaspace       used 63886K, committed 65408K, reserved 1114112K
  class space    used 6613K, committed 7296K, reserved 1048576K
}
Event: 30.755 GC heap before
{Heap before GC invocations=290 (full 3):
 PSYoungGen      total 3072K, used 2962K [0x00000000eab00000, 0x00000000eaf00000, 0x0000000100000000)
  eden space 2560K, 100% used [0x00000000eab00000,0x00000000ead80000,0x00000000ead80000)
  from space 512K, 78% used [0x00000000eae80000,0x00000000eaee4bd0,0x00000000eaf00000)
  to   space 512K, 0% used [0x00000000eae00000,0x00000000eae00000,0x00000000eae80000)
 ParOldGen       total 274944K, used 274793K [0x00000000c0000000, 0x00000000d0c80000, 0x00000000eab00000)
  object space 274944K, 99% used [0x00000000c0000000,0x00000000d0c5a690,0x00000000d0c80000)
 Metaspace       used 63886K, committed 65408K, reserved 1114112K
  class space    used 6613K, committed 7296K, reserved 1048576K
}
Event: 30.765 GC heap after
{Heap after GC invocations=290 (full 3):
 PSYoungGen      total 3072K, used 508K [0x00000000eab00000, 0x00000000eaf80000, 0x0000000100000000)
  eden space 2560K, 0% used [0x00000000eab00000,0x00000000eab00000,0x00000000ead80000)
  from space 512K, 99% used [0x00000000eae00000,0x00000000eae7f148,0x00000000eae80000)
  to   space 1024K, 0% used [0x00000000eae80000,0x00000000eae80000,0x00000000eaf80000)
 ParOldGen       total 275456K, used 275087K [0x00000000c0000000, 0x00000000d0d00000, 0x00000000eab00000)
  object space 275456K, 99% used [0x00000000c0000000,0x00000000d0ca3f90,0x00000000d0d00000)
 Metaspace       used 63886K, committed 65408K, reserved 1114112K
  class space    used 6613K, committed 7296K, reserved 1048576K
}
Event: 30.786 GC heap before
{Heap before GC invocations=291 (full 3):
 PSYoungGen      total 3072K, used 3068K [0x00000000eab00000, 0x00000000eaf80000, 0x0000000100000000)
  eden space 2560K, 100% used [0x00000000eab00000,0x00000000ead80000,0x00000000ead80000)
  from space 512K, 99% used [0x00000000eae00000,0x00000000eae7f148,0x00000000eae80000)
  to   space 1024K, 0% used [0x00000000eae80000,0x00000000eae80000,0x00000000eaf80000)
 ParOldGen       total 275456K, used 275087K [0x00000000c0000000, 0x00000000d0d00000, 0x00000000eab00000)
  object space 275456K, 99% used [0x00000000c0000000,0x00000000d0ca3f90,0x00000000d0d00000)
 Metaspace       used 63886K, committed 65408K, reserved 1114112K
  class space    used 6613K, committed 7296K, reserved 1048576K
}
Event: 30.788 GC heap after
{Heap after GC invocations=291 (full 3):
 PSYoungGen      total 3584K, used 512K [0x00000000eab00000, 0x00000000eaf80000, 0x0000000100000000)
  eden space 2560K, 0% used [0x00000000eab00000,0x00000000eab00000,0x00000000ead80000)
  from space 1024K, 50% used [0x00000000eae80000,0x00000000eaf00000,0x00000000eaf80000)
  to   space 1024K, 0% used [0x00000000ead80000,0x00000000ead80000,0x00000000eae80000)
 ParOldGen       total 275456K, used 275446K [0x00000000c0000000, 0x00000000d0d00000, 0x00000000eab00000)
  object space 275456K, 99% used [0x00000000c0000000,0x00000000d0cfda68,0x00000000d0d00000)
 Metaspace       used 63886K, committed 65408K, reserved 1114112K
  class space    used 6613K, committed 7296K, reserved 1048576K
}

Dll operation events (10 events):
Event: 0.082 Loaded shared library c:\Users\KXDV6659\.vscode\extensions\redhat.java-1.42.0-win32-x64\jre\21.0.7-win32-x86_64\bin\java.dll
Event: 0.231 Loaded shared library c:\Users\KXDV6659\.vscode\extensions\redhat.java-1.42.0-win32-x64\jre\21.0.7-win32-x86_64\bin\zip.dll
Event: 0.266 Loaded shared library C:\Users\KXDV6659\.vscode\extensions\redhat.java-1.42.0-win32-x64\jre\21.0.7-win32-x86_64\bin\instrument.dll
Event: 0.274 Loaded shared library C:\Users\KXDV6659\.vscode\extensions\redhat.java-1.42.0-win32-x64\jre\21.0.7-win32-x86_64\bin\net.dll
Event: 0.278 Loaded shared library C:\Users\KXDV6659\.vscode\extensions\redhat.java-1.42.0-win32-x64\jre\21.0.7-win32-x86_64\bin\nio.dll
Event: 0.284 Loaded shared library C:\Users\KXDV6659\.vscode\extensions\redhat.java-1.42.0-win32-x64\jre\21.0.7-win32-x86_64\bin\zip.dll
Event: 0.315 Loaded shared library C:\Users\KXDV6659\.vscode\extensions\redhat.java-1.42.0-win32-x64\jre\21.0.7-win32-x86_64\bin\jimage.dll
Event: 0.432 Loaded shared library c:\Users\KXDV6659\.vscode\extensions\redhat.java-1.42.0-win32-x64\jre\21.0.7-win32-x86_64\bin\verify.dll
Event: 2.919 Loaded shared library C:\Users\KXDV6659\AppData\Roaming\Code\User\globalStorage\redhat.java\1.42.0\config_win\org.eclipse.equinox.launcher\org.eclipse.equinox.launcher.win32.win32.x86_64_1.2.1300.v20250331-1702\eclipse_11911.dll
Event: 5.468 Loaded shared library C:\Users\KXDV6659\AppData\Local\Temp\jna-385568931\jna18245410788249150633.dll

Deoptimization events (20 events):
Event: 30.373 Thread 0x0000021dee58d420 Uncommon trap: trap_request=0xffffff45 fr.pc=0x0000021d9d105580 relative=0x0000000000005780
Event: 30.373 Thread 0x0000021dee58d420 Uncommon trap: reason=unstable_if action=reinterpret pc=0x0000021d9d105580 method=org.eclipse.jdt.internal.compiler.util.Util.isClassFileName(Ljava/lang/String;)Z @ 20 c2
Event: 30.373 Thread 0x0000021dee58d420 DEOPT PACKING pc=0x0000021d9d105580 sp=0x0000004f649fead0
Event: 30.373 Thread 0x0000021dee58d420 DEOPT UNPACKING pc=0x0000021d9c793aa2 sp=0x0000004f649fea48 mode 2
Event: 30.475 Thread 0x0000021df0645b40 Uncommon trap: trap_request=0xfffffff4 fr.pc=0x0000021d9ce8dbac relative=0x000000000000016c
Event: 30.475 Thread 0x0000021df0645b40 Uncommon trap: reason=null_check action=make_not_entrant pc=0x0000021d9ce8dbac method=java.lang.invoke.MethodType.equals(Ljava/lang/Object;)Z @ 8 c2
Event: 30.475 Thread 0x0000021df0645b40 DEOPT PACKING pc=0x0000021d9ce8dbac sp=0x0000004f659fe0d0
Event: 30.475 Thread 0x0000021df0645b40 DEOPT UNPACKING pc=0x0000021d9c793aa2 sp=0x0000004f659fe060 mode 2
Event: 30.635 Thread 0x0000021dee589910 Uncommon trap: trap_request=0xffffffde fr.pc=0x0000021d9cf66934 relative=0x0000000000000274
Event: 30.635 Thread 0x0000021dee589910 Uncommon trap: reason=class_check action=maybe_recompile pc=0x0000021d9cf66934 method=java.util.Comparator.lambda$comparing$77a9974f$1(Ljava/util/function/Function;Ljava/lang/Object;Ljava/lang/Object;)I @ 7 c2
Event: 30.635 Thread 0x0000021dee589910 DEOPT PACKING pc=0x0000021d9cf66934 sp=0x0000004f647fdb00
Event: 30.635 Thread 0x0000021dee589910 DEOPT UNPACKING pc=0x0000021d9c793aa2 sp=0x0000004f647fda30 mode 2
Event: 30.710 Thread 0x0000021dee589910 DEOPT PACKING pc=0x0000021d95a75b7b sp=0x0000004f647fe0f0
Event: 30.710 Thread 0x0000021dee589910 DEOPT UNPACKING pc=0x0000021d9c794242 sp=0x0000004f647fd560 mode 0
Event: 30.710 Thread 0x0000021dee589910 DEOPT PACKING pc=0x0000021d95a75b7b sp=0x0000004f647fe0f0
Event: 30.710 Thread 0x0000021dee589910 DEOPT UNPACKING pc=0x0000021d9c794242 sp=0x0000004f647fd560 mode 0
Event: 30.751 Thread 0x0000021dee589910 DEOPT PACKING pc=0x0000021d95a75b7b sp=0x0000004f647fe0f0
Event: 30.751 Thread 0x0000021dee589910 DEOPT UNPACKING pc=0x0000021d9c794242 sp=0x0000004f647fd560 mode 0
Event: 30.789 Thread 0x0000021dee589910 DEOPT PACKING pc=0x0000021d95a75b9c sp=0x0000004f647fe0f0
Event: 30.789 Thread 0x0000021dee589910 DEOPT UNPACKING pc=0x0000021d9c794242 sp=0x0000004f647fd560 mode 0

Classes loaded (20 events):
Event: 29.722 Loading class java/util/Collections$SynchronizedRandomAccessList
Event: 29.722 Loading class java/util/Collections$SynchronizedList
Event: 29.722 Loading class java/util/Collections$SynchronizedList done
Event: 29.722 Loading class java/util/Collections$SynchronizedRandomAccessList done
Event: 29.764 Loading class java/util/concurrent/CompletableFuture$Signaller
Event: 29.765 Loading class java/util/concurrent/CompletableFuture$Signaller done
Event: 30.378 Loading class java/nio/charset/CharacterCodingException
Event: 30.378 Loading class java/nio/charset/CharacterCodingException done
Event: 30.379 Loading class java/io/SequenceInputStream
Event: 30.379 Loading class java/io/SequenceInputStream done
Event: 30.465 Loading class java/util/concurrent/CompletableFuture$UniApply
Event: 30.465 Loading class java/util/concurrent/CompletableFuture$UniCompletion
Event: 30.465 Loading class java/util/concurrent/CompletableFuture$UniCompletion done
Event: 30.466 Loading class java/util/concurrent/CompletableFuture$UniApply done
Event: 30.467 Loading class java/util/concurrent/CompletableFuture$UniAccept
Event: 30.467 Loading class java/util/concurrent/CompletableFuture$UniAccept done
Event: 30.468 Loading class java/util/concurrent/CompletableFuture$UniExceptionally
Event: 30.468 Loading class java/util/concurrent/CompletableFuture$UniExceptionally done
Event: 30.540 Loading class java/util/Hashtable$KeySet
Event: 30.540 Loading class java/util/Hashtable$KeySet done

Classes unloaded (17 events):
Event: 6.210 Thread 0x0000021d8fce1260 Unloading class 0x0000021da81a4c00 'java/lang/invoke/LambdaForm$MH+0x0000021da81a4c00'
Event: 6.210 Thread 0x0000021d8fce1260 Unloading class 0x0000021da81a4800 'java/lang/invoke/LambdaForm$MH+0x0000021da81a4800'
Event: 6.210 Thread 0x0000021d8fce1260 Unloading class 0x0000021da81a4400 'java/lang/invoke/LambdaForm$MH+0x0000021da81a4400'
Event: 6.210 Thread 0x0000021d8fce1260 Unloading class 0x0000021da81a4000 'java/lang/invoke/LambdaForm$MH+0x0000021da81a4000'
Event: 6.210 Thread 0x0000021d8fce1260 Unloading class 0x0000021da81a3c00 'java/lang/invoke/LambdaForm$BMH+0x0000021da81a3c00'
Event: 6.210 Thread 0x0000021d8fce1260 Unloading class 0x0000021da81a3800 'java/lang/invoke/LambdaForm$DMH+0x0000021da81a3800'
Event: 6.210 Thread 0x0000021d8fce1260 Unloading class 0x0000021da81a2400 'java/lang/invoke/LambdaForm$DMH+0x0000021da81a2400'
Event: 26.058 Thread 0x0000021d8fce1260 Unloading class 0x0000021da8681c00 'java/lang/invoke/LambdaForm$DMH+0x0000021da8681c00'
Event: 26.058 Thread 0x0000021d8fce1260 Unloading class 0x0000021da8681800 'java/lang/invoke/LambdaForm$DMH+0x0000021da8681800'
Event: 26.058 Thread 0x0000021d8fce1260 Unloading class 0x0000021da8580800 'java/lang/invoke/LambdaForm$MH+0x0000021da8580800'
Event: 26.058 Thread 0x0000021d8fce1260 Unloading class 0x0000021da8580400 'java/lang/invoke/LambdaForm$MH+0x0000021da8580400'
Event: 26.058 Thread 0x0000021d8fce1260 Unloading class 0x0000021da857b000 'java/lang/invoke/LambdaForm$MH+0x0000021da857b000'
Event: 26.058 Thread 0x0000021d8fce1260 Unloading class 0x0000021da857ac00 'java/lang/invoke/LambdaForm$DMH+0x0000021da857ac00'
Event: 26.058 Thread 0x0000021d8fce1260 Unloading class 0x0000021da857a000 'java/lang/invoke/LambdaForm$MH+0x0000021da857a000'
Event: 26.058 Thread 0x0000021d8fce1260 Unloading class 0x0000021da8579800 'java/lang/invoke/LambdaForm$MH+0x0000021da8579800'
Event: 26.058 Thread 0x0000021d8fce1260 Unloading class 0x0000021da8579000 'java/lang/invoke/LambdaForm$MH+0x0000021da8579000'
Event: 26.058 Thread 0x0000021d8fce1260 Unloading class 0x0000021da8578800 'java/lang/invoke/LambdaForm$MH+0x0000021da8578800'

Classes redefined (0 events):
No events

Internal exceptions (20 events):
Event: 30.412 Thread 0x0000021df0645b40 Exception <a 'java/io/FileNotFoundException'{0x00000000eac75b98}> (0x00000000eac75b98) 
thrown [s\src\hotspot\share\prims\jni.cpp, line 520]
Event: 30.456 Thread 0x0000021df0645b40 Exception <a 'sun/nio/fs/WindowsException'{0x00000000ead27218}> (0x00000000ead27218) 
thrown [s\src\hotspot\share\prims\jni.cpp, line 520]
Event: 30.456 Thread 0x0000021df0645b40 Exception <a 'sun/nio/fs/WindowsException'{0x00000000ead27928}> (0x00000000ead27928) 
thrown [s\src\hotspot\share\prims\jni.cpp, line 520]
Event: 30.457 Thread 0x0000021df0645b40 Exception <a 'sun/nio/fs/WindowsException'{0x00000000ead651f8}> (0x00000000ead651f8) 
thrown [s\src\hotspot\share\prims\jni.cpp, line 520]
Event: 30.457 Thread 0x0000021df0645b40 Exception <a 'sun/nio/fs/WindowsException'{0x00000000ead65908}> (0x00000000ead65908) 
thrown [s\src\hotspot\share\prims\jni.cpp, line 520]
Event: 30.463 Thread 0x0000021df0645b40 Exception <a 'java/lang/IncompatibleClassChangeError'{0x00000000eab8de18}: Found class java.lang.Object, but interface was expected> (0x00000000eab8de18) 
thrown [s\src\hotspot\share\interpreter\linkResolver.cpp, line 840]
Event: 30.475 Thread 0x0000021df0645b40 Implicit null exception at 0x0000021d9ce8da89 to 0x0000021d9ce8db9c
Event: 30.475 Thread 0x0000021df0645b40 Exception <a 'java/lang/IncompatibleClassChangeError'{0x00000000eab0e8b0}: Found class java.lang.Object, but interface was expected> (0x00000000eab0e8b0) 
thrown [s\src\hotspot\share\interpreter\linkResolver.cpp, line 840]
Event: 30.489 Thread 0x0000021df0645b40 Exception <a 'java/lang/IncompatibleClassChangeError'{0x00000000ead22ff8}: Found class java.lang.Object, but interface was expected> (0x00000000ead22ff8) 
thrown [s\src\hotspot\share\interpreter\linkResolver.cpp, line 840]
Event: 30.586 Thread 0x0000021dee589910 Exception <a 'sun/nio/fs/WindowsException'{0x00000000eabc4070}> (0x00000000eabc4070) 
thrown [s\src\hotspot\share\prims\jni.cpp, line 520]
Event: 30.586 Thread 0x0000021dee589910 Exception <a 'sun/nio/fs/WindowsException'{0x00000000eabc4780}> (0x00000000eabc4780) 
thrown [s\src\hotspot\share\prims\jni.cpp, line 520]
Event: 30.587 Thread 0x0000021dee589910 Exception <a 'sun/nio/fs/WindowsException'{0x00000000eabc5dc8}> (0x00000000eabc5dc8) 
thrown [s\src\hotspot\share\prims\jni.cpp, line 520]
Event: 30.587 Thread 0x0000021dee589910 Exception <a 'sun/nio/fs/WindowsException'{0x00000000eabc64d8}> (0x00000000eabc64d8) 
thrown [s\src\hotspot\share\prims\jni.cpp, line 520]
Event: 30.594 Thread 0x0000021dee589910 Exception <a 'java/io/FileNotFoundException'{0x00000000eac12e18}> (0x00000000eac12e18) 
thrown [s\src\hotspot\share\prims\jni.cpp, line 520]
Event: 30.595 Thread 0x0000021dee589910 Exception <a 'java/io/FileNotFoundException'{0x00000000eac13ba8}> (0x00000000eac13ba8) 
thrown [s\src\hotspot\share\prims\jni.cpp, line 520]
Event: 30.610 Thread 0x0000021dee589910 Exception <a 'sun/nio/fs/WindowsException'{0x00000000eacd9130}> (0x00000000eacd9130) 
thrown [s\src\hotspot\share\prims\jni.cpp, line 520]
Event: 30.610 Thread 0x0000021dee589910 Exception <a 'sun/nio/fs/WindowsException'{0x00000000eacd9840}> (0x00000000eacd9840) 
thrown [s\src\hotspot\share\prims\jni.cpp, line 520]
Event: 30.653 Thread 0x0000021df0645b40 Exception <a 'java/lang/IncompatibleClassChangeError'{0x00000000eab22588}: Found class java.lang.Object, but interface was expected> (0x00000000eab22588) 
thrown [s\src\hotspot\share\interpreter\linkResolver.cpp, line 840]
Event: 30.656 Thread 0x0000021dee589910 Exception <a 'sun/nio/fs/WindowsException'{0x00000000eab3e8c0}> (0x00000000eab3e8c0) 
thrown [s\src\hotspot\share\prims\jni.cpp, line 520]
Event: 30.656 Thread 0x0000021dee589910 Exception <a 'sun/nio/fs/WindowsException'{0x00000000eab3f280}> (0x00000000eab3f280) 
thrown [s\src\hotspot\share\prims\jni.cpp, line 520]

ZGC Phase Switch (0 events):
No events

VM Operations (20 events):
Event: 30.529 Executing VM operation: ParallelGCFailedAllocation (Allocation Failure) done
Event: 30.549 Executing VM operation: ParallelGCFailedAllocation (Allocation Failure)
Event: 30.559 Executing VM operation: ParallelGCFailedAllocation (Allocation Failure) done
Event: 30.617 Executing VM operation: ParallelGCFailedAllocation (Allocation Failure)
Event: 30.620 Executing VM operation: ParallelGCFailedAllocation (Allocation Failure) done
Event: 30.646 Executing VM operation: ParallelGCFailedAllocation (Allocation Failure)
Event: 30.649 Executing VM operation: ParallelGCFailedAllocation (Allocation Failure) done
Event: 30.678 Executing VM operation: ParallelGCFailedAllocation (Allocation Failure)
Event: 30.680 Executing VM operation: ParallelGCFailedAllocation (Allocation Failure) done
Event: 30.698 Executing VM operation: ParallelGCFailedAllocation (Allocation Failure)
Event: 30.704 Executing VM operation: ParallelGCFailedAllocation (Allocation Failure) done
Event: 30.714 Executing VM operation: ParallelGCFailedAllocation (Allocation Failure)
Event: 30.717 Executing VM operation: ParallelGCFailedAllocation (Allocation Failure) done
Event: 30.734 Executing VM operation: ParallelGCFailedAllocation (Allocation Failure)
Event: 30.736 Executing VM operation: ParallelGCFailedAllocation (Allocation Failure) done
Event: 30.755 Executing VM operation: ParallelGCFailedAllocation (Allocation Failure)
Event: 30.765 Executing VM operation: ParallelGCFailedAllocation (Allocation Failure) done
Event: 30.786 Executing VM operation: ParallelGCFailedAllocation (Allocation Failure)
Event: 30.788 Executing VM operation: ParallelGCFailedAllocation (Allocation Failure) done
Event: 30.812 Executing VM operation: ParallelGCFailedAllocation (Allocation Failure)

Memory protections (0 events):
No events

Nmethod flushes (20 events):
Event: 26.088 Thread 0x0000021d8fce1260 flushing  nmethod 0x0000021d95ac6c10
Event: 26.088 Thread 0x0000021d8fce1260 flushing  nmethod 0x0000021d95ad2390
Event: 26.088 Thread 0x0000021d8fce1260 flushing  nmethod 0x0000021d95adfb90
Event: 26.088 Thread 0x0000021d8fce1260 flushing  nmethod 0x0000021d95ae0890
Event: 26.088 Thread 0x0000021d8fce1260 flushing  nmethod 0x0000021d95afb890
Event: 26.088 Thread 0x0000021d8fce1260 flushing  nmethod 0x0000021d95b00390
Event: 26.088 Thread 0x0000021d8fce1260 flushing  nmethod 0x0000021d95b01290
Event: 26.088 Thread 0x0000021d8fce1260 flushing  nmethod 0x0000021d95b01890
Event: 26.088 Thread 0x0000021d8fce1260 flushing  nmethod 0x0000021d95b03d90
Event: 26.088 Thread 0x0000021d8fce1260 flushing  nmethod 0x0000021d95b08190
Event: 26.088 Thread 0x0000021d8fce1260 flushing  nmethod 0x0000021d95b11f90
Event: 26.088 Thread 0x0000021d8fce1260 flushing  nmethod 0x0000021d95b18390
Event: 26.088 Thread 0x0000021d8fce1260 flushing  nmethod 0x0000021d95b4db10
Event: 26.088 Thread 0x0000021d8fce1260 flushing  nmethod 0x0000021d95b50f90
Event: 26.088 Thread 0x0000021d8fce1260 flushing  nmethod 0x0000021d95b51590
Event: 26.088 Thread 0x0000021d8fce1260 flushing  nmethod 0x0000021d95b59290
Event: 26.088 Thread 0x0000021d8fce1260 flushing  nmethod 0x0000021d95b59610
Event: 26.088 Thread 0x0000021d8fce1260 flushing  nmethod 0x0000021d95b64d10
Event: 26.088 Thread 0x0000021d8fce1260 flushing  nmethod 0x0000021d95b65f90
Event: 26.088 Thread 0x0000021d8fce1260 flushing  nmethod 0x0000021d95b77410

Events (20 events):
Event: 21.892 Thread 0x0000021dee589910 Thread added: 0x0000021defeda200
Event: 25.747 Thread 0x0000021defedcff0 Thread exited: 0x0000021defedcff0
Event: 25.747 Thread 0x0000021defeda200 Thread exited: 0x0000021defeda200
Event: 25.747 Thread 0x0000021defed8130 Thread exited: 0x0000021defed8130
Event: 25.747 Thread 0x0000021defeddd10 Thread exited: 0x0000021defeddd10
Event: 25.747 Thread 0x0000021defed66f0 Thread exited: 0x0000021defed66f0
Event: 27.842 Thread 0x0000021dee589910 Thread added: 0x0000021defeda200
Event: 27.842 Thread 0x0000021dee589910 Thread added: 0x0000021defedc2d0
Event: 27.843 Thread 0x0000021dee589910 Thread added: 0x0000021defedaf20
Event: 27.843 Thread 0x0000021dee589910 Thread added: 0x0000021defedcff0
Event: 27.843 Thread 0x0000021dee589910 Thread added: 0x0000021defedd680
Event: 28.385 Thread 0x0000021defedc2d0 Thread exited: 0x0000021defedc2d0
Event: 28.385 Thread 0x0000021defedcff0 Thread exited: 0x0000021defedcff0
Event: 28.385 Thread 0x0000021defedd680 Thread exited: 0x0000021defedd680
Event: 28.385 Thread 0x0000021defeda200 Thread exited: 0x0000021defeda200
Event: 28.385 Thread 0x0000021defedaf20 Thread exited: 0x0000021defedaf20
Event: 30.467 Thread 0x0000021df0645b40 Thread added: 0x0000021defedb5b0
Event: 30.476 Thread 0x0000021df0645b40 Thread added: 0x0000021defed66f0
Event: 30.637 Thread 0x0000021dee589910 Thread added: 0x0000021defed8130
Event: 30.652 Thread 0x0000021df0645b40 Thread added: 0x0000021defeda200


Dynamic libraries:
0x00007ff755cb0000 - 0x00007ff755cbe000 	c:\Users\KXDV6659\.vscode\extensions\redhat.java-1.42.0-win32-x64\jre\21.0.7-win32-x86_64\bin\java.exe
0x00007ff91ea10000 - 0x00007ff91ec27000 	C:\WINDOWS\SYSTEM32\ntdll.dll
0x00007ff91c900000 - 0x00007ff91c9c4000 	C:\WINDOWS\System32\KERNEL32.DLL
0x00007ff91bca0000 - 0x00007ff91c073000 	C:\WINDOWS\System32\KERNELBASE.dll
0x00007ff91bb80000 - 0x00007ff91bc91000 	C:\WINDOWS\System32\ucrtbase.dll
0x00007ff8f9860000 - 0x00007ff8f987e000 	c:\Users\KXDV6659\.vscode\extensions\redhat.java-1.42.0-win32-x64\jre\21.0.7-win32-x86_64\bin\VCRUNTIME140.dll
0x00007ff8f9840000 - 0x00007ff8f9858000 	c:\Users\KXDV6659\.vscode\extensions\redhat.java-1.42.0-win32-x64\jre\21.0.7-win32-x86_64\bin\jli.dll
0x00007ff91e290000 - 0x00007ff91e441000 	C:\WINDOWS\System32\USER32.dll
0x00007ff91c240000 - 0x00007ff91c266000 	C:\WINDOWS\System32\win32u.dll
0x00007ff902870000 - 0x00007ff902b0b000 	C:\WINDOWS\WinSxS\amd64_microsoft.windows.common-controls_6595b64144ccf1df_6.0.22621.5262_none_2712bde373830908\COMCTL32.dll
0x00007ff91d7a0000 - 0x00007ff91d847000 	C:\WINDOWS\System32\msvcrt.dll
0x00007ff91cee0000 - 0x00007ff91cf09000 	C:\WINDOWS\System32\GDI32.dll
0x00007ff91c480000 - 0x00007ff91c5a2000 	C:\WINDOWS\System32\gdi32full.dll
0x00007ff91c270000 - 0x00007ff91c30a000 	C:\WINDOWS\System32\msvcp_win.dll
0x00007ff91d5b0000 - 0x00007ff91d5e1000 	C:\WINDOWS\System32\IMM32.DLL
0x00007ff8de580000 - 0x00007ff8de58c000 	c:\Users\KXDV6659\.vscode\extensions\redhat.java-1.42.0-win32-x64\jre\21.0.7-win32-x86_64\bin\vcruntime140_1.dll
0x00007ff8d2960000 - 0x00007ff8d29ed000 	c:\Users\KXDV6659\.vscode\extensions\redhat.java-1.42.0-win32-x64\jre\21.0.7-win32-x86_64\bin\msvcp140.dll
0x00007ff885e10000 - 0x00007ff886ba0000 	c:\Users\KXDV6659\.vscode\extensions\redhat.java-1.42.0-win32-x64\jre\21.0.7-win32-x86_64\bin\server\jvm.dll
0x00007ff91d8d0000 - 0x00007ff91d981000 	C:\WINDOWS\System32\ADVAPI32.dll
0x00007ff91c850000 - 0x00007ff91c8f7000 	C:\WINDOWS\System32\sechost.dll
0x00007ff91c670000 - 0x00007ff91c698000 	C:\WINDOWS\System32\bcrypt.dll
0x00007ff91d410000 - 0x00007ff91d524000 	C:\WINDOWS\System32\RPCRT4.dll
0x00007ff91d530000 - 0x00007ff91d5a1000 	C:\WINDOWS\System32\WS2_32.dll
0x00007ff912240000 - 0x00007ff91224a000 	C:\WINDOWS\SYSTEM32\VERSION.dll
0x00007ff91b9d0000 - 0x00007ff91ba1d000 	C:\WINDOWS\SYSTEM32\POWRPROF.dll
0x00007ff913590000 - 0x00007ff9135c4000 	C:\WINDOWS\SYSTEM32\WINMM.dll
0x00007ff91b9b0000 - 0x00007ff91b9c3000 	C:\WINDOWS\SYSTEM32\UMPDC.dll
0x00007ff91aa20000 - 0x00007ff91aa38000 	C:\WINDOWS\SYSTEM32\kernel.appcore.dll
0x00007ff8de470000 - 0x00007ff8de47a000 	c:\Users\KXDV6659\.vscode\extensions\redhat.java-1.42.0-win32-x64\jre\21.0.7-win32-x86_64\bin\jimage.dll
0x00007ff9191f0000 - 0x00007ff919422000 	C:\WINDOWS\SYSTEM32\DBGHELP.DLL
0x00007ff91cf10000 - 0x00007ff91d2a3000 	C:\WINDOWS\System32\combase.dll
0x00007ff91d2b0000 - 0x00007ff91d387000 	C:\WINDOWS\System32\OLEAUT32.dll
0x00007ff8f7dc0000 - 0x00007ff8f7df2000 	C:\WINDOWS\SYSTEM32\dbgcore.DLL
0x00007ff91c080000 - 0x00007ff91c0fb000 	C:\WINDOWS\System32\bcryptPrimitives.dll
0x00007ff8c8a90000 - 0x00007ff8c8a9f000 	c:\Users\KXDV6659\.vscode\extensions\redhat.java-1.42.0-win32-x64\jre\21.0.7-win32-x86_64\bin\instrument.dll
0x00007ff8c8280000 - 0x00007ff8c829f000 	c:\Users\KXDV6659\.vscode\extensions\redhat.java-1.42.0-win32-x64\jre\21.0.7-win32-x86_64\bin\java.dll
0x00007ff91d9f0000 - 0x00007ff91e28d000 	C:\WINDOWS\System32\SHELL32.dll
0x00007ff91c100000 - 0x00007ff91c23f000 	C:\WINDOWS\System32\wintypes.dll
0x00007ff919870000 - 0x00007ff91a18d000 	C:\WINDOWS\SYSTEM32\windows.storage.dll
0x00007ff91d680000 - 0x00007ff91d78b000 	C:\WINDOWS\System32\SHCORE.dll
0x00007ff91d610000 - 0x00007ff91d676000 	C:\WINDOWS\System32\shlwapi.dll
0x00007ff91ba30000 - 0x00007ff91ba5b000 	C:\WINDOWS\SYSTEM32\profapi.dll
0x00007ff8f3620000 - 0x00007ff8f3638000 	c:\Users\KXDV6659\.vscode\extensions\redhat.java-1.42.0-win32-x64\jre\21.0.7-win32-x86_64\bin\zip.dll
0x00007ff8f35c0000 - 0x00007ff8f35d0000 	C:\Users\KXDV6659\.vscode\extensions\redhat.java-1.42.0-win32-x64\jre\21.0.7-win32-x86_64\bin\net.dll
0x00007ff91aa40000 - 0x00007ff91ab6c000 	C:\WINDOWS\SYSTEM32\WINHTTP.dll
0x00007ff91afc0000 - 0x00007ff91b02a000 	C:\WINDOWS\system32\mswsock.dll
0x00007ff8c8090000 - 0x00007ff8c80a6000 	C:\Users\KXDV6659\.vscode\extensions\redhat.java-1.42.0-win32-x64\jre\21.0.7-win32-x86_64\bin\nio.dll
0x00007ff8c8a80000 - 0x00007ff8c8a90000 	c:\Users\KXDV6659\.vscode\extensions\redhat.java-1.42.0-win32-x64\jre\21.0.7-win32-x86_64\bin\verify.dll
0x00007ff8dac50000 - 0x00007ff8dac95000 	C:\Users\KXDV6659\AppData\Roaming\Code\User\globalStorage\redhat.java\1.42.0\config_win\org.eclipse.equinox.launcher\org.eclipse.equinox.launcher.win32.win32.x86_64_1.2.1300.v20250331-1702\eclipse_11911.dll
0x00007ff91c6a0000 - 0x00007ff91c841000 	C:\WINDOWS\System32\ole32.dll
0x00007ff91b260000 - 0x00007ff91b27b000 	C:\WINDOWS\SYSTEM32\CRYPTSP.dll
0x00007ff91a980000 - 0x00007ff91a9b7000 	C:\WINDOWS\system32\rsaenh.dll
0x00007ff91b060000 - 0x00007ff91b088000 	C:\WINDOWS\SYSTEM32\USERENV.dll
0x00007ff91b240000 - 0x00007ff91b24c000 	C:\WINDOWS\SYSTEM32\CRYPTBASE.dll
0x00007ff91a2b0000 - 0x00007ff91a2dd000 	C:\WINDOWS\SYSTEM32\IPHLPAPI.DLL
0x00007ff91d790000 - 0x00007ff91d799000 	C:\WINDOWS\System32\NSI.dll
0x00007ff8c4660000 - 0x00007ff8c46a9000 	C:\Users\KXDV6659\AppData\Local\Temp\jna-385568931\jna18245410788249150633.dll
0x00007ff91d850000 - 0x00007ff91d858000 	C:\WINDOWS\System32\PSAPI.DLL
0x00007ff915db0000 - 0x00007ff915dc9000 	C:\WINDOWS\SYSTEM32\dhcpcsvc6.DLL
0x00007ff915ce0000 - 0x00007ff915cff000 	C:\WINDOWS\SYSTEM32\dhcpcsvc.DLL

dbghelp: loaded successfully - version: 4.0.5 - missing functions: none
symbol engine: initialized successfully - sym options: 0x614 - pdb path: .;c:\Users\KXDV6659\.vscode\extensions\redhat.java-1.42.0-win32-x64\jre\21.0.7-win32-x86_64\bin;C:\WINDOWS\SYSTEM32;C:\WINDOWS\WinSxS\amd64_microsoft.windows.common-controls_6595b64144ccf1df_6.0.22621.5262_none_2712bde373830908;c:\Users\KXDV6659\.vscode\extensions\redhat.java-1.42.0-win32-x64\jre\21.0.7-win32-x86_64\bin\server;C:\Users\KXDV6659\AppData\Roaming\Code\User\globalStorage\redhat.java\1.42.0\config_win\org.eclipse.equinox.launcher\org.eclipse.equinox.launcher.win32.win32.x86_64_1.2.1300.v20250331-1702;C:\Users\KXDV6659\AppData\Local\Temp\jna-385568931

VM Arguments:
jvm_args: --add-modules=ALL-SYSTEM --add-opens=java.base/java.util=ALL-UNNAMED --add-opens=java.base/java.lang=ALL-UNNAMED --add-opens=java.base/sun.nio.fs=ALL-UNNAMED -Declipse.application=org.eclipse.jdt.ls.core.id1 -Dosgi.bundles.defaultStartLevel=4 -Declipse.product=org.eclipse.jdt.ls.core.product -Djava.import.generatesMetadataFilesAtProjectRoot=false -DDetectVMInstallationsJob.disabled=true -Dfile.encoding=utf8 -XX:+UseParallelGC -XX:GCTimeRatio=4 -XX:AdaptiveSizePolicyWeight=90 -Dsun.zip.disableMemoryMapping=true -Xmx1G -Xms100m -Xlog:disable -javaagent:c:\Users\KXDV6659\.vscode\extensions\redhat.java-1.42.0-win32-x64\lombok\lombok-1.18.36.jar -XX:+HeapDumpOnOutOfMemoryError -XX:HeapDumpPath=c:\Users\KXDV6659\AppData\Roaming\Code\User\workspaceStorage\09d1fbf1bfac8b708df791d1d1490cda\redhat.java -Daether.dependencyCollector.impl=bf 
java_command: c:\Users\KXDV6659\.vscode\extensions\redhat.java-1.42.0-win32-x64\server\plugins\org.eclipse.equinox.launcher_1.7.0.v20250424-1814.jar -configuration c:\Users\KXDV6659\AppData\Roaming\Code\User\globalStorage\redhat.java\1.42.0\config_win -data c:\Users\KXDV6659\AppData\Roaming\Code\User\workspaceStorage\09d1fbf1bfac8b708df791d1d1490cda\redhat.java\jdt_ws --pipe=\\.\pipe\lsp-852ceb1f987b305406371c2c55f9b2a4-sock
java_class_path (initial): c:\Users\KXDV6659\.vscode\extensions\redhat.java-1.42.0-win32-x64\server\plugins\org.eclipse.equinox.launcher_1.7.0.v20250424-1814.jar
Launcher Type: SUN_STANDARD

[Global flags]
    uintx AdaptiveSizePolicyWeight                 = 90                                        {product} {command line}
     intx CICompilerCount                          = 4                                         {product} {ergonomic}
    uintx GCTimeRatio                              = 4                                         {product} {command line}
     bool HeapDumpOnOutOfMemoryError               = true                                   {manageable} {command line}
    ccstr HeapDumpPath                             = c:\Users\KXDV6659\AppData\Roaming\Code\User\workspaceStorage\09d1fbf1bfac8b708df791d1d1490cda\redhat.java         {manageable} {command line}
   size_t InitialHeapSize                          = 104857600                                 {product} {command line}
   size_t MaxHeapSize                              = 1073741824                                {product} {command line}
   size_t MaxNewSize                               = 357564416                                 {product} {ergonomic}
   size_t MinHeapDeltaBytes                        = 524288                                    {product} {ergonomic}
   size_t MinHeapSize                              = 104857600                                 {product} {command line}
   size_t NewSize                                  = 34603008                                  {product} {ergonomic}
    uintx NonNMethodCodeHeapSize                   = 5839372                                {pd product} {ergonomic}
    uintx NonProfiledCodeHeapSize                  = 122909434                              {pd product} {ergonomic}
   size_t OldSize                                  = 70254592                                  {product} {ergonomic}
    uintx ProfiledCodeHeapSize                     = 122909434                              {pd product} {ergonomic}
    uintx ReservedCodeCacheSize                    = 251658240                              {pd product} {ergonomic}
     bool SegmentedCodeCache                       = true                                      {product} {ergonomic}
   size_t SoftMaxHeapSize                          = 1073741824                             {manageable} {ergonomic}
     bool UseCompressedOops                        = true                           {product lp64_product} {ergonomic}
     bool UseLargePagesIndividualAllocation        = false                                  {pd product} {ergonomic}
     bool UseParallelGC                            = true                                      {product} {command line}

Logging:
Log output configuration:
 #0: stdout all=off uptime,level,tags foldmultilines=false
 #1: stderr all=off uptime,level,tags foldmultilines=false

Environment Variables:
JAVA_HOME=C:\Program Files\Eclipse Adoptium\jdk-21.0.7.6-hotspot
PATH=C:\Program Files\Eclipse Adoptium\jdk-21.0.7.6-hotspot\bin;C:\WINDOWS\system32;C:\WINDOWS;C:\WINDOWS\System32\Wbem;C:\WINDOWS\System32\WindowsPowerShell\v1.0\;C:\WINDOWS\System32\OpenSSH\;C:\Program Files (x86)\Pulse Secure\VC142.CRT\X64\;C:\Program Files (x86)\Pulse Secure\VC142.CRT\X86\;C:\Program Files (x86)\Common Files\Pulse Secure\TNC Client Plugin\;C:\Program Files\SafeNet\Authentication\SAC\x64;C:\Program Files\SafeNet\Authentication\SAC\x32;C:\Program Files (x86)\Sennheiser\SenncomSDK\;C:\Program Files\apache-maven-3.9.0\bin;C:\Program Files\Java\jdk-17\bin;C:\Program Files\Eclipse Adoptium\jdk-21.0.7.6-hotspot\bin;C:\Users\KXDV6659\spark\bin;C:\Users\KXDV6659\hadoop\bin;C:\Program Files\OpenSSL-Win64\bin;C:\Users\KXDV6659\AppData\Local\nvm;C:\nvm4w\nodejs;C:\ProgramData\chocolatey\bin;;C:\Users\KXDV6659\OneDrive - orange.com\Bureau\sqlite3;C:\Users\KXDV6659\OneDrive - orange.com\Bureau\flutter\flutter\bin;C:\Program Files\MySQL\MySQL Server 8.4\bin;C:\Users\KXDV6659\AppData\Local\Programs\Python\Python35-32\Scripts\;C:\Users\KXDV6659\AppData\Local\Programs\Python\Python35-32\;C:\Users\KXDV6659\AppData\Local\Programs\Python\Python311\Scripts\;C:\Users\KXDV6659\AppData\Local\Programs\Python\Python311\;C:\Users\KXDV6659\AppData\Local\Programs\Python\Launcher\;C:\Users\KXDV6659\AppData\Local\Microsoft\WindowsApps;C:\Users\KXDV6659\AppData\Local\Programs\Microsoft VS Code\bin;C:\Users\KXDV6659\spark\bin;C:\Users\KXDV6659\hadoop\bin;C:\Users\KXDV6659\AppData\Local\Programs\Git\cmd;C:\Users\KXDV6659\AppData\Local\nvm;C:\nvm4w\nodejs;C:\Users\KXDV6659\AppData\Roaming\npm
USERNAME=KXDV6659
OS=Windows_NT
PROCESSOR_IDENTIFIER=Intel64 Family 6 Model 142 Stepping 12, GenuineIntel
TMP=C:\Users\KXDV6659\AppData\Local\Temp
TEMP=C:\Users\KXDV6659\AppData\Local\Temp




Periodic native trim disabled

---------------  S Y S T E M  ---------------

OS:
 Windows 11 , 64 bit Build 22621 (10.0.22621.5262)
OS uptime: 0 days 0:07 hours
Hyper-V role detected

CPU: total 8 (initial active 8) (4 cores per cpu, 2 threads per core) family 6 model 142 stepping 12 microcode 0xf4, cx8, cmov, fxsr, ht, mmx, 3dnowpref, sse, sse2, sse3, ssse3, sse4.1, sse4.2, popcnt, lzcnt, tsc, tscinvbit, avx, avx2, aes, erms, clmul, bmi1, bmi2, adx, fma, vzeroupper, clflush, clflushopt, hv, rdtscp, f16c
Processor Information for the first 8 processors :
  Max Mhz: 1896, Current Mhz: 1596, Mhz Limit: 1592

Memory: 4k page, system-wide physical 7998M (201M free)
TotalPageFile size 12094M (AvailPageFile size 2M)
current process WorkingSet (physical memory assigned to process): 505M, peak: 527M
current process commit charge ("private bytes"): 511M, peak: 925M

vm_info: OpenJDK 64-Bit Server VM (21.0.7+6-LTS) for windows-amd64 JRE (21.0.7+6-LTS), built on 2025-04-15T00:00:00Z by "admin" with MS VC++ 17.7 (VS2022)

END.
