#
# There is insufficient memory for the Java Runtime Environment to continue.
# Native memory allocation (malloc) failed to allocate 86960 bytes. Error detail: Chunk::new
# Possible reasons:
#   The system is out of physical RAM or swap space
#   This process is running with CompressedOops enabled, and the Java Heap may be blocking the growth of the native heap
# Possible solutions:
#   Reduce memory load on the system
#   Increase physical memory or swap space
#   Check if swap backing store is full
#   Decrease Java heap size (-Xmx/-Xms)
#   Decrease number of Java threads
#   Decrease Java thread stack sizes (-Xss)
#   Set larger code cache with -XX:ReservedCodeCacheSize=
#   JVM is running with Unscaled Compressed Oops mode in which the Java heap is
#     placed in the first 4GB address space. The Java Heap base address is the
#     maximum limit for the native heap growth. Please use -XX:HeapBaseMinAddress
#     to set the Java Heap base and to place the Java Heap above 4GB virtual address.
# This output file may be truncated or incomplete.
#
#  Out of Memory Error (arena.cpp:168), pid=14740, tid=19268
#
# JRE version: OpenJDK Runtime Environment Temurin-21.0.7+6 (21.0.7+6) (build 21.0.7+6-LTS)
# Java VM: OpenJDK 64-Bit Server VM Temurin-21.0.7+6 (21.0.7+6-LTS, mixed mode, tiered, compressed oops, compressed class ptrs, parallel gc, windows-amd64)
# No core dump will be written. Minidumps are not enabled by default on client versions of Windows
#

---------------  S U M M A R Y ------------

Command Line: --add-modules=ALL-SYSTEM --add-opens=java.base/java.util=ALL-UNNAMED --add-opens=java.base/java.lang=ALL-UNNAMED --add-opens=java.base/sun.nio.fs=ALL-UNNAMED -Declipse.application=org.eclipse.jdt.ls.core.id1 -Dosgi.bundles.defaultStartLevel=4 -Declipse.product=org.eclipse.jdt.ls.core.product -Djava.import.generatesMetadataFilesAtProjectRoot=false -DDetectVMInstallationsJob.disabled=true -Dfile.encoding=utf8 -XX:+UseParallelGC -XX:GCTimeRatio=4 -XX:AdaptiveSizePolicyWeight=90 -Dsun.zip.disableMemoryMapping=true -Xmx2G -Xms100m -Xlog:disable -javaagent:c:\Users\KXDV6659\.vscode\extensions\redhat.java-1.43.1-win32-x64\lombok\lombok-1.18.39-4050.jar -XX:+HeapDumpOnOutOfMemoryError -XX:HeapDumpPath=c:\Users\KXDV6659\AppData\Roaming\Code\User\workspaceStorage\09d1fbf1bfac8b708df791d1d1490cda\redhat.java -Daether.dependencyCollector.impl=bf c:\Users\KXDV6659\.vscode\extensions\redhat.java-1.43.1-win32-x64\server\plugins\org.eclipse.equinox.launcher_1.7.0.v20250519-0528.jar -configuration c:\Users\KXDV6659\AppData\Roaming\Code\User\globalStorage\redhat.java\1.43.1\config_win -data c:\Users\KXDV6659\AppData\Roaming\Code\User\workspaceStorage\09d1fbf1bfac8b708df791d1d1490cda\redhat.java\jdt_ws --pipe=\\.\pipe\lsp-d7b1b1afae2ddef9127c77ddfdb9ab3d-sock

Host: Intel(R) Core(TM) i5-8365U CPU @ 1.60GHz, 8 cores, 7G,  Windows 11 , 64 bit Build 22621 (10.0.22621.5262)
Time: Thu Jul  3 10:07:19 2025 Morocco Daylight Time elapsed time: 3.577619 seconds (0d 0h 0m 3s)

---------------  T H R E A D  ---------------

Current thread (0x0000024685084120):  JavaThread "C2 CompilerThread0" daemon [_thread_in_native, id=19268, stack(0x000000905ee00000,0x000000905ef00000) (1024K)]


Current CompileTask:
C2:3577 1361       4       java.lang.StringBuilder::append (8 bytes)

Stack: [0x000000905ee00000,0x000000905ef00000]
Native frames: (J=compiled Java code, j=interpreted, Vv=VM code, C=native code)
V  [jvm.dll+0x6ce119]
V  [jvm.dll+0x8a84a1]
V  [jvm.dll+0x8aa9ce]
V  [jvm.dll+0x8ab0b3]
V  [jvm.dll+0x27f8a6]
V  [jvm.dll+0xc507d]
V  [jvm.dll+0xc55b3]
V  [jvm.dll+0x3b692c]
V  [jvm.dll+0x382aa5]
V  [jvm.dll+0x381f0a]
V  [jvm.dll+0x247af0]
V  [jvm.dll+0x2470cf]
V  [jvm.dll+0x1c760e]
V  [jvm.dll+0x25695a]
V  [jvm.dll+0x254efa]
V  [jvm.dll+0x3f03f6]
V  [jvm.dll+0x851f6b]
V  [jvm.dll+0x6cc7dd]
C  [ucrtbase.dll+0x29333]
C  [KERNEL32.DLL+0x1259d]
C  [ntdll.dll+0x5af58]


---------------  P R O C E S S  ---------------

Threads class SMR info:
_java_thread_list=0x00000246860dfe10, length=11, elements={
0x00000246e353bb20, 0x0000024685099980, 0x00000246850774b0, 0x000002468507c260,
0x000002468507ef80, 0x0000024685080190, 0x0000024685081bf0, 0x0000024685084120,
0x00000246850c4f20, 0x00000246851d6490, 0x0000024686117cd0
}

Java Threads: ( => current thread )
  0x00000246e353bb20 JavaThread "main"                              [_thread_in_vm, id=18672, stack(0x000000905e400000,0x000000905e500000) (1024K)]
  0x0000024685099980 JavaThread "Reference Handler"          daemon [_thread_blocked, id=18928, stack(0x000000905e800000,0x000000905e900000) (1024K)]
  0x00000246850774b0 JavaThread "Finalizer"                  daemon [_thread_blocked, id=2772, stack(0x000000905e900000,0x000000905ea00000) (1024K)]
  0x000002468507c260 JavaThread "Signal Dispatcher"          daemon [_thread_blocked, id=19276, stack(0x000000905ea00000,0x000000905eb00000) (1024K)]
  0x000002468507ef80 JavaThread "Attach Listener"            daemon [_thread_blocked, id=19200, stack(0x000000905eb00000,0x000000905ec00000) (1024K)]
  0x0000024685080190 JavaThread "Service Thread"             daemon [_thread_blocked, id=19284, stack(0x000000905ec00000,0x000000905ed00000) (1024K)]
  0x0000024685081bf0 JavaThread "Monitor Deflation Thread"   daemon [_thread_blocked, id=19180, stack(0x000000905ed00000,0x000000905ee00000) (1024K)]
=>0x0000024685084120 JavaThread "C2 CompilerThread0"         daemon [_thread_in_native, id=19268, stack(0x000000905ee00000,0x000000905ef00000) (1024K)]
  0x00000246850c4f20 JavaThread "C1 CompilerThread0"         daemon [_thread_blocked, id=19232, stack(0x000000905ef00000,0x000000905f000000) (1024K)]
  0x00000246851d6490 JavaThread "Common-Cleaner"             daemon [_thread_blocked, id=19164, stack(0x000000905f000000,0x000000905f100000) (1024K)]
  0x0000024686117cd0 JavaThread "Notification Thread"        daemon [_thread_blocked, id=18820, stack(0x000000905f100000,0x000000905f200000) (1024K)]
Total: 11

Other Threads:
  0x00000246850429e0 VMThread "VM Thread"                           [id=19104, stack(0x000000905e700000,0x000000905e800000) (1024K)]
  0x00000246800dba00 WatcherThread "VM Periodic Task Thread"        [id=10392, stack(0x000000905e600000,0x000000905e700000) (1024K)]
  0x00000246e5851aa0 WorkerThread "GC Thread#0"                     [id=14484, stack(0x000000905e500000,0x000000905e600000) (1024K)]
  0x0000024686105480 WorkerThread "GC Thread#1"                     [id=18564, stack(0x000000905f200000,0x000000905f300000) (1024K)]
  0x0000024686182020 WorkerThread "GC Thread#2"                     [id=19444, stack(0x000000905f300000,0x000000905f400000) (1024K)]
  0x00000246861823c0 WorkerThread "GC Thread#3"                     [id=19196, stack(0x000000905f400000,0x000000905f500000) (1024K)]
  0x00000246864b2200 WorkerThread "GC Thread#4"                     [id=18552, stack(0x000000905f500000,0x000000905f600000) (1024K)]
  0x00000246864b25a0 WorkerThread "GC Thread#5"                     [id=18632, stack(0x000000905f600000,0x000000905f700000) (1024K)]
  0x00000246864b2940 WorkerThread "GC Thread#6"                     [id=10196, stack(0x000000905f700000,0x000000905f800000) (1024K)]
Total: 9

Threads with active compile tasks:
C2 CompilerThread0  3609 1361       4       java.lang.StringBuilder::append (8 bytes)
Total: 1

VM state: not at safepoint (normal execution)

VM Mutex/Monitor currently owned by a thread: None

Heap address: 0x0000000080000000, size: 2048 MB, Compressed Oops mode: 32-bit

CDS archive(s) not mapped
Compressed class space mapped at: 0x0000000100000000-0x0000000140000000, reserved size: 1073741824
Narrow klass base: 0x0000000000000000, Narrow klass shift: 3, Narrow klass range: 0x140000000

GC Precious Log:
 CardTable entry size: 512
 CPUs: 8 total, 8 available
 Memory: 7998M
 Large Page Support: Disabled
 NUMA Support: Disabled
 Compressed Oops: Enabled (32-bit)
 Alignments: Space 512K, Generation 512K, Heap 2M
 Heap Min Capacity: 100M
 Heap Initial Capacity: 100M
 Heap Max Capacity: 2G
 Pre-touch: Disabled
 Parallel Workers: 8

Heap:
 PSYoungGen      total 29696K, used 17568K [0x00000000d5580000, 0x00000000d7680000, 0x0000000100000000)
  eden space 25600K, 55% used [0x00000000d5580000,0x00000000d6366768,0x00000000d6e80000)
  from space 4096K, 81% used [0x00000000d6e80000,0x00000000d71c1c68,0x00000000d7280000)
  to   space 4096K, 0% used [0x00000000d7280000,0x00000000d7280000,0x00000000d7680000)
 ParOldGen       total 68608K, used 8K [0x0000000080000000, 0x0000000084300000, 0x00000000d5580000)
  object space 68608K, 0% used [0x0000000080000000,0x0000000080002000,0x0000000084300000)
 Metaspace       used 14383K, committed 14592K, reserved 1114112K
  class space    used 1367K, committed 1472K, reserved 1048576K

Card table byte_map: [0x00000246e5200000,0x00000246e5610000] _byte_map_base: 0x00000246e4e00000

Marking Bits: (ParMarkBitMap*) 0x00007ff90cd031f0
 Begin Bits: [0x00000246f7cd0000, 0x00000246f9cd0000)
 End Bits:   [0x00000246f9cd0000, 0x00000246fbcd0000)

Polling page: 0x00000246e4ff0000

Metaspace:

Usage:
  Non-class:     12.72 MB used.
      Class:      1.34 MB used.
       Both:     14.06 MB used.

Virtual space:
  Non-class space:       64.00 MB reserved,      12.81 MB ( 20%) committed,  1 nodes.
      Class space:        1.00 GB reserved,       1.44 MB ( <1%) committed,  1 nodes.
             Both:        1.06 GB reserved,      14.25 MB (  1%) committed. 

Chunk freelists:
   Non-Class:  3.12 MB
       Class:  14.52 MB
        Both:  17.64 MB

MaxMetaspaceSize: unlimited
CompressedClassSpaceSize: 1.00 GB
Initial GC threshold: 21.00 MB
Current GC threshold: 21.00 MB
CDS: off
 - commit_granule_bytes: 65536.
 - commit_granule_words: 8192.
 - virtual_space_node_default_size: 8388608.
 - enlarge_chunks_in_place: 1.
 - use_allocation_guard: 0.


Internal statistics:

num_allocs_failed_limit: 0.
num_arena_births: 198.
num_arena_deaths: 0.
num_vsnodes_births: 2.
num_vsnodes_deaths: 0.
num_space_committed: 228.
num_space_uncommitted: 0.
num_chunks_returned_to_freelist: 0.
num_chunks_taken_from_freelist: 356.
num_chunk_merges: 0.
num_chunk_splits: 229.
num_chunks_enlarged: 150.
num_inconsistent_stats: 0.

CodeHeap 'non-profiled nmethods': size=120000Kb used=539Kb max_used=539Kb free=119460Kb
 bounds [0x00000246f04f0000, 0x00000246f0760000, 0x00000246f7a20000]
CodeHeap 'profiled nmethods': size=120000Kb used=2434Kb max_used=2434Kb free=117565Kb
 bounds [0x00000246e8a20000, 0x00000246e8c90000, 0x00000246eff50000]
CodeHeap 'non-nmethods': size=5760Kb used=1204Kb max_used=1223Kb free=4556Kb
 bounds [0x00000246eff50000, 0x00000246f01c0000, 0x00000246f04f0000]
 total_blobs=1887 nmethods=1417 adapters=377
 compilation: enabled
              stopped_count=0, restarted_count=0
 full_count=0

Compilation events (20 events):
Event: 3.555 Thread 0x00000246850c4f20 1404  s    3       java.util.jar.JarFile::getInputStream (88 bytes)
Event: 3.556 Thread 0x00000246850c4f20 nmethod 1404 0x00000246e8c70190 code [0x00000246e8c70400, 0x00000246e8c70bf0]
Event: 3.557 Thread 0x00000246850c4f20 1405       3       java.lang.ClassLoader::compareCerts (197 bytes)
Event: 3.558 Thread 0x00000246850c4f20 nmethod 1405 0x00000246e8c70e10 code [0x00000246e8c71040, 0x00000246e8c71868]
Event: 3.564 Thread 0x00000246850c4f20 1406       3       java.lang.Math::max (12 bytes)
Event: 3.565 Thread 0x00000246850c4f20 nmethod 1406 0x00000246e8c71b90 code [0x00000246e8c71d20, 0x00000246e8c71e50]
Event: 3.565 Thread 0x00000246850c4f20 1407       3       sun.security.jca.GetInstance::getInstance (28 bytes)
Event: 3.565 Thread 0x00000246850c4f20 nmethod 1407 0x00000246e8c71f10 code [0x00000246e8c720e0, 0x00000246e8c72400]
Event: 3.565 Thread 0x00000246850c4f20 1408       3       sun.security.jca.GetInstance::checkSuperClass (68 bytes)
Event: 3.566 Thread 0x00000246850c4f20 nmethod 1408 0x00000246e8c72590 code [0x00000246e8c72840, 0x00000246e8c73188]
Event: 3.566 Thread 0x0000024685084120 nmethod 1359 0x00000246f0573410 code [0x00000246f0573780, 0x00000246f0575a78]
Event: 3.569 Thread 0x0000024685084120 1361       4       java.lang.StringBuilder::append (8 bytes)
Event: 3.570 Thread 0x00000246850c4f20 1409       3       java.util.HashMap::<init> (17 bytes)
Event: 3.570 Thread 0x00000246850c4f20 nmethod 1409 0x00000246e8c73590 code [0x00000246e8c73740, 0x00000246e8c73948]
Event: 3.570 Thread 0x00000246850c4f20 1411       3       org.eclipse.osgi.container.ModuleRevision$1::copyUnmodifiableMap (68 bytes)
Event: 3.571 Thread 0x00000246850c4f20 nmethod 1411 0x00000246e8c73a90 code [0x00000246e8c73d40, 0x00000246e8c74b80]
Event: 3.571 Thread 0x00000246850c4f20 1410       3       java.util.Collections::emptyMap (4 bytes)
Event: 3.571 Thread 0x00000246850c4f20 nmethod 1410 0x00000246e8c74f90 code [0x00000246e8c75120, 0x00000246e8c75218]
Event: 3.572 Thread 0x00000246850c4f20 1412       3       org.eclipse.osgi.container.ModuleRevision$1::apply (9 bytes)
Event: 3.572 Thread 0x00000246850c4f20 nmethod 1412 0x00000246e8c75290 code [0x00000246e8c75440, 0x00000246e8c75670]

GC Heap History (2 events):
Event: 3.002 GC heap before
{Heap before GC invocations=1 (full 0):
 PSYoungGen      total 29696K, used 25600K [0x00000000d5580000, 0x00000000d7680000, 0x0000000100000000)
  eden space 25600K, 100% used [0x00000000d5580000,0x00000000d6e80000,0x00000000d6e80000)
  from space 4096K, 0% used [0x00000000d7280000,0x00000000d7280000,0x00000000d7680000)
  to   space 4096K, 0% used [0x00000000d6e80000,0x00000000d6e80000,0x00000000d7280000)
 ParOldGen       total 68608K, used 0K [0x0000000080000000, 0x0000000084300000, 0x00000000d5580000)
  object space 68608K, 0% used [0x0000000080000000,0x0000000080000000,0x0000000084300000)
 Metaspace       used 11967K, committed 12224K, reserved 1114112K
  class space    used 1161K, committed 1280K, reserved 1048576K
}
Event: 3.014 GC heap after
{Heap after GC invocations=1 (full 0):
 PSYoungGen      total 29696K, used 3335K [0x00000000d5580000, 0x00000000d7680000, 0x0000000100000000)
  eden space 25600K, 0% used [0x00000000d5580000,0x00000000d5580000,0x00000000d6e80000)
  from space 4096K, 81% used [0x00000000d6e80000,0x00000000d71c1c68,0x00000000d7280000)
  to   space 4096K, 0% used [0x00000000d7280000,0x00000000d7280000,0x00000000d7680000)
 ParOldGen       total 68608K, used 8K [0x0000000080000000, 0x0000000084300000, 0x00000000d5580000)
  object space 68608K, 0% used [0x0000000080000000,0x0000000080002000,0x0000000084300000)
 Metaspace       used 11967K, committed 12224K, reserved 1114112K
  class space    used 1161K, committed 1280K, reserved 1048576K
}

Dll operation events (8 events):
Event: 0.034 Loaded shared library c:\Users\KXDV6659\.vscode\extensions\redhat.java-1.43.1-win32-x64\jre\21.0.7-win32-x86_64\bin\java.dll
Event: 0.189 Loaded shared library c:\Users\KXDV6659\.vscode\extensions\redhat.java-1.43.1-win32-x64\jre\21.0.7-win32-x86_64\bin\zip.dll
Event: 0.789 Loaded shared library C:\Users\KXDV6659\.vscode\extensions\redhat.java-1.43.1-win32-x64\jre\21.0.7-win32-x86_64\bin\instrument.dll
Event: 0.825 Loaded shared library C:\Users\KXDV6659\.vscode\extensions\redhat.java-1.43.1-win32-x64\jre\21.0.7-win32-x86_64\bin\net.dll
Event: 0.829 Loaded shared library C:\Users\KXDV6659\.vscode\extensions\redhat.java-1.43.1-win32-x64\jre\21.0.7-win32-x86_64\bin\nio.dll
Event: 0.855 Loaded shared library C:\Users\KXDV6659\.vscode\extensions\redhat.java-1.43.1-win32-x64\jre\21.0.7-win32-x86_64\bin\zip.dll
Event: 0.905 Loaded shared library C:\Users\KXDV6659\.vscode\extensions\redhat.java-1.43.1-win32-x64\jre\21.0.7-win32-x86_64\bin\jimage.dll
Event: 1.105 Loaded shared library c:\Users\KXDV6659\.vscode\extensions\redhat.java-1.43.1-win32-x64\jre\21.0.7-win32-x86_64\bin\verify.dll

Deoptimization events (20 events):
Event: 3.423 Thread 0x00000246e353bb20 DEOPT PACKING pc=0x00000246e8abd77d sp=0x000000905e4f4580
Event: 3.423 Thread 0x00000246e353bb20 DEOPT UNPACKING pc=0x00000246effa4242 sp=0x000000905e4f3a30 mode 0
Event: 3.427 Thread 0x00000246e353bb20 DEOPT PACKING pc=0x00000246e8abd77d sp=0x000000905e4f4580
Event: 3.427 Thread 0x00000246e353bb20 DEOPT UNPACKING pc=0x00000246effa4242 sp=0x000000905e4f3a30 mode 0
Event: 3.431 Thread 0x00000246e353bb20 DEOPT PACKING pc=0x00000246e8abd77d sp=0x000000905e4f4580
Event: 3.431 Thread 0x00000246e353bb20 DEOPT UNPACKING pc=0x00000246effa4242 sp=0x000000905e4f3a30 mode 0
Event: 3.452 Thread 0x00000246e353bb20 DEOPT PACKING pc=0x00000246e8abd77d sp=0x000000905e4f45b0
Event: 3.452 Thread 0x00000246e353bb20 DEOPT UNPACKING pc=0x00000246effa4242 sp=0x000000905e4f3a60 mode 0
Event: 3.471 Thread 0x00000246e353bb20 DEOPT PACKING pc=0x00000246e8abd81e sp=0x000000905e4f4230
Event: 3.471 Thread 0x00000246e353bb20 DEOPT UNPACKING pc=0x00000246effa4242 sp=0x000000905e4f36e0 mode 0
Event: 3.483 Thread 0x00000246e353bb20 DEOPT PACKING pc=0x00000246e8abd77d sp=0x000000905e4f7bd0
Event: 3.483 Thread 0x00000246e353bb20 DEOPT UNPACKING pc=0x00000246effa4242 sp=0x000000905e4f7080 mode 0
Event: 3.490 Thread 0x00000246e353bb20 Uncommon trap: trap_request=0xffffffc6 fr.pc=0x00000246f0534504 relative=0x00000000000002c4
Event: 3.490 Thread 0x00000246e353bb20 Uncommon trap: reason=bimorphic_or_optimized_type_check action=maybe_recompile pc=0x00000246f0534504 method=java.util.Collections$UnmodifiableCollection$1.next()Ljava/lang/Object; @ 4 c2
Event: 3.490 Thread 0x00000246e353bb20 DEOPT PACKING pc=0x00000246f0534504 sp=0x000000905e4f87c0
Event: 3.490 Thread 0x00000246e353bb20 DEOPT UNPACKING pc=0x00000246effa3aa2 sp=0x000000905e4f8770 mode 2
Event: 3.490 Thread 0x00000246e353bb20 Uncommon trap: trap_request=0xffffffc6 fr.pc=0x00000246f0534504 relative=0x00000000000002c4
Event: 3.490 Thread 0x00000246e353bb20 Uncommon trap: reason=bimorphic_or_optimized_type_check action=maybe_recompile pc=0x00000246f0534504 method=java.util.Collections$UnmodifiableCollection$1.next()Ljava/lang/Object; @ 4 c2
Event: 3.490 Thread 0x00000246e353bb20 DEOPT PACKING pc=0x00000246f0534504 sp=0x000000905e4f87c0
Event: 3.490 Thread 0x00000246e353bb20 DEOPT UNPACKING pc=0x00000246effa3aa2 sp=0x000000905e4f8770 mode 2

Classes loaded (20 events):
Event: 3.328 Loading class java/util/ComparableTimSort
Event: 3.328 Loading class java/util/ComparableTimSort done
Event: 3.400 Loading class java/lang/TypeNotPresentException
Event: 3.400 Loading class java/lang/TypeNotPresentException done
Event: 3.538 Loading class java/security/InvalidKeyException
Event: 3.538 Loading class java/security/KeyException
Event: 3.538 Loading class java/security/GeneralSecurityException
Event: 3.539 Loading class java/security/GeneralSecurityException done
Event: 3.539 Loading class java/security/KeyException done
Event: 3.539 Loading class java/security/InvalidKeyException done
Event: 3.539 Loading class java/security/SignatureException
Event: 3.539 Loading class java/security/SignatureException done
Event: 3.539 Loading class java/security/cert/CertificateException
Event: 3.539 Loading class java/security/cert/CertificateException done
Event: 3.539 Loading class java/security/NoSuchAlgorithmException
Event: 3.539 Loading class java/security/NoSuchAlgorithmException done
Event: 3.539 Loading class java/security/NoSuchProviderException
Event: 3.540 Loading class java/security/NoSuchProviderException done
Event: 3.571 Loading class java/util/AbstractMap$SimpleImmutableEntry
Event: 3.572 Loading class java/util/AbstractMap$SimpleImmutableEntry done

Classes unloaded (0 events):
No events

Classes redefined (0 events):
No events

Internal exceptions (20 events):
Event: 2.031 Thread 0x00000246e353bb20 Implicit null exception at 0x00000246f0521da4 to 0x00000246f052236c
Event: 2.046 Thread 0x00000246e353bb20 Implicit null exception at 0x00000246f0522d20 to 0x00000246f05232dc
Event: 2.053 Thread 0x00000246e353bb20 Exception <a 'java/io/FileNotFoundException'{0x00000000d6512e40}> (0x00000000d6512e40) 
thrown [s\src\hotspot\share\prims\jni.cpp, line 520]
Event: 2.080 Thread 0x00000246e353bb20 Exception <a 'java/lang/NoSuchMethodError'{0x00000000d654e928}: 'java.lang.Object java.lang.invoke.DirectMethodHandle$Holder.invokeInterface(java.lang.Object, java.lang.Object)'> (0x00000000d654e928) 
thrown [s\src\hotspot\share\interpreter\linkResolver.cpp, line 773]
Event: 2.087 Thread 0x00000246e353bb20 Exception <a 'java/lang/NoSuchMethodError'{0x00000000d6562418}: 'java.lang.Object java.lang.invoke.Invokers$Holder.invokeExact_MT(java.lang.Object, java.lang.Object, java.lang.Object, java.lang.Object, java.lang.Object, java.lang.Object)'> (0x00000000d6562418) 
thrown [s\src\hotspot\share\interpreter\linkResolver.cpp, line 773]
Event: 2.104 Thread 0x00000246e353bb20 Exception <a 'java/lang/NoSuchMethodError'{0x00000000d6579670}: 'int java.lang.invoke.DirectMethodHandle$Holder.invokeStatic(java.lang.Object, java.lang.Object, java.lang.Object, java.lang.Object, java.lang.Object)'> (0x00000000d6579670) 
thrown [s\src\hotspot\share\interpreter\linkResolver.cpp, line 773]
Event: 2.309 Thread 0x00000246e353bb20 Exception <a 'java/lang/NoSuchMethodError'{0x00000000d660e678}: 'java.lang.Object java.lang.invoke.DirectMethodHandle$Holder.invokeInterface(java.lang.Object, java.lang.Object, int)'> (0x00000000d660e678) 
thrown [s\src\hotspot\share\interpreter\linkResolver.cpp, line 773]
Event: 2.427 Thread 0x00000246e353bb20 Exception <a 'sun/nio/fs/WindowsException'{0x00000000d66543d8}> (0x00000000d66543d8) 
thrown [s\src\hotspot\share\prims\jni.cpp, line 520]
Event: 2.429 Thread 0x00000246e353bb20 Exception <a 'sun/nio/fs/WindowsException'{0x00000000d6659780}> (0x00000000d6659780) 
thrown [s\src\hotspot\share\prims\jni.cpp, line 520]
Event: 2.832 Thread 0x00000246e353bb20 Exception <a 'java/lang/NoSuchMethodError'{0x00000000d6ad3940}: 'java.lang.ClassLoader java.lang.ClassLoader.getPlatformClassLoader(java.lang.Class)'> (0x00000000d6ad3940) 
thrown [s\src\hotspot\share\interpreter\linkResolver.cpp, line 773]
Event: 3.044 Thread 0x00000246e353bb20 Exception <a 'java/lang/ClassNotFoundException'{0x00000000d55ee3e8}: sun/net/www/protocol/c/Handler> (0x00000000d55ee3e8) 
thrown [s\src\hotspot\share\classfile\systemDictionary.cpp, line 312]
Event: 3.045 Thread 0x00000246e353bb20 Exception <a 'java/lang/ClassNotFoundException'{0x00000000d55ef758}: sun/net/www/protocol/c/Handler> (0x00000000d55ef758) 
thrown [s\src\hotspot\share\classfile\systemDictionary.cpp, line 312]
Event: 3.045 Thread 0x00000246e353bb20 Exception <a 'java/lang/ClassNotFoundException'{0x00000000d55f08f0}: sun/net/www/protocol/c/Handler> (0x00000000d55f08f0) 
thrown [s\src\hotspot\share\classfile\systemDictionary.cpp, line 312]
Event: 3.057 Thread 0x00000246e353bb20 Exception <a 'java/io/FileNotFoundException'{0x00000000d569afa0}> (0x00000000d569afa0) 
thrown [s\src\hotspot\share\prims\jni.cpp, line 520]
Event: 3.118 Thread 0x00000246e353bb20 Implicit null exception at 0x00000246f055ef69 to 0x00000246f055f97c
Event: 3.119 Thread 0x00000246e353bb20 Implicit null exception at 0x00000246f0556920 to 0x00000246f0556b3c
Event: 3.120 Thread 0x00000246e353bb20 Exception <a 'java/lang/NoSuchMethodError'{0x00000000d57c8680}: 'void java.lang.invoke.DirectMethodHandle$Holder.invokeStatic(java.lang.Object, java.lang.Object, java.lang.Object, java.lang.Object)'> (0x00000000d57c8680) 
thrown [s\src\hotspot\share\interpreter\linkResolver.cpp, line 773]
Event: 3.121 Thread 0x00000246e353bb20 Implicit null exception at 0x00000246f0555f20 to 0x00000246f055613c
Event: 3.121 Thread 0x00000246e353bb20 Implicit null exception at 0x00000246f054c1c0 to 0x00000246f054c242
Event: 3.314 Thread 0x00000246e353bb20 Exception <a 'java/lang/NoSuchMethodError'{0x00000000d5bc8490}: 'int java.lang.invoke.DirectMethodHandle$Holder.invokeVirtual(java.lang.Object, java.lang.Object)'> (0x00000000d5bc8490) 
thrown [s\src\hotspot\share\interpreter\linkResolver.cpp, line 773]

ZGC Phase Switch (0 events):
No events

VM Operations (16 events):
Event: 0.720 Executing VM operation: HandshakeAllThreads (Deoptimize)
Event: 0.720 Executing VM operation: HandshakeAllThreads (Deoptimize) done
Event: 0.953 Executing VM operation: HandshakeAllThreads (Deoptimize)
Event: 0.953 Executing VM operation: HandshakeAllThreads (Deoptimize) done
Event: 1.838 Executing VM operation: HandshakeAllThreads (Deoptimize)
Event: 1.838 Executing VM operation: HandshakeAllThreads (Deoptimize) done
Event: 1.838 Executing VM operation: Cleanup
Event: 1.838 Executing VM operation: Cleanup done
Event: 1.891 Executing VM operation: HandshakeAllThreads (Deoptimize)
Event: 1.891 Executing VM operation: HandshakeAllThreads (Deoptimize) done
Event: 2.892 Executing VM operation: Cleanup
Event: 2.892 Executing VM operation: Cleanup done
Event: 2.972 Executing VM operation: HandshakeAllThreads (Deoptimize)
Event: 2.973 Executing VM operation: HandshakeAllThreads (Deoptimize) done
Event: 3.002 Executing VM operation: ParallelGCFailedAllocation (Allocation Failure)
Event: 3.014 Executing VM operation: ParallelGCFailedAllocation (Allocation Failure) done

Memory protections (0 events):
No events

Nmethod flushes (0 events):
No events

Events (11 events):
Event: 0.137 Thread 0x00000246e353bb20 Thread added: 0x00000246e353bb20
Event: 0.457 Thread 0x00000246e353bb20 Thread added: 0x0000024685099980
Event: 0.457 Thread 0x00000246e353bb20 Thread added: 0x00000246850774b0
Event: 0.488 Thread 0x00000246e353bb20 Thread added: 0x000002468507c260
Event: 0.488 Thread 0x00000246e353bb20 Thread added: 0x000002468507ef80
Event: 0.489 Thread 0x00000246e353bb20 Thread added: 0x0000024685080190
Event: 0.489 Thread 0x00000246e353bb20 Thread added: 0x0000024685081bf0
Event: 0.489 Thread 0x00000246e353bb20 Thread added: 0x0000024685084120
Event: 0.491 Thread 0x00000246e353bb20 Thread added: 0x00000246850c4f20
Event: 0.673 Thread 0x00000246e353bb20 Thread added: 0x00000246851d6490
Event: 1.330 Thread 0x00000246e353bb20 Thread added: 0x0000024686117cd0


Dynamic libraries:
0x00007ff7b13f0000 - 0x00007ff7b13fe000 	c:\Users\KXDV6659\.vscode\extensions\redhat.java-1.43.1-win32-x64\jre\21.0.7-win32-x86_64\bin\java.exe
0x00007ff998370000 - 0x00007ff998587000 	C:\WINDOWS\SYSTEM32\ntdll.dll
0x00007ff996740000 - 0x00007ff996804000 	C:\WINDOWS\System32\KERNEL32.DLL
0x00007ff995bf0000 - 0x00007ff995fc3000 	C:\WINDOWS\System32\KERNELBASE.dll
0x00007ff995870000 - 0x00007ff995981000 	C:\WINDOWS\System32\ucrtbase.dll
0x00007ff98c380000 - 0x00007ff98c398000 	c:\Users\KXDV6659\.vscode\extensions\redhat.java-1.43.1-win32-x64\jre\21.0.7-win32-x86_64\bin\jli.dll
0x00007ff996880000 - 0x00007ff996a31000 	C:\WINDOWS\System32\USER32.dll
0x00007ff995fd0000 - 0x00007ff995ff6000 	C:\WINDOWS\System32\win32u.dll
0x00007ff996570000 - 0x00007ff996599000 	C:\WINDOWS\System32\GDI32.dll
0x00007ff9954e0000 - 0x00007ff995602000 	C:\WINDOWS\System32\gdi32full.dll
0x00007ff995ad0000 - 0x00007ff995b6a000 	C:\WINDOWS\System32\msvcp_win.dll
0x00007ff98acf0000 - 0x00007ff98ad0e000 	c:\Users\KXDV6659\.vscode\extensions\redhat.java-1.43.1-win32-x64\jre\21.0.7-win32-x86_64\bin\VCRUNTIME140.dll
0x00007ff97b830000 - 0x00007ff97bacb000 	C:\WINDOWS\WinSxS\amd64_microsoft.windows.common-controls_6595b64144ccf1df_6.0.22621.5262_none_2712bde373830908\COMCTL32.dll
0x00007ff9964c0000 - 0x00007ff996567000 	C:\WINDOWS\System32\msvcrt.dll
0x00007ff996a40000 - 0x00007ff996a71000 	C:\WINDOWS\System32\IMM32.DLL
0x00007ff98cc90000 - 0x00007ff98cc9c000 	c:\Users\KXDV6659\.vscode\extensions\redhat.java-1.43.1-win32-x64\jre\21.0.7-win32-x86_64\bin\vcruntime140_1.dll
0x00007ff9595f0000 - 0x00007ff95967d000 	c:\Users\KXDV6659\.vscode\extensions\redhat.java-1.43.1-win32-x64\jre\21.0.7-win32-x86_64\bin\msvcp140.dll
0x00007ff90c050000 - 0x00007ff90cde0000 	c:\Users\KXDV6659\.vscode\extensions\redhat.java-1.43.1-win32-x64\jre\21.0.7-win32-x86_64\bin\server\jvm.dll
0x00007ff997320000 - 0x00007ff9973d1000 	C:\WINDOWS\System32\ADVAPI32.dll
0x00007ff997980000 - 0x00007ff997a27000 	C:\WINDOWS\System32\sechost.dll
0x00007ff995840000 - 0x00007ff995868000 	C:\WINDOWS\System32\bcrypt.dll
0x00007ff9973e0000 - 0x00007ff9974f4000 	C:\WINDOWS\System32\RPCRT4.dll
0x00007ff9982b0000 - 0x00007ff998321000 	C:\WINDOWS\System32\WS2_32.dll
0x00007ff995330000 - 0x00007ff99537d000 	C:\WINDOWS\SYSTEM32\POWRPROF.dll
0x00007ff98d0b0000 - 0x00007ff98d0e4000 	C:\WINDOWS\SYSTEM32\WINMM.dll
0x00007ff98b770000 - 0x00007ff98b77a000 	C:\WINDOWS\SYSTEM32\VERSION.dll
0x00007ff995310000 - 0x00007ff995323000 	C:\WINDOWS\SYSTEM32\UMPDC.dll
0x00007ff994380000 - 0x00007ff994398000 	C:\WINDOWS\SYSTEM32\kernel.appcore.dll
0x00007ff98c030000 - 0x00007ff98c03a000 	c:\Users\KXDV6659\.vscode\extensions\redhat.java-1.43.1-win32-x64\jre\21.0.7-win32-x86_64\bin\jimage.dll
0x00007ff992b00000 - 0x00007ff992d32000 	C:\WINDOWS\SYSTEM32\DBGHELP.DLL
0x00007ff997b90000 - 0x00007ff997f23000 	C:\WINDOWS\System32\combase.dll
0x00007ff996660000 - 0x00007ff996737000 	C:\WINDOWS\System32\OLEAUT32.dll
0x00007ff970840000 - 0x00007ff970872000 	C:\WINDOWS\SYSTEM32\dbgcore.DLL
0x00007ff995b70000 - 0x00007ff995beb000 	C:\WINDOWS\System32\bcryptPrimitives.dll
0x00007ff98aca0000 - 0x00007ff98acaf000 	c:\Users\KXDV6659\.vscode\extensions\redhat.java-1.43.1-win32-x64\jre\21.0.7-win32-x86_64\bin\instrument.dll
0x00007ff96dfe0000 - 0x00007ff96dfff000 	c:\Users\KXDV6659\.vscode\extensions\redhat.java-1.43.1-win32-x64\jre\21.0.7-win32-x86_64\bin\java.dll
0x00007ff9662a0000 - 0x00007ff9662b8000 	c:\Users\KXDV6659\.vscode\extensions\redhat.java-1.43.1-win32-x64\jre\21.0.7-win32-x86_64\bin\zip.dll
0x00007ff996a80000 - 0x00007ff99731d000 	C:\WINDOWS\System32\SHELL32.dll
0x00007ff995990000 - 0x00007ff995acf000 	C:\WINDOWS\System32\wintypes.dll
0x00007ff9931d0000 - 0x00007ff993aed000 	C:\WINDOWS\SYSTEM32\windows.storage.dll
0x00007ff996350000 - 0x00007ff99645b000 	C:\WINDOWS\System32\SHCORE.dll
0x00007ff996810000 - 0x00007ff996876000 	C:\WINDOWS\System32\shlwapi.dll
0x00007ff995390000 - 0x00007ff9953bb000 	C:\WINDOWS\SYSTEM32\profapi.dll
0x00007ff98a490000 - 0x00007ff98a4a0000 	C:\Users\KXDV6659\.vscode\extensions\redhat.java-1.43.1-win32-x64\jre\21.0.7-win32-x86_64\bin\net.dll
0x00007ff9943a0000 - 0x00007ff9944cc000 	C:\WINDOWS\SYSTEM32\WINHTTP.dll
0x00007ff994920000 - 0x00007ff99498a000 	C:\WINDOWS\system32\mswsock.dll
0x00007ff963340000 - 0x00007ff963356000 	C:\Users\KXDV6659\.vscode\extensions\redhat.java-1.43.1-win32-x64\jre\21.0.7-win32-x86_64\bin\nio.dll
0x00007ff98a440000 - 0x00007ff98a450000 	c:\Users\KXDV6659\.vscode\extensions\redhat.java-1.43.1-win32-x64\jre\21.0.7-win32-x86_64\bin\verify.dll

dbghelp: loaded successfully - version: 4.0.5 - missing functions: none
symbol engine: initialized successfully - sym options: 0x614 - pdb path: .;c:\Users\KXDV6659\.vscode\extensions\redhat.java-1.43.1-win32-x64\jre\21.0.7-win32-x86_64\bin;C:\WINDOWS\SYSTEM32;C:\WINDOWS\WinSxS\amd64_microsoft.windows.common-controls_6595b64144ccf1df_6.0.22621.5262_none_2712bde373830908;c:\Users\KXDV6659\.vscode\extensions\redhat.java-1.43.1-win32-x64\jre\21.0.7-win32-x86_64\bin\server

VM Arguments:
jvm_args: --add-modules=ALL-SYSTEM --add-opens=java.base/java.util=ALL-UNNAMED --add-opens=java.base/java.lang=ALL-UNNAMED --add-opens=java.base/sun.nio.fs=ALL-UNNAMED -Declipse.application=org.eclipse.jdt.ls.core.id1 -Dosgi.bundles.defaultStartLevel=4 -Declipse.product=org.eclipse.jdt.ls.core.product -Djava.import.generatesMetadataFilesAtProjectRoot=false -DDetectVMInstallationsJob.disabled=true -Dfile.encoding=utf8 -XX:+UseParallelGC -XX:GCTimeRatio=4 -XX:AdaptiveSizePolicyWeight=90 -Dsun.zip.disableMemoryMapping=true -Xmx2G -Xms100m -Xlog:disable -javaagent:c:\Users\KXDV6659\.vscode\extensions\redhat.java-1.43.1-win32-x64\lombok\lombok-1.18.39-4050.jar -XX:+HeapDumpOnOutOfMemoryError -XX:HeapDumpPath=c:\Users\KXDV6659\AppData\Roaming\Code\User\workspaceStorage\09d1fbf1bfac8b708df791d1d1490cda\redhat.java -Daether.dependencyCollector.impl=bf 
java_command: c:\Users\KXDV6659\.vscode\extensions\redhat.java-1.43.1-win32-x64\server\plugins\org.eclipse.equinox.launcher_1.7.0.v20250519-0528.jar -configuration c:\Users\KXDV6659\AppData\Roaming\Code\User\globalStorage\redhat.java\1.43.1\config_win -data c:\Users\KXDV6659\AppData\Roaming\Code\User\workspaceStorage\09d1fbf1bfac8b708df791d1d1490cda\redhat.java\jdt_ws --pipe=\\.\pipe\lsp-d7b1b1afae2ddef9127c77ddfdb9ab3d-sock
java_class_path (initial): c:\Users\KXDV6659\.vscode\extensions\redhat.java-1.43.1-win32-x64\server\plugins\org.eclipse.equinox.launcher_1.7.0.v20250519-0528.jar
Launcher Type: SUN_STANDARD

[Global flags]
    uintx AdaptiveSizePolicyWeight                 = 90                                        {product} {command line}
     intx CICompilerCount                          = 4                                         {product} {ergonomic}
    uintx GCTimeRatio                              = 4                                         {product} {command line}
     bool HeapDumpOnOutOfMemoryError               = true                                   {manageable} {command line}
    ccstr HeapDumpPath                             = c:\Users\KXDV6659\AppData\Roaming\Code\User\workspaceStorage\09d1fbf1bfac8b708df791d1d1490cda\redhat.java         {manageable} {command line}
   size_t InitialHeapSize                          = 104857600                                 {product} {command line}
   size_t MaxHeapSize                              = 2147483648                                {product} {command line}
   size_t MaxNewSize                               = 715653120                                 {product} {ergonomic}
   size_t MinHeapDeltaBytes                        = 524288                                    {product} {ergonomic}
   size_t MinHeapSize                              = 104857600                                 {product} {command line}
   size_t NewSize                                  = 34603008                                  {product} {ergonomic}
    uintx NonNMethodCodeHeapSize                   = 5839372                                {pd product} {ergonomic}
    uintx NonProfiledCodeHeapSize                  = 122909434                              {pd product} {ergonomic}
   size_t OldSize                                  = 70254592                                  {product} {ergonomic}
    uintx ProfiledCodeHeapSize                     = 122909434                              {pd product} {ergonomic}
    uintx ReservedCodeCacheSize                    = 251658240                              {pd product} {ergonomic}
     bool SegmentedCodeCache                       = true                                      {product} {ergonomic}
   size_t SoftMaxHeapSize                          = 2147483648                             {manageable} {ergonomic}
     bool UseCompressedOops                        = true                           {product lp64_product} {ergonomic}
     bool UseLargePagesIndividualAllocation        = false                                  {pd product} {ergonomic}
     bool UseParallelGC                            = true                                      {product} {command line}

Logging:
Log output configuration:
 #0: stdout all=off uptime,level,tags foldmultilines=false
 #1: stderr all=off uptime,level,tags foldmultilines=false

Environment Variables:
JAVA_HOME=C:\Program Files\Eclipse Adoptium\jdk-21.0.7.6-hotspot
PATH=C:\Program Files\Eclipse Adoptium\jdk-21.0.7.6-hotspot\bin;C:\WINDOWS\system32;C:\WINDOWS;C:\WINDOWS\System32\Wbem;C:\WINDOWS\System32\WindowsPowerShell\v1.0\;C:\WINDOWS\System32\OpenSSH\;C:\Program Files (x86)\Pulse Secure\VC142.CRT\X64\;C:\Program Files (x86)\Pulse Secure\VC142.CRT\X86\;C:\Program Files (x86)\Common Files\Pulse Secure\TNC Client Plugin\;C:\Program Files\SafeNet\Authentication\SAC\x64;C:\Program Files\SafeNet\Authentication\SAC\x32;C:\Program Files (x86)\Sennheiser\SenncomSDK\;C:\Program Files\apache-maven-3.9.0\bin;C:\Program Files\Java\jdk-17\bin;C:\Program Files\Eclipse Adoptium\jdk-21.0.7.6-hotspot\bin;C:\Users\KXDV6659\spark\bin;C:\Users\KXDV6659\hadoop\bin;C:\Program Files\OpenSSL-Win64\bin;C:\Users\KXDV6659\AppData\Local\nvm;C:\nvm4w\nodejs;C:\ProgramData\chocolatey\bin;;C:\Users\KXDV6659\OneDrive - orange.com\Bureau\sqlite3;C:\Users\KXDV6659\OneDrive - orange.com\Bureau\flutter\flutter\bin;C:\Program Files\MySQL\MySQL Server 8.4\bin;C:\Users\KXDV6659\AppData\Local\Programs\Python\Python35-32\Scripts\;C:\Users\KXDV6659\AppData\Local\Programs\Python\Python35-32\;C:\Users\KXDV6659\AppData\Local\Programs\Python\Python311\Scripts\;C:\Users\KXDV6659\AppData\Local\Programs\Python\Python311\;C:\Users\KXDV6659\AppData\Local\Programs\Python\Launcher\;C:\Users\KXDV6659\AppData\Local\Microsoft\WindowsApps;C:\Users\KXDV6659\AppData\Local\Programs\Microsoft VS Code\bin;C:\Users\KXDV6659\spark\bin;C:\Users\KXDV6659\hadoop\bin;C:\Users\KXDV6659\AppData\Local\Programs\Git\cmd;C:\Users\KXDV6659\AppData\Local\nvm;C:\nvm4w\nodejs;C:\Users\KXDV6659\AppData\Roaming\npm
USERNAME=KXDV6659
OS=Windows_NT
PROCESSOR_IDENTIFIER=Intel64 Family 6 Model 142 Stepping 12, GenuineIntel
TMP=C:\Users\KXDV6659\AppData\Local\Temp
TEMP=C:\Users\KXDV6659\AppData\Local\Temp




Periodic native trim disabled

---------------  S Y S T E M  ---------------

OS:
 Windows 11 , 64 bit Build 22621 (10.0.22621.5262)
OS uptime: 0 days 0:39 hours
Hyper-V role detected

CPU: total 8 (initial active 8) (4 cores per cpu, 2 threads per core) family 6 model 142 stepping 12 microcode 0xf4, cx8, cmov, fxsr, ht, mmx, 3dnowpref, sse, sse2, sse3, ssse3, sse4.1, sse4.2, popcnt, lzcnt, tsc, tscinvbit, avx, avx2, aes, erms, clmul, bmi1, bmi2, adx, fma, vzeroupper, clflush, clflushopt, hv, rdtscp, f16c
Processor Information for the first 8 processors :
  Max Mhz: 1896, Current Mhz: 1596, Mhz Limit: 1592

Memory: 4k page, system-wide physical 7998M (11M free)
TotalPageFile size 12094M (AvailPageFile size 3M)
current process WorkingSet (physical memory assigned to process): 81M, peak: 83M
current process commit charge ("private bytes"): 234M, peak: 235M

vm_info: OpenJDK 64-Bit Server VM (21.0.7+6-LTS) for windows-amd64 JRE (21.0.7+6-LTS), built on 2025-04-15T00:00:00Z by "admin" with MS VC++ 17.7 (VS2022)

END.
