#
# There is insufficient memory for the Java Runtime Environment to continue.
# Native memory allocation (malloc) failed to allocate 65552 bytes. Error detail: Chunk::new
# Possible reasons:
#   The system is out of physical RAM or swap space
#   This process is running with CompressedOops enabled, and the Java Heap may be blocking the growth of the native heap
# Possible solutions:
#   Reduce memory load on the system
#   Increase physical memory or swap space
#   Check if swap backing store is full
#   Decrease Java heap size (-Xmx/-Xms)
#   Decrease number of Java threads
#   Decrease Java thread stack sizes (-Xss)
#   Set larger code cache with -XX:ReservedCodeCacheSize=
#   JVM is running with Unscaled Compressed Oops mode in which the Java heap is
#     placed in the first 4GB address space. The Java Heap base address is the
#     maximum limit for the native heap growth. Please use -XX:HeapBaseMinAddress
#     to set the Java Heap base and to place the Java Heap above 4GB virtual address.
# This output file may be truncated or incomplete.
#
#  Out of Memory Error (arena.cpp:168), pid=11536, tid=17656
#
# JRE version: OpenJDK Runtime Environment Temurin-21.0.7+6 (21.0.7+6) (build 21.0.7+6-LTS)
# Java VM: OpenJDK 64-Bit Server VM Temurin-21.0.7+6 (21.0.7+6-LTS, mixed mode, sharing, tiered, compressed oops, compressed class ptrs, parallel gc, windows-amd64)
# No core dump will be written. Minidumps are not enabled by default on client versions of Windows
#

---------------  S U M M A R Y ------------

Command Line: --add-modules=ALL-SYSTEM --add-opens=java.base/java.util=ALL-UNNAMED --add-opens=java.base/java.lang=ALL-UNNAMED --add-opens=java.base/sun.nio.fs=ALL-UNNAMED -Declipse.application=org.eclipse.jdt.ls.core.id1 -Dosgi.bundles.defaultStartLevel=4 -Declipse.product=org.eclipse.jdt.ls.core.product -Djava.import.generatesMetadataFilesAtProjectRoot=false -DDetectVMInstallationsJob.disabled=true -Dfile.encoding=utf8 -XX:+UseParallelGC -XX:GCTimeRatio=4 -XX:AdaptiveSizePolicyWeight=90 -Dsun.zip.disableMemoryMapping=true -Xmx1G -Xms100m -Xlog:disable -javaagent:c:\Users\KXDV6659\.vscode\extensions\redhat.java-1.42.0-win32-x64\lombok\lombok-1.18.36.jar c:\Users\KXDV6659\.vscode\extensions\redhat.java-1.42.0-win32-x64\server\plugins\org.eclipse.equinox.launcher_1.7.0.v20250424-1814.jar -configuration c:\Users\KXDV6659\AppData\Roaming\Code\User\globalStorage\redhat.java\1.42.0\config_ss_win -data c:\Users\KXDV6659\AppData\Roaming\Code\User\workspaceStorage\09d1fbf1bfac8b708df791d1d1490cda\redhat.java\ss_ws --pipe=\\.\pipe\lsp-e983c3d47c9e6d1c0d97bdb0ea30b1fb-sock

Host: Intel(R) Core(TM) i5-8365U CPU @ 1.60GHz, 8 cores, 7G,  Windows 11 , 64 bit Build 22621 (10.0.22621.5262)
Time: Fri Jun 13 23:20:30 2025 Morocco Daylight Time elapsed time: 62.446401 seconds (0d 0h 1m 2s)

---------------  T H R E A D  ---------------

Current thread (0x000001fe5ad74310):  JavaThread "C2 CompilerThread0" daemon [_thread_in_native, id=17656, stack(0x0000002bf4100000,0x0000002bf4200000) (1024K)]


Current CompileTask:
C2:62446 5432       4       jdk.internal.org.objectweb.asm.SymbolTable::addConstantMemberReference (147 bytes)

Stack: [0x0000002bf4100000,0x0000002bf4200000]
Native frames: (J=compiled Java code, j=interpreted, Vv=VM code, C=native code)
V  [jvm.dll+0x6ce119]
V  [jvm.dll+0x8a84a1]
V  [jvm.dll+0x8aa9ce]
V  [jvm.dll+0x8ab0b3]
V  [jvm.dll+0x27f8a6]
V  [jvm.dll+0xc507d]
V  [jvm.dll+0xc55b3]
V  [jvm.dll+0xc51a5]
V  [jvm.dll+0x72402c]
V  [jvm.dll+0x601727]
V  [jvm.dll+0x5e689a]
V  [jvm.dll+0x5e3af8]
V  [jvm.dll+0x5e5b48]
V  [jvm.dll+0x5e56d9]
V  [jvm.dll+0x5e4f2e]
V  [jvm.dll+0x5e4ef5]
V  [jvm.dll+0x5e4f41]
V  [jvm.dll+0x5e4f41]
V  [jvm.dll+0x5f7335]
V  [jvm.dll+0x250cb2]
V  [jvm.dll+0x249626]
V  [jvm.dll+0x246fc4]
V  [jvm.dll+0x1c760e]
V  [jvm.dll+0x25695a]
V  [jvm.dll+0x254efa]
V  [jvm.dll+0x3f03f6]
V  [jvm.dll+0x851f6b]
V  [jvm.dll+0x6cc7dd]
C  [ucrtbase.dll+0x29333]
C  [KERNEL32.DLL+0x1259d]
C  [ntdll.dll+0x5af58]


---------------  P R O C E S S  ---------------

Threads class SMR info:
_java_thread_list=0x000001fe622924c0, length=40, elements={
0x000001fe469a20f0, 0x000001fe46a5d360, 0x000001fe5ad53fa0, 0x000001fe5ad560b0,
0x000001fe5ad59de0, 0x000001fe5ad5b910, 0x000001fe5ad5fc30, 0x000001fe5ad74310,
0x000001fe5ad76510, 0x000001fe5ad60fe0, 0x000001fe5ad60950, 0x000001fe5ad5e1f0,
0x000001fe5ad5f5a0, 0x000001fe5ad602c0, 0x000001fe5ad5db60, 0x000001fe5ad5ef10,
0x000001fe61cb2e10, 0x000001fe61cb1a60, 0x000001fe61cb34a0, 0x000001fe61cae5e0,
0x000001fe61caf300, 0x000001fe61caec70, 0x000001fe61cb06b0, 0x000001fe61caf990,
0x000001fe61cb0020, 0x000001fe61cb2780, 0x000001fe61cad8c0, 0x000001fe61cb0d40,
0x000001fe61cb13d0, 0x000001fe61cb3b30, 0x000001fe61cb20f0, 0x000001fe61cadf50,
0x000001fe61cb41c0, 0x000001fe61cad230, 0x000001fe61cb4850, 0x000001fe622e4040,
0x000001fe622e8870, 0x000001fe622e8f00, 0x000001fe622e6110, 0x000001fe622e6e30
}

Java Threads: ( => current thread )
  0x000001fe469a20f0 JavaThread "main"                              [_thread_blocked, id=19012, stack(0x0000002bf3700000,0x0000002bf3800000) (1024K)]
  0x000001fe46a5d360 JavaThread "Reference Handler"          daemon [_thread_blocked, id=14044, stack(0x0000002bf3b00000,0x0000002bf3c00000) (1024K)]
  0x000001fe5ad53fa0 JavaThread "Finalizer"                  daemon [_thread_blocked, id=14040, stack(0x0000002bf3c00000,0x0000002bf3d00000) (1024K)]
  0x000001fe5ad560b0 JavaThread "Signal Dispatcher"          daemon [_thread_blocked, id=14032, stack(0x0000002bf3d00000,0x0000002bf3e00000) (1024K)]
  0x000001fe5ad59de0 JavaThread "Attach Listener"            daemon [_thread_blocked, id=14036, stack(0x0000002bf3e00000,0x0000002bf3f00000) (1024K)]
  0x000001fe5ad5b910 JavaThread "Service Thread"             daemon [_thread_blocked, id=17004, stack(0x0000002bf3f00000,0x0000002bf4000000) (1024K)]
  0x000001fe5ad5fc30 JavaThread "Monitor Deflation Thread"   daemon [_thread_blocked, id=18480, stack(0x0000002bf4000000,0x0000002bf4100000) (1024K)]
=>0x000001fe5ad74310 JavaThread "C2 CompilerThread0"         daemon [_thread_in_native, id=17656, stack(0x0000002bf4100000,0x0000002bf4200000) (1024K)]
  0x000001fe5ad76510 JavaThread "C1 CompilerThread0"         daemon [_thread_in_native, id=15124, stack(0x0000002bf4200000,0x0000002bf4300000) (1024K)]
  0x000001fe5ad60fe0 JavaThread "Common-Cleaner"             daemon [_thread_blocked, id=17844, stack(0x0000002bf4300000,0x0000002bf4400000) (1024K)]
  0x000001fe5ad60950 JavaThread "Notification Thread"        daemon [_thread_blocked, id=5212, stack(0x0000002bf4500000,0x0000002bf4600000) (1024K)]
  0x000001fe5ad5e1f0 JavaThread "Active Thread: Equinox Container: 6a4db359-736e-4e0d-9fdc-eb313975c854"        [_thread_blocked, id=896, stack(0x0000002bf4d00000,0x0000002bf4e00000) (1024K)]
  0x000001fe5ad5f5a0 JavaThread "Framework Event Dispatcher: Equinox Container: 6a4db359-736e-4e0d-9fdc-eb313975c854" daemon [_thread_blocked, id=16144, stack(0x0000002bf4400000,0x0000002bf4500000) (1024K)]
  0x000001fe5ad602c0 JavaThread "Start Level: Equinox Container: 6a4db359-736e-4e0d-9fdc-eb313975c854" daemon [_thread_blocked, id=15836, stack(0x0000002bf4c00000,0x0000002bf4d00000) (1024K)]
  0x000001fe5ad5db60 JavaThread "SCR Component Actor"        daemon [_thread_blocked, id=15916, stack(0x0000002bf4f00000,0x0000002bf5000000) (1024K)]
  0x000001fe5ad5ef10 JavaThread "Worker-JM"                         [_thread_blocked, id=13056, stack(0x0000002bf5100000,0x0000002bf5200000) (1024K)]
  0x000001fe61cb2e10 JavaThread "JNA Cleaner"                daemon [_thread_blocked, id=16868, stack(0x0000002bf5200000,0x0000002bf5300000) (1024K)]
  0x000001fe61cb1a60 JavaThread "Worker-0"                          [_thread_blocked, id=16876, stack(0x0000002bf5300000,0x0000002bf5400000) (1024K)]
  0x000001fe61cb34a0 JavaThread "Worker-1: Shutdown..."             [_thread_in_vm, id=16880, stack(0x0000002bf5400000,0x0000002bf5500000) (1024K)]
  0x000001fe61cae5e0 JavaThread "Thread-2"                   daemon [_thread_in_native, id=17828, stack(0x0000002bf5800000,0x0000002bf5900000) (1024K)]
  0x000001fe61caf300 JavaThread "Thread-3"                   daemon [_thread_in_native, id=16780, stack(0x0000002bf5900000,0x0000002bf5a00000) (1024K)]
  0x000001fe61caec70 JavaThread "Thread-4"                   daemon [_thread_in_native, id=5068, stack(0x0000002bf5a00000,0x0000002bf5b00000) (1024K)]
  0x000001fe61cb06b0 JavaThread "Thread-5"                   daemon [_thread_in_native, id=13928, stack(0x0000002bf5b00000,0x0000002bf5c00000) (1024K)]
  0x000001fe61caf990 JavaThread "Thread-6"                   daemon [_thread_in_native, id=3880, stack(0x0000002bf5c00000,0x0000002bf5d00000) (1024K)]
  0x000001fe61cb0020 JavaThread "Thread-7"                   daemon [_thread_in_native, id=17076, stack(0x0000002bf5d00000,0x0000002bf5e00000) (1024K)]
  0x000001fe61cb2780 JavaThread "Thread-8"                   daemon [_thread_in_native, id=16676, stack(0x0000002bf5e00000,0x0000002bf5f00000) (1024K)]
  0x000001fe61cad8c0 JavaThread "Thread-9"                   daemon [_thread_in_native, id=4420, stack(0x0000002bf5f00000,0x0000002bf6000000) (1024K)]
  0x000001fe61cb0d40 JavaThread "Thread-10"                  daemon [_thread_in_native, id=1808, stack(0x0000002bf6000000,0x0000002bf6100000) (1024K)]
  0x000001fe61cb13d0 JavaThread "pool-2-thread-1"                   [_thread_blocked, id=17104, stack(0x0000002bf6100000,0x0000002bf6200000) (1024K)]
  0x000001fe61cb3b30 JavaThread "Worker-2"                          [_thread_blocked, id=19428, stack(0x0000002bf6200000,0x0000002bf6300000) (1024K)]
  0x000001fe61cb20f0 JavaThread "WorkspaceEventsHandler"            [_thread_blocked, id=10744, stack(0x0000002bf6300000,0x0000002bf6400000) (1024K)]
  0x000001fe61cadf50 JavaThread "pool-1-thread-1"                   [_thread_blocked, id=15676, stack(0x0000002bf6400000,0x0000002bf6500000) (1024K)]
  0x000001fe61cb41c0 JavaThread "ForkJoinPool.commonPool-worker-1" daemon [_thread_blocked, id=16484, stack(0x0000002bf6500000,0x0000002bf6600000) (1024K)]
  0x000001fe61cad230 JavaThread "ForkJoinPool.commonPool-worker-2" daemon [_thread_blocked, id=16480, stack(0x0000002bf6600000,0x0000002bf6700000) (1024K)]
  0x000001fe61cb4850 JavaThread "ForkJoinPool.commonPool-worker-3" daemon [_thread_blocked, id=5288, stack(0x0000002bf6700000,0x0000002bf6800000) (1024K)]
  0x000001fe622e4040 JavaThread "Compiler Source File Reader" daemon [_thread_blocked, id=11508, stack(0x0000002bf6900000,0x0000002bf6a00000) (1024K)]
  0x000001fe622e8870 JavaThread "Compiler Processing Task"   daemon [_thread_blocked, id=13340, stack(0x0000002bf5000000,0x0000002bf5100000) (1024K)]
  0x000001fe622e8f00 JavaThread "ForkJoinPool.commonPool-worker-4" daemon [_thread_blocked, id=8976, stack(0x0000002bf6a00000,0x0000002bf6b00000) (1024K)]
  0x000001fe622e6110 JavaThread "ForkJoinPool.commonPool-worker-5" daemon [_thread_blocked, id=19212, stack(0x0000002bf6b00000,0x0000002bf6c00000) (1024K)]
  0x000001fe622e6e30 JavaThread "pool-3-thread-1"                   [_thread_blocked, id=9012, stack(0x0000002bf3400000,0x0000002bf3500000) (1024K)]
Total: 40

Other Threads:
  0x000001fe5ad53610 VMThread "VM Thread"                           [id=11912, stack(0x0000002bf3a00000,0x0000002bf3b00000) (1024K)]
  0x000001fe5ac6ca00 WatcherThread "VM Periodic Task Thread"        [id=13804, stack(0x0000002bf3900000,0x0000002bf3a00000) (1024K)]
  0x000001fe469c12a0 WorkerThread "GC Thread#0"                     [id=12432, stack(0x0000002bf3800000,0x0000002bf3900000) (1024K)]
  0x000001fe6147abe0 WorkerThread "GC Thread#1"                     [id=8276, stack(0x0000002bf4600000,0x0000002bf4700000) (1024K)]
  0x000001fe611b7f30 WorkerThread "GC Thread#2"                     [id=6832, stack(0x0000002bf4700000,0x0000002bf4800000) (1024K)]
  0x000001fe611b82d0 WorkerThread "GC Thread#3"                     [id=10344, stack(0x0000002bf4800000,0x0000002bf4900000) (1024K)]
  0x000001fe5caa1a20 WorkerThread "GC Thread#4"                     [id=16968, stack(0x0000002bf4900000,0x0000002bf4a00000) (1024K)]
  0x000001fe5caa21d0 WorkerThread "GC Thread#5"                     [id=11248, stack(0x0000002bf4a00000,0x0000002bf4b00000) (1024K)]
  0x000001fe5caa2f90 WorkerThread "GC Thread#6"                     [id=16500, stack(0x0000002bf4b00000,0x0000002bf4c00000) (1024K)]
  0x000001fe618cf2d0 WorkerThread "GC Thread#7"                     [id=14376, stack(0x0000002bf4e00000,0x0000002bf4f00000) (1024K)]
Total: 10

Threads with active compile tasks:
C2 CompilerThread0  62506 5432       4       jdk.internal.org.objectweb.asm.SymbolTable::addConstantMemberReference (147 bytes)
Total: 1

VM state: not at safepoint (normal execution)

VM Mutex/Monitor currently owned by a thread: None

OutOfMemory and StackOverflow Exception counts:
OutOfMemoryError java_heap_errors=1
LinkageErrors=122

Heap address: 0x00000000c0000000, size: 1024 MB, Compressed Oops mode: 32-bit

CDS archive(s) mapped at: [0x000001fe00000000-0x000001fe00ba0000-0x000001fe00ba0000), size 12189696, SharedBaseAddress: 0x000001fe00000000, ArchiveRelocationMode: 1.
Compressed class space mapped at: 0x000001fe01000000-0x000001fe41000000, reserved size: 1073741824
Narrow klass base: 0x000001fe00000000, Narrow klass shift: 0, Narrow klass range: 0x100000000

GC Precious Log:
 CardTable entry size: 512
 CPUs: 8 total, 8 available
 Memory: 7998M
 Large Page Support: Disabled
 NUMA Support: Disabled
 Compressed Oops: Enabled (32-bit)
 Alignments: Space 512K, Generation 512K, Heap 2M
 Heap Min Capacity: 100M
 Heap Initial Capacity: 100M
 Heap Max Capacity: 1G
 Pre-touch: Disabled
 Parallel Workers: 8

Heap:
 PSYoungGen      total 22016K, used 6460K [0x00000000eab00000, 0x00000000ec480000, 0x0000000100000000)
  eden space 20992K, 25% used [0x00000000eab00000,0x00000000eb053280,0x00000000ebf80000)
  from space 1024K, 98% used [0x00000000ec000000,0x00000000ec0fc050,0x00000000ec100000)
  to   space 2560K, 0% used [0x00000000ec200000,0x00000000ec200000,0x00000000ec480000)
 ParOldGen       total 68608K, used 31948K [0x00000000c0000000, 0x00000000c4300000, 0x00000000eab00000)
  object space 68608K, 46% used [0x00000000c0000000,0x00000000c1f33280,0x00000000c4300000)
 Metaspace       used 42966K, committed 44032K, reserved 1114112K
  class space    used 4260K, committed 4736K, reserved 1048576K

Card table byte_map: [0x000001fe46340000,0x000001fe46550000] _byte_map_base: 0x000001fe45d40000

Marking Bits: (ParMarkBitMap*) 0x00007ffb8f6631f0
 Begin Bits: [0x000001fe58b90000, 0x000001fe59b90000)
 End Bits:   [0x000001fe59b90000, 0x000001fe5ab90000)

Polling page: 0x000001fe44820000

Metaspace:

Usage:
  Non-class:     37.80 MB used.
      Class:      4.16 MB used.
       Both:     41.96 MB used.

Virtual space:
  Non-class space:       64.00 MB reserved,      38.38 MB ( 60%) committed,  1 nodes.
      Class space:        1.00 GB reserved,       4.62 MB ( <1%) committed,  1 nodes.
             Both:        1.06 GB reserved,      43.00 MB (  4%) committed. 

Chunk freelists:
   Non-Class:  9.52 MB
       Class:  11.33 MB
        Both:  20.84 MB

MaxMetaspaceSize: unlimited
CompressedClassSpaceSize: 1.00 GB
Initial GC threshold: 21.00 MB
Current GC threshold: 58.38 MB
CDS: on
 - commit_granule_bytes: 65536.
 - commit_granule_words: 8192.
 - virtual_space_node_default_size: 8388608.
 - enlarge_chunks_in_place: 1.
 - use_allocation_guard: 0.


Internal statistics:

num_allocs_failed_limit: 6.
num_arena_births: 960.
num_arena_deaths: 102.
num_vsnodes_births: 2.
num_vsnodes_deaths: 0.
num_space_committed: 687.
num_space_uncommitted: 0.
num_chunks_returned_to_freelist: 145.
num_chunks_taken_from_freelist: 2929.
num_chunk_merges: 43.
num_chunk_splits: 1770.
num_chunks_enlarged: 1000.
num_inconsistent_stats: 0.

CodeHeap 'non-profiled nmethods': size=120000Kb used=2766Kb max_used=2766Kb free=117233Kb
 bounds [0x000001fe51660000, 0x000001fe51920000, 0x000001fe58b90000]
CodeHeap 'profiled nmethods': size=120000Kb used=10676Kb max_used=10676Kb free=109323Kb
 bounds [0x000001fe49b90000, 0x000001fe4a600000, 0x000001fe510c0000]
CodeHeap 'non-nmethods': size=5760Kb used=1412Kb max_used=1458Kb free=4347Kb
 bounds [0x000001fe510c0000, 0x000001fe51330000, 0x000001fe51660000]
 total_blobs=5783 nmethods=5057 adapters=630
 compilation: enabled
              stopped_count=0, restarted_count=0
 full_count=0

Compilation events (20 events):
Event: 62.367 Thread 0x000001fe5ad76510 nmethod 5420 0x000001fe4a5edf90 code [0x000001fe4a5ee140, 0x000001fe4a5ee288]
Event: 62.367 Thread 0x000001fe5ad76510 5421       1       java.lang.StackTraceElement::getClassName (5 bytes)
Event: 62.367 Thread 0x000001fe5ad76510 nmethod 5421 0x000001fe51912410 code [0x000001fe519125a0, 0x000001fe51912668]
Event: 62.370 Thread 0x000001fe5ad76510 5422       3       com.sun.org.apache.xerces.internal.util.AugmentationsImpl::<init> (17 bytes)
Event: 62.370 Thread 0x000001fe5ad76510 nmethod 5422 0x000001fe4a5ee390 code [0x000001fe4a5ee560, 0x000001fe4a5ee920]
Event: 62.373 Thread 0x000001fe5ad76510 5423       1       jdk.xml.internal.XMLSecurityManager$Limit::systemProperty (5 bytes)
Event: 62.374 Thread 0x000001fe5ad76510 nmethod 5423 0x000001fe51912710 code [0x000001fe519128a0, 0x000001fe51912968]
Event: 62.374 Thread 0x000001fe5ad76510 5424       3       java.util.Vector::add (23 bytes)
Event: 62.375 Thread 0x000001fe5ad76510 nmethod 5424 0x000001fe4a5eea90 code [0x000001fe4a5eec60, 0x000001fe4a5eefd0]
Event: 62.378 Thread 0x000001fe5ad76510 5425       3       java.nio.ByteBuffer::flip (7 bytes)
Event: 62.378 Thread 0x000001fe5ad76510 nmethod 5425 0x000001fe4a5ef190 code [0x000001fe4a5ef340, 0x000001fe4a5ef4c0]
Event: 62.380 Thread 0x000001fe5ad76510 5427       3       java.util.Calendar::get (10 bytes)
Event: 62.380 Thread 0x000001fe5ad76510 nmethod 5427 0x000001fe4a5ef590 code [0x000001fe4a5ef740, 0x000001fe4a5ef9a0]
Event: 62.388 Thread 0x000001fe5ad76510 5429       3       java.lang.invoke.SimpleMethodHandle::copyWithExtendL (7 bytes)
Event: 62.388 Thread 0x000001fe5ad76510 nmethod 5429 0x000001fe4a5efb10 code [0x000001fe4a5efcc0, 0x000001fe4a5efe58]
Event: 62.415 Thread 0x000001fe5ad76510 5430       3       java.lang.invoke.VarHandleGuards::guard_LLL_Z (86 bytes)
Event: 62.418 Thread 0x000001fe5ad76510 nmethod 5430 0x000001fe4a5eff10 code [0x000001fe4a5f0240, 0x000001fe4a5f1aa0]
Event: 62.419 Thread 0x000001fe5ad74310 5432       4       jdk.internal.org.objectweb.asm.SymbolTable::addConstantMemberReference (147 bytes)
Event: 62.443 Thread 0x000001fe5ad76510 5434       3       java.lang.invoke.SimpleMethodHandle::<init> (7 bytes)
Event: 62.444 Thread 0x000001fe5ad76510 nmethod 5434 0x000001fe4a5f2210 code [0x000001fe4a5f23c0, 0x000001fe4a5f2580]

GC Heap History (20 events):
Event: 17.642 GC heap before
{Heap before GC invocations=16 (full 1):
 PSYoungGen      total 24064K, used 23844K [0x00000000eab00000, 0x00000000ec580000, 0x0000000100000000)
  eden space 21504K, 100% used [0x00000000eab00000,0x00000000ec000000,0x00000000ec000000)
  from space 2560K, 91% used [0x00000000ec300000,0x00000000ec549000,0x00000000ec580000)
  to   space 2560K, 0% used [0x00000000ec000000,0x00000000ec000000,0x00000000ec280000)
 ParOldGen       total 68608K, used 21855K [0x00000000c0000000, 0x00000000c4300000, 0x00000000eab00000)
  object space 68608K, 31% used [0x00000000c0000000,0x00000000c1557ec0,0x00000000c4300000)
 Metaspace       used 33863K, committed 34880K, reserved 1114112K
  class space    used 3398K, committed 3840K, reserved 1048576K
}
Event: 17.649 GC heap after
{Heap after GC invocations=16 (full 1):
 PSYoungGen      total 24064K, used 2016K [0x00000000eab00000, 0x00000000ec500000, 0x0000000100000000)
  eden space 21504K, 0% used [0x00000000eab00000,0x00000000eab00000,0x00000000ec000000)
  from space 2560K, 78% used [0x00000000ec000000,0x00000000ec1f8000,0x00000000ec280000)
  to   space 2560K, 0% used [0x00000000ec280000,0x00000000ec280000,0x00000000ec500000)
 ParOldGen       total 68608K, used 24088K [0x00000000c0000000, 0x00000000c4300000, 0x00000000eab00000)
  object space 68608K, 35% used [0x00000000c0000000,0x00000000c17863c0,0x00000000c4300000)
 Metaspace       used 33863K, committed 34880K, reserved 1114112K
  class space    used 3398K, committed 3840K, reserved 1048576K
}
Event: 17.764 GC heap before
{Heap before GC invocations=17 (full 1):
 PSYoungGen      total 24064K, used 23520K [0x00000000eab00000, 0x00000000ec500000, 0x0000000100000000)
  eden space 21504K, 100% used [0x00000000eab00000,0x00000000ec000000,0x00000000ec000000)
  from space 2560K, 78% used [0x00000000ec000000,0x00000000ec1f8000,0x00000000ec280000)
  to   space 2560K, 0% used [0x00000000ec280000,0x00000000ec280000,0x00000000ec500000)
 ParOldGen       total 68608K, used 24088K [0x00000000c0000000, 0x00000000c4300000, 0x00000000eab00000)
  object space 68608K, 35% used [0x00000000c0000000,0x00000000c17863c0,0x00000000c4300000)
 Metaspace       used 33980K, committed 35072K, reserved 1114112K
  class space    used 3401K, committed 3840K, reserved 1048576K
}
Event: 17.770 GC heap after
{Heap after GC invocations=17 (full 1):
 PSYoungGen      total 24064K, used 2240K [0x00000000eab00000, 0x00000000ec500000, 0x0000000100000000)
  eden space 21504K, 0% used [0x00000000eab00000,0x00000000eab00000,0x00000000ec000000)
  from space 2560K, 87% used [0x00000000ec280000,0x00000000ec4b0010,0x00000000ec500000)
  to   space 2560K, 0% used [0x00000000ec000000,0x00000000ec000000,0x00000000ec280000)
 ParOldGen       total 68608K, used 25952K [0x00000000c0000000, 0x00000000c4300000, 0x00000000eab00000)
  object space 68608K, 37% used [0x00000000c0000000,0x00000000c19583c0,0x00000000c4300000)
 Metaspace       used 33980K, committed 35072K, reserved 1114112K
  class space    used 3401K, committed 3840K, reserved 1048576K
}
Event: 17.862 GC heap before
{Heap before GC invocations=18 (full 1):
 PSYoungGen      total 24064K, used 23744K [0x00000000eab00000, 0x00000000ec500000, 0x0000000100000000)
  eden space 21504K, 100% used [0x00000000eab00000,0x00000000ec000000,0x00000000ec000000)
  from space 2560K, 87% used [0x00000000ec280000,0x00000000ec4b0010,0x00000000ec500000)
  to   space 2560K, 0% used [0x00000000ec000000,0x00000000ec000000,0x00000000ec280000)
 ParOldGen       total 68608K, used 25952K [0x00000000c0000000, 0x00000000c4300000, 0x00000000eab00000)
  object space 68608K, 37% used [0x00000000c0000000,0x00000000c19583c0,0x00000000c4300000)
 Metaspace       used 34187K, committed 35200K, reserved 1114112K
  class space    used 3414K, committed 3840K, reserved 1048576K
}
Event: 17.869 GC heap after
{Heap after GC invocations=18 (full 1):
 PSYoungGen      total 24064K, used 2168K [0x00000000eab00000, 0x00000000ec500000, 0x0000000100000000)
  eden space 21504K, 0% used [0x00000000eab00000,0x00000000eab00000,0x00000000ec000000)
  from space 2560K, 84% used [0x00000000ec000000,0x00000000ec21e220,0x00000000ec280000)
  to   space 2560K, 0% used [0x00000000ec280000,0x00000000ec280000,0x00000000ec500000)
 ParOldGen       total 68608K, used 27984K [0x00000000c0000000, 0x00000000c4300000, 0x00000000eab00000)
  object space 68608K, 40% used [0x00000000c0000000,0x00000000c1b543d0,0x00000000c4300000)
 Metaspace       used 34187K, committed 35200K, reserved 1114112K
  class space    used 3414K, committed 3840K, reserved 1048576K
}
Event: 17.982 GC heap before
{Heap before GC invocations=19 (full 1):
 PSYoungGen      total 24064K, used 11483K [0x00000000eab00000, 0x00000000ec500000, 0x0000000100000000)
  eden space 21504K, 43% used [0x00000000eab00000,0x00000000eb418d08,0x00000000ec000000)
  from space 2560K, 84% used [0x00000000ec000000,0x00000000ec21e220,0x00000000ec280000)
  to   space 2560K, 0% used [0x00000000ec280000,0x00000000ec280000,0x00000000ec500000)
 ParOldGen       total 68608K, used 27984K [0x00000000c0000000, 0x00000000c4300000, 0x00000000eab00000)
  object space 68608K, 40% used [0x00000000c0000000,0x00000000c1b543d0,0x00000000c4300000)
 Metaspace       used 34819K, committed 35840K, reserved 1114112K
  class space    used 3488K, committed 3904K, reserved 1048576K
}
Event: 17.987 GC heap after
{Heap after GC invocations=19 (full 1):
 PSYoungGen      total 22528K, used 880K [0x00000000eab00000, 0x00000000ec380000, 0x0000000100000000)
  eden space 21504K, 0% used [0x00000000eab00000,0x00000000eab00000,0x00000000ec000000)
  from space 1024K, 85% used [0x00000000ec280000,0x00000000ec35c230,0x00000000ec380000)
  to   space 1536K, 0% used [0x00000000ec080000,0x00000000ec080000,0x00000000ec200000)
 ParOldGen       total 68608K, used 29903K [0x00000000c0000000, 0x00000000c4300000, 0x00000000eab00000)
  object space 68608K, 43% used [0x00000000c0000000,0x00000000c1d33db8,0x00000000c4300000)
 Metaspace       used 34819K, committed 35840K, reserved 1114112K
  class space    used 3488K, committed 3904K, reserved 1048576K
}
Event: 17.987 GC heap before
{Heap before GC invocations=20 (full 2):
 PSYoungGen      total 22528K, used 880K [0x00000000eab00000, 0x00000000ec380000, 0x0000000100000000)
  eden space 21504K, 0% used [0x00000000eab00000,0x00000000eab00000,0x00000000ec000000)
  from space 1024K, 85% used [0x00000000ec280000,0x00000000ec35c230,0x00000000ec380000)
  to   space 1536K, 0% used [0x00000000ec080000,0x00000000ec080000,0x00000000ec200000)
 ParOldGen       total 68608K, used 29903K [0x00000000c0000000, 0x00000000c4300000, 0x00000000eab00000)
  object space 68608K, 43% used [0x00000000c0000000,0x00000000c1d33db8,0x00000000c4300000)
 Metaspace       used 34819K, committed 35840K, reserved 1114112K
  class space    used 3488K, committed 3904K, reserved 1048576K
}
Event: 18.069 GC heap after
{Heap after GC invocations=20 (full 2):
 PSYoungGen      total 22528K, used 0K [0x00000000eab00000, 0x00000000ec380000, 0x0000000100000000)
  eden space 21504K, 0% used [0x00000000eab00000,0x00000000eab00000,0x00000000ec000000)
  from space 1024K, 0% used [0x00000000ec280000,0x00000000ec280000,0x00000000ec380000)
  to   space 1536K, 0% used [0x00000000ec080000,0x00000000ec080000,0x00000000ec200000)
 ParOldGen       total 68608K, used 28538K [0x00000000c0000000, 0x00000000c4300000, 0x00000000eab00000)
  object space 68608K, 41% used [0x00000000c0000000,0x00000000c1bdebf0,0x00000000c4300000)
 Metaspace       used 34742K, committed 35840K, reserved 1114112K
  class space    used 3466K, committed 3904K, reserved 1048576K
}
Event: 18.626 GC heap before
{Heap before GC invocations=21 (full 2):
 PSYoungGen      total 22528K, used 21504K [0x00000000eab00000, 0x00000000ec380000, 0x0000000100000000)
  eden space 21504K, 100% used [0x00000000eab00000,0x00000000ec000000,0x00000000ec000000)
  from space 1024K, 0% used [0x00000000ec280000,0x00000000ec280000,0x00000000ec380000)
  to   space 1536K, 0% used [0x00000000ec080000,0x00000000ec080000,0x00000000ec200000)
 ParOldGen       total 68608K, used 28538K [0x00000000c0000000, 0x00000000c4300000, 0x00000000eab00000)
  object space 68608K, 41% used [0x00000000c0000000,0x00000000c1bdebf0,0x00000000c4300000)
 Metaspace       used 36598K, committed 37632K, reserved 1114112K
  class space    used 3625K, committed 4032K, reserved 1048576K
}
Event: 18.628 GC heap after
{Heap after GC invocations=21 (full 2):
 PSYoungGen      total 23040K, used 432K [0x00000000eab00000, 0x00000000ec300000, 0x0000000100000000)
  eden space 21504K, 0% used [0x00000000eab00000,0x00000000eab00000,0x00000000ec000000)
  from space 1536K, 28% used [0x00000000ec080000,0x00000000ec0ec010,0x00000000ec200000)
  to   space 1024K, 0% used [0x00000000ec200000,0x00000000ec200000,0x00000000ec300000)
 ParOldGen       total 68608K, used 28546K [0x00000000c0000000, 0x00000000c4300000, 0x00000000eab00000)
  object space 68608K, 41% used [0x00000000c0000000,0x00000000c1be0bf0,0x00000000c4300000)
 Metaspace       used 36598K, committed 37632K, reserved 1114112K
  class space    used 3625K, committed 4032K, reserved 1048576K
}
Event: 19.007 GC heap before
{Heap before GC invocations=22 (full 2):
 PSYoungGen      total 23040K, used 21936K [0x00000000eab00000, 0x00000000ec300000, 0x0000000100000000)
  eden space 21504K, 100% used [0x00000000eab00000,0x00000000ec000000,0x00000000ec000000)
  from space 1536K, 28% used [0x00000000ec080000,0x00000000ec0ec010,0x00000000ec200000)
  to   space 1024K, 0% used [0x00000000ec200000,0x00000000ec200000,0x00000000ec300000)
 ParOldGen       total 68608K, used 28546K [0x00000000c0000000, 0x00000000c4300000, 0x00000000eab00000)
  object space 68608K, 41% used [0x00000000c0000000,0x00000000c1be0bf0,0x00000000c4300000)
 Metaspace       used 38228K, committed 39296K, reserved 1114112K
  class space    used 3792K, committed 4224K, reserved 1048576K
}
Event: 19.010 GC heap after
{Heap after GC invocations=22 (full 2):
 PSYoungGen      total 22016K, used 1015K [0x00000000eab00000, 0x00000000ec500000, 0x0000000100000000)
  eden space 20992K, 0% used [0x00000000eab00000,0x00000000eab00000,0x00000000ebf80000)
  from space 1024K, 99% used [0x00000000ec200000,0x00000000ec2fdc28,0x00000000ec300000)
  to   space 2560K, 0% used [0x00000000ebf80000,0x00000000ebf80000,0x00000000ec200000)
 ParOldGen       total 68608K, used 29613K [0x00000000c0000000, 0x00000000c4300000, 0x00000000eab00000)
  object space 68608K, 43% used [0x00000000c0000000,0x00000000c1ceb768,0x00000000c4300000)
 Metaspace       used 38228K, committed 39296K, reserved 1114112K
  class space    used 3792K, committed 4224K, reserved 1048576K
}
Event: 19.117 GC heap before
{Heap before GC invocations=23 (full 2):
 PSYoungGen      total 22016K, used 22007K [0x00000000eab00000, 0x00000000ec500000, 0x0000000100000000)
  eden space 20992K, 100% used [0x00000000eab00000,0x00000000ebf80000,0x00000000ebf80000)
  from space 1024K, 99% used [0x00000000ec200000,0x00000000ec2fdc28,0x00000000ec300000)
  to   space 2560K, 0% used [0x00000000ebf80000,0x00000000ebf80000,0x00000000ec200000)
 ParOldGen       total 68608K, used 29613K [0x00000000c0000000, 0x00000000c4300000, 0x00000000eab00000)
  object space 68608K, 43% used [0x00000000c0000000,0x00000000c1ceb768,0x00000000c4300000)
 Metaspace       used 38262K, committed 39360K, reserved 1114112K
  class space    used 3794K, committed 4224K, reserved 1048576K
}
Event: 19.120 GC heap after
{Heap after GC invocations=23 (full 2):
 PSYoungGen      total 22528K, used 1106K [0x00000000eab00000, 0x00000000ec280000, 0x0000000100000000)
  eden space 20992K, 0% used [0x00000000eab00000,0x00000000eab00000,0x00000000ebf80000)
  from space 1536K, 72% used [0x00000000ebf80000,0x00000000ec094b48,0x00000000ec100000)
  to   space 1536K, 0% used [0x00000000ec100000,0x00000000ec100000,0x00000000ec280000)
 ParOldGen       total 68608K, used 30569K [0x00000000c0000000, 0x00000000c4300000, 0x00000000eab00000)
  object space 68608K, 44% used [0x00000000c0000000,0x00000000c1dda448,0x00000000c4300000)
 Metaspace       used 38262K, committed 39360K, reserved 1114112K
  class space    used 3794K, committed 4224K, reserved 1048576K
}
Event: 19.342 GC heap before
{Heap before GC invocations=24 (full 2):
 PSYoungGen      total 22528K, used 22098K [0x00000000eab00000, 0x00000000ec280000, 0x0000000100000000)
  eden space 20992K, 100% used [0x00000000eab00000,0x00000000ebf80000,0x00000000ebf80000)
  from space 1536K, 72% used [0x00000000ebf80000,0x00000000ec094b48,0x00000000ec100000)
  to   space 1536K, 0% used [0x00000000ec100000,0x00000000ec100000,0x00000000ec280000)
 ParOldGen       total 68608K, used 30569K [0x00000000c0000000, 0x00000000c4300000, 0x00000000eab00000)
  object space 68608K, 44% used [0x00000000c0000000,0x00000000c1dda448,0x00000000c4300000)
 Metaspace       used 39927K, committed 40960K, reserved 1114112K
  class space    used 3955K, committed 4352K, reserved 1048576K
}
Event: 19.347 GC heap after
{Heap after GC invocations=24 (full 2):
 PSYoungGen      total 22016K, used 656K [0x00000000eab00000, 0x00000000ec200000, 0x0000000100000000)
  eden space 20992K, 0% used [0x00000000eab00000,0x00000000eab00000,0x00000000ebf80000)
  from space 1024K, 64% used [0x00000000ec100000,0x00000000ec1a4020,0x00000000ec200000)
  to   space 1024K, 0% used [0x00000000ec000000,0x00000000ec000000,0x00000000ec100000)
 ParOldGen       total 68608K, used 30770K [0x00000000c0000000, 0x00000000c4300000, 0x00000000eab00000)
  object space 68608K, 44% used [0x00000000c0000000,0x00000000c1e0ca70,0x00000000c4300000)
 Metaspace       used 39927K, committed 40960K, reserved 1114112K
  class space    used 3955K, committed 4352K, reserved 1048576K
}
Event: 20.619 GC heap before
{Heap before GC invocations=25 (full 2):
 PSYoungGen      total 22016K, used 21622K [0x00000000eab00000, 0x00000000ec200000, 0x0000000100000000)
  eden space 20992K, 99% used [0x00000000eab00000,0x00000000ebf79920,0x00000000ebf80000)
  from space 1024K, 64% used [0x00000000ec100000,0x00000000ec1a4020,0x00000000ec200000)
  to   space 1024K, 0% used [0x00000000ec000000,0x00000000ec000000,0x00000000ec100000)
 ParOldGen       total 68608K, used 30770K [0x00000000c0000000, 0x00000000c4300000, 0x00000000eab00000)
  object space 68608K, 44% used [0x00000000c0000000,0x00000000c1e0ca70,0x00000000c4300000)
 Metaspace       used 42577K, committed 43712K, reserved 1114112K
  class space    used 4218K, committed 4736K, reserved 1048576K
}
Event: 20.623 GC heap after
{Heap after GC invocations=25 (full 2):
 PSYoungGen      total 22016K, used 1008K [0x00000000eab00000, 0x00000000ec480000, 0x0000000100000000)
  eden space 20992K, 0% used [0x00000000eab00000,0x00000000eab00000,0x00000000ebf80000)
  from space 1024K, 98% used [0x00000000ec000000,0x00000000ec0fc050,0x00000000ec100000)
  to   space 2560K, 0% used [0x00000000ec200000,0x00000000ec200000,0x00000000ec480000)
 ParOldGen       total 68608K, used 31948K [0x00000000c0000000, 0x00000000c4300000, 0x00000000eab00000)
  object space 68608K, 46% used [0x00000000c0000000,0x00000000c1f33280,0x00000000c4300000)
 Metaspace       used 42577K, committed 43712K, reserved 1114112K
  class space    used 4218K, committed 4736K, reserved 1048576K
}

Dll operation events (10 events):
Event: 0.092 Loaded shared library c:\Users\KXDV6659\.vscode\extensions\redhat.java-1.42.0-win32-x64\jre\21.0.7-win32-x86_64\bin\java.dll
Event: 0.236 Loaded shared library c:\Users\KXDV6659\.vscode\extensions\redhat.java-1.42.0-win32-x64\jre\21.0.7-win32-x86_64\bin\zip.dll
Event: 0.283 Loaded shared library C:\Users\KXDV6659\.vscode\extensions\redhat.java-1.42.0-win32-x64\jre\21.0.7-win32-x86_64\bin\instrument.dll
Event: 0.300 Loaded shared library C:\Users\KXDV6659\.vscode\extensions\redhat.java-1.42.0-win32-x64\jre\21.0.7-win32-x86_64\bin\net.dll
Event: 0.314 Loaded shared library C:\Users\KXDV6659\.vscode\extensions\redhat.java-1.42.0-win32-x64\jre\21.0.7-win32-x86_64\bin\nio.dll
Event: 0.336 Loaded shared library C:\Users\KXDV6659\.vscode\extensions\redhat.java-1.42.0-win32-x64\jre\21.0.7-win32-x86_64\bin\zip.dll
Event: 0.432 Loaded shared library C:\Users\KXDV6659\.vscode\extensions\redhat.java-1.42.0-win32-x64\jre\21.0.7-win32-x86_64\bin\jimage.dll
Event: 0.612 Loaded shared library c:\Users\KXDV6659\.vscode\extensions\redhat.java-1.42.0-win32-x64\jre\21.0.7-win32-x86_64\bin\verify.dll
Event: 11.419 Loaded shared library C:\Users\KXDV6659\AppData\Roaming\Code\User\globalStorage\redhat.java\1.42.0\config_ss_win\org.eclipse.equinox.launcher\org.eclipse.equinox.launcher.win32.win32.x86_64_1.2.1300.v20250331-1702\eclipse_11911.dll
Event: 13.306 Loaded shared library C:\Users\KXDV6659\AppData\Local\Temp\jna-385568931\jna1785361867154746254.dll

Deoptimization events (20 events):
Event: 20.697 Thread 0x000001fe61cb3b30 Uncommon trap: trap_request=0xffffff6e fr.pc=0x000001fe519086c8 relative=0x00000000000003e8
Event: 20.698 Thread 0x000001fe61cb3b30 Uncommon trap: reason=loop_limit_check action=maybe_recompile pc=0x000001fe519086c8 method=org.eclipse.jdt.core.compiler.CharOperation.concatWith([[CC)[C @ 121 c2
Event: 20.698 Thread 0x000001fe61cb3b30 DEOPT PACKING pc=0x000001fe519086c8 sp=0x0000002bf62fdbe0
Event: 20.698 Thread 0x000001fe61cb3b30 DEOPT UNPACKING pc=0x000001fe51113aa2 sp=0x0000002bf62fdb90 mode 2
Event: 62.372 Thread 0x000001fe61cb34a0 Uncommon trap: trap_request=0xffffffde fr.pc=0x000001fe5185d50c relative=0x000000000000068c
Event: 62.372 Thread 0x000001fe61cb34a0 Uncommon trap: reason=class_check action=maybe_recompile pc=0x000001fe5185d50c method=java.util.Spliterators$1Adapter.hasNext()Z @ 12 c2
Event: 62.372 Thread 0x000001fe61cb34a0 DEOPT PACKING pc=0x000001fe5185d50c sp=0x0000002bf54feb90
Event: 62.372 Thread 0x000001fe61cb34a0 DEOPT UNPACKING pc=0x000001fe51113aa2 sp=0x0000002bf54feb48 mode 2
Event: 62.372 Thread 0x000001fe61cb34a0 Uncommon trap: trap_request=0xffffffde fr.pc=0x000001fe5185d50c relative=0x000000000000068c
Event: 62.372 Thread 0x000001fe61cb34a0 Uncommon trap: reason=class_check action=maybe_recompile pc=0x000001fe5185d50c method=java.util.Spliterators$1Adapter.hasNext()Z @ 12 c2
Event: 62.372 Thread 0x000001fe61cb34a0 DEOPT PACKING pc=0x000001fe5185d50c sp=0x0000002bf54feba0
Event: 62.372 Thread 0x000001fe61cb34a0 DEOPT UNPACKING pc=0x000001fe51113aa2 sp=0x0000002bf54feb58 mode 2
Event: 62.372 Thread 0x000001fe61cb34a0 Uncommon trap: trap_request=0xffffffde fr.pc=0x000001fe5185d50c relative=0x000000000000068c
Event: 62.372 Thread 0x000001fe61cb34a0 Uncommon trap: reason=class_check action=maybe_recompile pc=0x000001fe5185d50c method=java.util.Spliterators$1Adapter.hasNext()Z @ 12 c2
Event: 62.372 Thread 0x000001fe61cb34a0 DEOPT PACKING pc=0x000001fe5185d50c sp=0x0000002bf54feba0
Event: 62.373 Thread 0x000001fe61cb34a0 DEOPT UNPACKING pc=0x000001fe51113aa2 sp=0x0000002bf54feb58 mode 2
Event: 62.402 Thread 0x000001fe61cb34a0 Uncommon trap: trap_request=0xffffff45 fr.pc=0x000001fe5190e4fc relative=0x00000000000023bc
Event: 62.402 Thread 0x000001fe61cb34a0 Uncommon trap: reason=unstable_if action=reinterpret pc=0x000001fe5190e4fc method=org.eclipse.jdt.internal.core.JavaModelCache.getInfo(Lorg/eclipse/jdt/core/IJavaElement;)Lorg/eclipse/jdt/internal/compiler/env/IElementInfo; @ 6 c2
Event: 62.402 Thread 0x000001fe61cb34a0 DEOPT PACKING pc=0x000001fe5190e4fc sp=0x0000002bf54fee30
Event: 62.402 Thread 0x000001fe61cb34a0 DEOPT UNPACKING pc=0x000001fe51113aa2 sp=0x0000002bf54feda0 mode 2

Classes loaded (20 events):
Event: 19.542 Loading class java/util/regex/PatternSyntaxException
Event: 19.544 Loading class java/util/regex/PatternSyntaxException done
Event: 19.547 Loading class java/util/concurrent/CompletionException
Event: 19.547 Loading class java/util/concurrent/CompletionException done
Event: 20.030 Loading class java/io/FileReader
Event: 20.030 Loading class java/io/FileReader done
Event: 20.030 Loading class java/lang/UnsupportedClassVersionError
Event: 20.030 Loading class java/lang/UnsupportedClassVersionError done
Event: 20.338 Loading class java/util/concurrent/ConcurrentHashMap$TreeNode
Event: 20.339 Loading class java/util/concurrent/ConcurrentHashMap$TreeNode done
Event: 20.339 Loading class java/util/concurrent/ConcurrentHashMap$TreeBin
Event: 20.339 Loading class java/util/concurrent/ConcurrentHashMap$TreeBin done
Event: 62.381 Loading class java/util/concurrent/Executors$DelegatedScheduledExecutorService
Event: 62.381 Loading class java/util/concurrent/Executors$DelegatedExecutorService
Event: 62.386 Loading class java/util/concurrent/Executors$DelegatedExecutorService done
Event: 62.387 Loading class java/util/concurrent/Executors$DelegatedScheduledExecutorService done
Event: 62.405 Loading class java/util/concurrent/ConcurrentHashMap$EntrySpliterator
Event: 62.406 Loading class java/util/concurrent/ConcurrentHashMap$EntrySpliterator done
Event: 62.419 Loading class java/util/concurrent/ForkJoinTask$AdaptedCallable
Event: 62.419 Loading class java/util/concurrent/ForkJoinTask$AdaptedCallable done

Classes unloaded (20 events):
Event: 18.003 Thread 0x000001fe5ad53610 Unloading class 0x000001fe013ae800 'java/lang/invoke/LambdaForm$MH+0x000001fe013ae800'
Event: 18.003 Thread 0x000001fe5ad53610 Unloading class 0x000001fe013ae400 'java/lang/invoke/LambdaForm$MH+0x000001fe013ae400'
Event: 18.003 Thread 0x000001fe5ad53610 Unloading class 0x000001fe013a9800 'java/lang/invoke/LambdaForm$MH+0x000001fe013a9800'
Event: 18.003 Thread 0x000001fe5ad53610 Unloading class 0x000001fe013a9400 'java/lang/invoke/LambdaForm$MH+0x000001fe013a9400'
Event: 18.003 Thread 0x000001fe5ad53610 Unloading class 0x000001fe013a8800 'java/lang/invoke/LambdaForm$MH+0x000001fe013a8800'
Event: 18.003 Thread 0x000001fe5ad53610 Unloading class 0x000001fe013a8400 'java/lang/invoke/LambdaForm$MH+0x000001fe013a8400'
Event: 18.003 Thread 0x000001fe5ad53610 Unloading class 0x000001fe013a8000 'java/lang/invoke/LambdaForm$MH+0x000001fe013a8000'
Event: 18.003 Thread 0x000001fe5ad53610 Unloading class 0x000001fe013a3800 'java/lang/invoke/LambdaForm$MH+0x000001fe013a3800'
Event: 18.003 Thread 0x000001fe5ad53610 Unloading class 0x000001fe013a2c00 'java/lang/invoke/LambdaForm$MH+0x000001fe013a2c00'
Event: 18.003 Thread 0x000001fe5ad53610 Unloading class 0x000001fe013a3000 'java/lang/invoke/LambdaForm$MH+0x000001fe013a3000'
Event: 18.003 Thread 0x000001fe5ad53610 Unloading class 0x000001fe013a2000 'java/lang/invoke/LambdaForm$MH+0x000001fe013a2000'
Event: 18.003 Thread 0x000001fe5ad53610 Unloading class 0x000001fe013a2400 'java/lang/invoke/LambdaForm$MH+0x000001fe013a2400'
Event: 18.003 Thread 0x000001fe5ad53610 Unloading class 0x000001fe013a1800 'java/lang/invoke/LambdaForm$MH+0x000001fe013a1800'
Event: 18.003 Thread 0x000001fe5ad53610 Unloading class 0x000001fe013a1400 'java/lang/invoke/LambdaForm$MH+0x000001fe013a1400'
Event: 18.003 Thread 0x000001fe5ad53610 Unloading class 0x000001fe013a0c00 'java/lang/invoke/LambdaForm$MH+0x000001fe013a0c00'
Event: 18.003 Thread 0x000001fe5ad53610 Unloading class 0x000001fe013a0800 'java/lang/invoke/LambdaForm$MH+0x000001fe013a0800'
Event: 18.003 Thread 0x000001fe5ad53610 Unloading class 0x000001fe013a0400 'java/lang/invoke/LambdaForm$MH+0x000001fe013a0400'
Event: 18.003 Thread 0x000001fe5ad53610 Unloading class 0x000001fe013a0000 'java/lang/invoke/LambdaForm$MH+0x000001fe013a0000'
Event: 18.003 Thread 0x000001fe5ad53610 Unloading class 0x000001fe0139d800 'java/lang/invoke/LambdaForm$DMH+0x000001fe0139d800'
Event: 18.003 Thread 0x000001fe5ad53610 Unloading class 0x000001fe0139d400 'java/lang/invoke/LambdaForm$DMH+0x000001fe0139d400'

Classes redefined (0 events):
No events

Internal exceptions (20 events):
Event: 17.821 Thread 0x000001fe61cb34a0 Exception <a 'java/io/FileNotFoundException'{0x00000000eb54f0b0}> (0x00000000eb54f0b0) 
thrown [s\src\hotspot\share\prims\jni.cpp, line 520]
Event: 18.108 Thread 0x000001fe61cb41c0 Exception <a 'java/lang/LinkageError'{0x00000000ead77a20}: loader lombok.launch.ShadowClassLoader @bc65572 attempted duplicate class definition for lombok.launch.PatchFixesHider$Transform. (lombok.launch.PatchFixesHider$Transform is in unnamed module of loader lombok.launch.ShadowClassLoader @bc65572, parent loader org.eclipse.osgi.internal.loader.EquinoxClassLoader @2fc36494)> (0x00000000ead77a20) 
thrown [s\src\hotspot\share\classfile\systemDictionary.cpp, line 1682]
Event: 18.907 Thread 0x000001fe61cadf50 Exception <a 'java/lang/LinkageError'{0x00000000eb734d98}: loader lombok.launch.ShadowClassLoader @bc65572 attempted duplicate class definition for lombok.launch.PatchFixesHider$ValPortal. (lombok.launch.PatchFixesHider$ValPortal is in unnamed module of loader lombok.launch.ShadowClassLoader @bc65572, parent loader org.eclipse.osgi.internal.loader.EquinoxClassLoader @2fc36494)> (0x00000000eb734d98) 
thrown [s\src\hotspot\share\classfile\systemDictionary.cpp, line 1682]
Event: 18.909 Thread 0x000001fe61cad230 Exception <a 'java/lang/LinkageError'{0x00000000eb80e400}: loader lombok.launch.ShadowClassLoader @bc65572 attempted duplicate class definition for lombok.launch.PatchFixesHider$ValPortal. (lombok.launch.PatchFixesHider$ValPortal is in unnamed module of loader lombok.launch.ShadowClassLoader @bc65572, parent loader org.eclipse.osgi.internal.loader.EquinoxClassLoader @2fc36494)> (0x00000000eb80e400) 
thrown [s\src\hotspot\share\classfile\systemDictionary.cpp, line 1682]
Event: 18.909 Thread 0x000001fe61cb4850 Exception <a 'java/lang/LinkageError'{0x00000000eb7cf078}: loader lombok.launch.ShadowClassLoader @bc65572 attempted duplicate class definition for lombok.launch.PatchFixesHider$ValPortal. (lombok.launch.PatchFixesHider$ValPortal is in unnamed module of loader lombok.launch.ShadowClassLoader @bc65572, parent loader org.eclipse.osgi.internal.loader.EquinoxClassLoader @2fc36494)> (0x00000000eb7cf078) 
thrown [s\src\hotspot\share\classfile\systemDictionary.cpp, line 1682]
Event: 18.954 Thread 0x000001fe61cb34a0 Exception <a 'java/lang/NoSuchMethodError'{0x00000000eb9bde68}: 'int java.lang.invoke.DirectMethodHandle$Holder.invokeSpecialIFC(java.lang.Object, java.lang.Object, java.lang.Object)'> (0x00000000eb9bde68) 
thrown [s\src\hotspot\share\interpreter\linkResolver.cpp, line 773]
Event: 18.988 Thread 0x000001fe61cb34a0 Implicit null exception at 0x000001fe516e0ecf to 0x000001fe516e10f0
Event: 19.310 Thread 0x000001fe61cadf50 Exception <a 'java/lang/LinkageError'{0x00000000ebe73640}: loader lombok.launch.ShadowClassLoader @7a3fc634 attempted duplicate class definition for lombok.launch.PatchFixesHider$FieldInitializer. (lombok.launch.PatchFixesHider$FieldInitializer is in unnamed module of loader lombok.launch.ShadowClassLoader @7a3fc634, parent loader org.eclipse.osgi.internal.loader.EquinoxClassLoader @4567ed41)> (0x00000000ebe73640) 
thrown [s\src\hotspot\share\classfile\systemDictionary.cpp, line 1682]
Event: 19.311 Thread 0x000001fe61cad230 Exception <a 'java/lang/LinkageError'{0x00000000ebe4df70}: loader lombok.launch.ShadowClassLoader @7a3fc634 attempted duplicate class definition for lombok.launch.PatchFixesHider$FieldInitializer. (lombok.launch.PatchFixesHider$FieldInitializer is in unnamed module of loader lombok.launch.ShadowClassLoader @7a3fc634, parent loader org.eclipse.osgi.internal.loader.EquinoxClassLoader @4567ed41)> (0x00000000ebe4df70) 
thrown [s\src\hotspot\share\classfile\systemDictionary.cpp, line 1682]
Event: 19.311 Thread 0x000001fe61cb4850 Exception <a 'java/lang/LinkageError'{0x00000000ebe1c610}: loader lombok.launch.ShadowClassLoader @7a3fc634 attempted duplicate class definition for lombok.launch.PatchFixesHider$FieldInitializer. (lombok.launch.PatchFixesHider$FieldInitializer is in unnamed module of loader lombok.launch.ShadowClassLoader @7a3fc634, parent loader org.eclipse.osgi.internal.loader.EquinoxClassLoader @4567ed41)> (0x00000000ebe1c610) 
thrown [s\src\hotspot\share\classfile\systemDictionary.cpp, line 1682]
Event: 19.359 Thread 0x000001fe61cad230 Exception <a 'java/lang/NoSuchMethodError'{0x00000000eab1b0e8}: 'java.lang.Object java.lang.invoke.DirectMethodHandle$Holder.invokeSpecial(java.lang.Object, java.lang.Object, java.lang.Object, java.lang.Object, int, java.lang.Object, java.lang.Object)'> (0x00000000eab1b0e8) 
thrown [s\src\hotspot\share\interpreter\linkResolver.cpp, line 773]
Event: 19.359 Thread 0x000001fe61cb41c0 Exception <a 'java/lang/NoSuchMethodError'{0x00000000eaba7e78}: 'java.lang.Object java.lang.invoke.DirectMethodHandle$Holder.invokeSpecial(java.lang.Object, java.lang.Object, java.lang.Object, java.lang.Object, int, java.lang.Object, java.lang.Object)'> (0x00000000eaba7e78) 
thrown [s\src\hotspot\share\interpreter\linkResolver.cpp, line 773]
Event: 19.558 Thread 0x000001fe61cadf50 Exception <a 'java/lang/IncompatibleClassChangeError'{0x00000000eb3a90c8}: Found class java.lang.Object, but interface was expected> (0x00000000eb3a90c8) 
thrown [s\src\hotspot\share\interpreter\linkResolver.cpp, line 840]
Event: 19.566 Thread 0x000001fe61cadf50 Exception <a 'java/lang/IncompatibleClassChangeError'{0x00000000eb3bc7d8}: Found class java.lang.Object, but interface was expected> (0x00000000eb3bc7d8) 
thrown [s\src\hotspot\share\interpreter\linkResolver.cpp, line 840]
Event: 19.998 Thread 0x000001fe61cb3b30 Exception <a 'java/lang/NoSuchMethodError'{0x00000000eb503780}: 'java.lang.Object java.lang.invoke.DirectMethodHandle$Holder.invokeSpecial(java.lang.Object, java.lang.Object, int, long)'> (0x00000000eb503780) 
thrown [s\src\hotspot\share\interpreter\linkResolver.cpp, line 773]
Event: 20.017 Thread 0x000001fe622e8f00 Exception <a 'java/lang/ArrayIndexOutOfBoundsException'{0x00000000eb63fc48}: Index 1301 out of bounds for length 1300> (0x00000000eb63fc48) 
thrown [s\src\hotspot\share\interpreter\interpreterRuntime.cpp, line 439]
Event: 20.059 Thread 0x000001fe622e6110 Exception <a 'java/lang/NoSuchMethodError'{0x00000000eb76eb50}: 'int java.lang.invoke.Invokers$Holder.invokeExact_MT(java.lang.Object, java.lang.Object)'> (0x00000000eb76eb50) 
thrown [s\src\hotspot\share\interpreter\linkResolver.cpp, line 773]
Event: 20.122 Thread 0x000001fe622e6110 Exception <a 'java/lang/NoSuchMethodError'{0x00000000eb9134f0}: 'int java.lang.invoke.DirectMethodHandle$Holder.invokeInterface(java.lang.Object, java.lang.Object)'> (0x00000000eb9134f0) 
thrown [s\src\hotspot\share\interpreter\linkResolver.cpp, line 773]
Event: 20.122 Thread 0x000001fe622e6110 Exception <a 'java/lang/IncompatibleClassChangeError'{0x00000000eb9167c0}: Found class java.lang.Object, but interface was expected> (0x00000000eb9167c0) 
thrown [s\src\hotspot\share\interpreter\linkResolver.cpp, line 840]
Event: 62.378 Thread 0x000001fe61cadf50 Exception <a 'java/lang/NoSuchMethodError'{0x00000000eaed90c8}: 'void java.lang.invoke.DirectMethodHandle$Holder.invokeInterface(java.lang.Object, java.lang.Object)'> (0x00000000eaed90c8) 
thrown [s\src\hotspot\share\interpreter\linkResolver.cpp, line 773]

ZGC Phase Switch (0 events):
No events

VM Operations (20 events):
Event: 19.206 Executing VM operation: HandshakeAllThreads (Deoptimize)
Event: 19.206 Executing VM operation: HandshakeAllThreads (Deoptimize) done
Event: 19.231 Executing VM operation: HandshakeAllThreads (Deoptimize)
Event: 19.231 Executing VM operation: HandshakeAllThreads (Deoptimize) done
Event: 19.342 Executing VM operation: ParallelGCFailedAllocation (Allocation Failure)
Event: 19.347 Executing VM operation: ParallelGCFailedAllocation (Allocation Failure) done
Event: 20.175 Executing VM operation: HandshakeAllThreads (Deoptimize)
Event: 20.175 Executing VM operation: HandshakeAllThreads (Deoptimize) done
Event: 20.220 Executing VM operation: ICBufferFull
Event: 20.220 Executing VM operation: ICBufferFull done
Event: 20.619 Executing VM operation: ParallelGCFailedAllocation (Allocation Failure)
Event: 20.623 Executing VM operation: ParallelGCFailedAllocation (Allocation Failure) done
Event: 21.627 Executing VM operation: Cleanup
Event: 21.627 Executing VM operation: Cleanup done
Event: 36.783 Executing VM operation: Cleanup
Event: 36.783 Executing VM operation: Cleanup done
Event: 60.194 Executing VM operation: HandshakeAllThreads (HandshakeForDeflation)
Event: 60.194 Executing VM operation: HandshakeAllThreads (HandshakeForDeflation) done
Event: 60.194 Executing VM operation: RendezvousGCThreads
Event: 60.194 Executing VM operation: RendezvousGCThreads done

Memory protections (0 events):
No events

Nmethod flushes (20 events):
Event: 18.018 Thread 0x000001fe5ad53610 flushing  nmethod 0x000001fe49f50f10
Event: 18.018 Thread 0x000001fe5ad53610 flushing  nmethod 0x000001fe49f9cc90
Event: 18.018 Thread 0x000001fe5ad53610 flushing  nmethod 0x000001fe49f9d090
Event: 18.018 Thread 0x000001fe5ad53610 flushing  nmethod 0x000001fe49f9d890
Event: 18.018 Thread 0x000001fe5ad53610 flushing  nmethod 0x000001fe49fca490
Event: 18.018 Thread 0x000001fe5ad53610 flushing  nmethod 0x000001fe49fcae90
Event: 18.018 Thread 0x000001fe5ad53610 flushing  nmethod 0x000001fe49fd1190
Event: 18.018 Thread 0x000001fe5ad53610 flushing  nmethod 0x000001fe49fd9c90
Event: 18.018 Thread 0x000001fe5ad53610 flushing  nmethod 0x000001fe4a019110
Event: 18.018 Thread 0x000001fe5ad53610 flushing  nmethod 0x000001fe4a04b210
Event: 18.018 Thread 0x000001fe5ad53610 flushing  nmethod 0x000001fe4a04ba90
Event: 18.018 Thread 0x000001fe5ad53610 flushing  nmethod 0x000001fe4a04be90
Event: 18.018 Thread 0x000001fe5ad53610 flushing  nmethod 0x000001fe4a04cb90
Event: 18.018 Thread 0x000001fe5ad53610 flushing  nmethod 0x000001fe4a04d190
Event: 18.018 Thread 0x000001fe5ad53610 flushing  nmethod 0x000001fe4a055110
Event: 18.018 Thread 0x000001fe5ad53610 flushing  nmethod 0x000001fe4a05b810
Event: 18.018 Thread 0x000001fe5ad53610 flushing  nmethod 0x000001fe4a05bd10
Event: 18.018 Thread 0x000001fe5ad53610 flushing  nmethod 0x000001fe4a05fd10
Event: 18.018 Thread 0x000001fe5ad53610 flushing  nmethod 0x000001fe4a060790
Event: 18.018 Thread 0x000001fe5ad53610 flushing  nmethod 0x000001fe4a065510

Events (20 events):
Event: 16.272 Thread 0x000001fe61cb1a60 Thread added: 0x000001fe61cb3b30
Event: 16.274 Thread 0x000001fe469a20f0 Thread added: 0x000001fe61cb20f0
Event: 16.275 Thread 0x000001fe469a20f0 Thread added: 0x000001fe61cadf50
Event: 16.655 Thread 0x000001fe61cadf50 Thread added: 0x000001fe61cb41c0
Event: 16.659 Thread 0x000001fe61cadf50 Thread added: 0x000001fe61cad230
Event: 16.661 Thread 0x000001fe61cadf50 Thread added: 0x000001fe61cb4850
Event: 17.190 Thread 0x000001fe61e559c0 Thread added: 0x000001fe62d1c060
Event: 18.138 Thread 0x000001fe61cb34a0 Thread added: 0x000001fe622e4040
Event: 18.472 Thread 0x000001fe5ad5e880 Thread exited: 0x000001fe5ad5e880
Event: 19.243 Thread 0x000001fe61cb34a0 Thread added: 0x000001fe622e8870
Event: 19.562 Thread 0x000001fe61cadf50 Thread added: 0x000001fe622e8f00
Event: 19.569 Thread 0x000001fe61cadf50 Thread added: 0x000001fe622e6110
Event: 19.993 Thread 0x000001fe62d1c060 Thread exited: 0x000001fe62d1c060
Event: 19.993 Thread 0x000001fe61e559c0 Thread exited: 0x000001fe61e559c0
Event: 20.111 Thread 0x000001fe5ad76510 Thread added: 0x000001fe61e559c0
Event: 20.613 Thread 0x000001fe61e559c0 Thread exited: 0x000001fe61e559c0
Event: 20.664 Thread 0x000001fe5ad76510 Thread added: 0x000001fe61e559c0
Event: 25.786 Thread 0x000001fe61e559c0 Thread exited: 0x000001fe61e559c0
Event: 62.388 Thread 0x000001fe61cadf50 Thread added: 0x000001fe622e6e30
Event: 62.420 Thread 0x000001fe61cb34a0 Thread added: 0x000001fe622e46d0


Dynamic libraries:
0x00007ff691560000 - 0x00007ff69156e000 	c:\Users\KXDV6659\.vscode\extensions\redhat.java-1.42.0-win32-x64\jre\21.0.7-win32-x86_64\bin\java.exe
0x00007ffc1b310000 - 0x00007ffc1b527000 	C:\WINDOWS\SYSTEM32\ntdll.dll
0x00007ffc193e0000 - 0x00007ffc194a4000 	C:\WINDOWS\System32\KERNEL32.DLL
0x00007ffc18540000 - 0x00007ffc18913000 	C:\WINDOWS\System32\KERNELBASE.dll
0x00007ffc18920000 - 0x00007ffc18a31000 	C:\WINDOWS\System32\ucrtbase.dll
0x00007ffb905c0000 - 0x00007ffb905d8000 	c:\Users\KXDV6659\.vscode\extensions\redhat.java-1.42.0-win32-x64\jre\21.0.7-win32-x86_64\bin\jli.dll
0x00007ffb905e0000 - 0x00007ffb905fe000 	c:\Users\KXDV6659\.vscode\extensions\redhat.java-1.42.0-win32-x64\jre\21.0.7-win32-x86_64\bin\VCRUNTIME140.dll
0x00007ffc1a1b0000 - 0x00007ffc1a361000 	C:\WINDOWS\System32\USER32.dll
0x00007ffbfeb90000 - 0x00007ffbfee2b000 	C:\WINDOWS\WinSxS\amd64_microsoft.windows.common-controls_6595b64144ccf1df_6.0.22621.5262_none_2712bde373830908\COMCTL32.dll
0x00007ffc18d20000 - 0x00007ffc18d46000 	C:\WINDOWS\System32\win32u.dll
0x00007ffc19860000 - 0x00007ffc19889000 	C:\WINDOWS\System32\GDI32.dll
0x00007ffc19b50000 - 0x00007ffc19bf7000 	C:\WINDOWS\System32\msvcrt.dll
0x00007ffc18e70000 - 0x00007ffc18f92000 	C:\WINDOWS\System32\gdi32full.dll
0x00007ffc18d50000 - 0x00007ffc18dea000 	C:\WINDOWS\System32\msvcp_win.dll
0x00007ffc1a540000 - 0x00007ffc1a571000 	C:\WINDOWS\System32\IMM32.DLL
0x00007ffbae850000 - 0x00007ffbae85c000 	c:\Users\KXDV6659\.vscode\extensions\redhat.java-1.42.0-win32-x64\jre\21.0.7-win32-x86_64\bin\vcruntime140_1.dll
0x00007ffb90530000 - 0x00007ffb905bd000 	c:\Users\KXDV6659\.vscode\extensions\redhat.java-1.42.0-win32-x64\jre\21.0.7-win32-x86_64\bin\msvcp140.dll
0x00007ffb8e9b0000 - 0x00007ffb8f740000 	c:\Users\KXDV6659\.vscode\extensions\redhat.java-1.42.0-win32-x64\jre\21.0.7-win32-x86_64\bin\server\jvm.dll
0x00007ffc194c0000 - 0x00007ffc19571000 	C:\WINDOWS\System32\ADVAPI32.dll
0x00007ffc19aa0000 - 0x00007ffc19b47000 	C:\WINDOWS\System32\sechost.dll
0x00007ffc18cf0000 - 0x00007ffc18d18000 	C:\WINDOWS\System32\bcrypt.dll
0x00007ffc19900000 - 0x00007ffc19a14000 	C:\WINDOWS\System32\RPCRT4.dll
0x00007ffc1b250000 - 0x00007ffc1b2c1000 	C:\WINDOWS\System32\WS2_32.dll
0x00007ffc182d0000 - 0x00007ffc1831d000 	C:\WINDOWS\SYSTEM32\POWRPROF.dll
0x00007ffc12d30000 - 0x00007ffc12d64000 	C:\WINDOWS\SYSTEM32\WINMM.dll
0x00007ffc10c50000 - 0x00007ffc10c5a000 	C:\WINDOWS\SYSTEM32\VERSION.dll
0x00007ffc182b0000 - 0x00007ffc182c3000 	C:\WINDOWS\SYSTEM32\UMPDC.dll
0x00007ffc17320000 - 0x00007ffc17338000 	C:\WINDOWS\SYSTEM32\kernel.appcore.dll
0x00007ffba91b0000 - 0x00007ffba91ba000 	c:\Users\KXDV6659\.vscode\extensions\redhat.java-1.42.0-win32-x64\jre\21.0.7-win32-x86_64\bin\jimage.dll
0x00007ffc0ffb0000 - 0x00007ffc101e2000 	C:\WINDOWS\SYSTEM32\DBGHELP.DLL
0x00007ffc1a5f0000 - 0x00007ffc1a983000 	C:\WINDOWS\System32\combase.dll
0x00007ffc1a3d0000 - 0x00007ffc1a4a7000 	C:\WINDOWS\System32\OLEAUT32.dll
0x00007ffbf7330000 - 0x00007ffbf7362000 	C:\WINDOWS\SYSTEM32\dbgcore.DLL
0x00007ffc18df0000 - 0x00007ffc18e6b000 	C:\WINDOWS\System32\bcryptPrimitives.dll
0x00007ffb90520000 - 0x00007ffb9052f000 	c:\Users\KXDV6659\.vscode\extensions\redhat.java-1.42.0-win32-x64\jre\21.0.7-win32-x86_64\bin\instrument.dll
0x00007ffb90500000 - 0x00007ffb9051f000 	c:\Users\KXDV6659\.vscode\extensions\redhat.java-1.42.0-win32-x64\jre\21.0.7-win32-x86_64\bin\java.dll
0x00007ffc1a990000 - 0x00007ffc1b22d000 	C:\WINDOWS\System32\SHELL32.dll
0x00007ffc18400000 - 0x00007ffc1853f000 	C:\WINDOWS\System32\wintypes.dll
0x00007ffc16170000 - 0x00007ffc16a8d000 	C:\WINDOWS\SYSTEM32\windows.storage.dll
0x00007ffc19c00000 - 0x00007ffc19d0b000 	C:\WINDOWS\System32\SHCORE.dll
0x00007ffc1a580000 - 0x00007ffc1a5e6000 	C:\WINDOWS\System32\shlwapi.dll
0x00007ffc18330000 - 0x00007ffc1835b000 	C:\WINDOWS\SYSTEM32\profapi.dll
0x00007ffb8ff10000 - 0x00007ffb8ff28000 	c:\Users\KXDV6659\.vscode\extensions\redhat.java-1.42.0-win32-x64\jre\21.0.7-win32-x86_64\bin\zip.dll
0x00007ffb904f0000 - 0x00007ffb90500000 	C:\Users\KXDV6659\.vscode\extensions\redhat.java-1.42.0-win32-x64\jre\21.0.7-win32-x86_64\bin\net.dll
0x00007ffc17340000 - 0x00007ffc1746c000 	C:\WINDOWS\SYSTEM32\WINHTTP.dll
0x00007ffc178c0000 - 0x00007ffc1792a000 	C:\WINDOWS\system32\mswsock.dll
0x00007ffb8fef0000 - 0x00007ffb8ff06000 	C:\Users\KXDV6659\.vscode\extensions\redhat.java-1.42.0-win32-x64\jre\21.0.7-win32-x86_64\bin\nio.dll
0x00007ffb8fee0000 - 0x00007ffb8fef0000 	c:\Users\KXDV6659\.vscode\extensions\redhat.java-1.42.0-win32-x64\jre\21.0.7-win32-x86_64\bin\verify.dll
0x00007ffbfb0f0000 - 0x00007ffbfb135000 	C:\Users\KXDV6659\AppData\Roaming\Code\User\globalStorage\redhat.java\1.42.0\config_ss_win\org.eclipse.equinox.launcher\org.eclipse.equinox.launcher.win32.win32.x86_64_1.2.1300.v20250331-1702\eclipse_11911.dll
0x00007ffc19230000 - 0x00007ffc193d1000 	C:\WINDOWS\System32\ole32.dll
0x00007ffc17b60000 - 0x00007ffc17b7b000 	C:\WINDOWS\SYSTEM32\CRYPTSP.dll
0x00007ffc17280000 - 0x00007ffc172b7000 	C:\WINDOWS\system32\rsaenh.dll
0x00007ffc17960000 - 0x00007ffc17988000 	C:\WINDOWS\SYSTEM32\USERENV.dll
0x00007ffc17b40000 - 0x00007ffc17b4c000 	C:\WINDOWS\SYSTEM32\CRYPTBASE.dll
0x00007ffc16bb0000 - 0x00007ffc16bdd000 	C:\WINDOWS\SYSTEM32\IPHLPAPI.DLL
0x00007ffc19d10000 - 0x00007ffc19d19000 	C:\WINDOWS\System32\NSI.dll
0x00007ffbfaf50000 - 0x00007ffbfaf99000 	C:\Users\KXDV6659\AppData\Local\Temp\jna-385568931\jna1785361867154746254.dll
0x00007ffc195d0000 - 0x00007ffc195d8000 	C:\WINDOWS\System32\PSAPI.DLL
0x00007ffc13a30000 - 0x00007ffc13a49000 	C:\WINDOWS\SYSTEM32\dhcpcsvc6.DLL
0x00007ffc13890000 - 0x00007ffc138af000 	C:\WINDOWS\SYSTEM32\dhcpcsvc.DLL

dbghelp: loaded successfully - version: 4.0.5 - missing functions: none
symbol engine: initialized successfully - sym options: 0x614 - pdb path: (cannot be retrieved)

VM Arguments:
jvm_args: --add-modules=ALL-SYSTEM --add-opens=java.base/java.util=ALL-UNNAMED --add-opens=java.base/java.lang=ALL-UNNAMED --add-opens=java.base/sun.nio.fs=ALL-UNNAMED -Declipse.application=org.eclipse.jdt.ls.core.id1 -Dosgi.bundles.defaultStartLevel=4 -Declipse.product=org.eclipse.jdt.ls.core.product -Djava.import.generatesMetadataFilesAtProjectRoot=false -DDetectVMInstallationsJob.disabled=true -Dfile.encoding=utf8 -XX:+UseParallelGC -XX:GCTimeRatio=4 -XX:AdaptiveSizePolicyWeight=90 -Dsun.zip.disableMemoryMapping=true -Xmx1G -Xms100m -Xlog:disable -javaagent:c:\Users\KXDV6659\.vscode\extensions\redhat.java-1.42.0-win32-x64\lombok\lombok-1.18.36.jar 
java_command: c:\Users\KXDV6659\.vscode\extensions\redhat.java-1.42.0-win32-x64\server\plugins\org.eclipse.equinox.launcher_1.7.0.v20250424-1814.jar -configuration c:\Users\KXDV6659\AppData\Roaming\Code\User\globalStorage\redhat.java\1.42.0\config_ss_win -data c:\Users\KXDV6659\AppData\Roaming\Code\User\workspaceStorage\09d1fbf1bfac8b708df791d1d1490cda\redhat.java\ss_ws --pipe=\\.\pipe\lsp-e983c3d47c9e6d1c0d97bdb0ea30b1fb-sock
java_class_path (initial): c:\Users\KXDV6659\.vscode\extensions\redhat.java-1.42.0-win32-x64\server\plugins\org.eclipse.equinox.launcher_1.7.0.v20250424-1814.jar
Launcher Type: SUN_STANDARD

[Global flags]
    uintx AdaptiveSizePolicyWeight                 = 90                                        {product} {command line}
     intx CICompilerCount                          = 4                                         {product} {ergonomic}
    uintx GCTimeRatio                              = 4                                         {product} {command line}
   size_t InitialHeapSize                          = 104857600                                 {product} {command line}
   size_t MaxHeapSize                              = 1073741824                                {product} {command line}
   size_t MaxNewSize                               = 357564416                                 {product} {ergonomic}
   size_t MinHeapDeltaBytes                        = 524288                                    {product} {ergonomic}
   size_t MinHeapSize                              = 104857600                                 {product} {command line}
   size_t NewSize                                  = 34603008                                  {product} {ergonomic}
    uintx NonNMethodCodeHeapSize                   = 5839372                                {pd product} {ergonomic}
    uintx NonProfiledCodeHeapSize                  = 122909434                              {pd product} {ergonomic}
   size_t OldSize                                  = 70254592                                  {product} {ergonomic}
    uintx ProfiledCodeHeapSize                     = 122909434                              {pd product} {ergonomic}
    uintx ReservedCodeCacheSize                    = 251658240                              {pd product} {ergonomic}
     bool SegmentedCodeCache                       = true                                      {product} {ergonomic}
   size_t SoftMaxHeapSize                          = 1073741824                             {manageable} {ergonomic}
     bool UseCompressedOops                        = true                           {product lp64_product} {ergonomic}
     bool UseLargePagesIndividualAllocation        = false                                  {pd product} {ergonomic}
     bool UseParallelGC                            = true                                      {product} {command line}

Logging:
Log output configuration:
 #0: stdout all=off uptime,level,tags foldmultilines=false
 #1: stderr all=off uptime,level,tags foldmultilines=false

Environment Variables:
JAVA_HOME=C:\Program Files\Eclipse Adoptium\jdk-21.0.7.6-hotspot
PATH=C:\Program Files\Eclipse Adoptium\jdk-21.0.7.6-hotspot\bin;C:\WINDOWS\system32;C:\WINDOWS;C:\WINDOWS\System32\Wbem;C:\WINDOWS\System32\WindowsPowerShell\v1.0\;C:\WINDOWS\System32\OpenSSH\;C:\Program Files (x86)\Pulse Secure\VC142.CRT\X64\;C:\Program Files (x86)\Pulse Secure\VC142.CRT\X86\;C:\Program Files (x86)\Common Files\Pulse Secure\TNC Client Plugin\;C:\Program Files\SafeNet\Authentication\SAC\x64;C:\Program Files\SafeNet\Authentication\SAC\x32;C:\Program Files (x86)\Sennheiser\SenncomSDK\;C:\Program Files\apache-maven-3.9.0\bin;C:\Program Files\Java\jdk-17\bin;C:\Program Files\Eclipse Adoptium\jdk-21.0.7.6-hotspot\bin;C:\Users\KXDV6659\spark\bin;C:\Users\KXDV6659\hadoop\bin;C:\Program Files\OpenSSL-Win64\bin;C:\Users\KXDV6659\AppData\Local\nvm;C:\nvm4w\nodejs;C:\ProgramData\chocolatey\bin;;C:\Users\KXDV6659\OneDrive - orange.com\Bureau\sqlite3;C:\Users\KXDV6659\OneDrive - orange.com\Bureau\flutter\flutter\bin;C:\Program Files\MySQL\MySQL Server 8.4\bin;C:\Users\KXDV6659\AppData\Local\Programs\Python\Python35-32\Scripts\;C:\Users\KXDV6659\AppData\Local\Programs\Python\Python35-32\;C:\Users\KXDV6659\AppData\Local\Programs\Python\Python311\Scripts\;C:\Users\KXDV6659\AppData\Local\Programs\Python\Python311\;C:\Users\KXDV6659\AppData\Local\Programs\Python\Launcher\;C:\Users\KXDV6659\AppData\Local\Microsoft\WindowsApps;C:\Users\KXDV6659\AppData\Local\Programs\Microsoft VS Code\bin;C:\Users\KXDV6659\spark\bin;C:\Users\KXDV6659\hadoop\bin;C:\Users\KXDV6659\AppData\Local\Programs\Git\cmd;C:\Users\KXDV6659\AppData\Local\nvm;C:\nvm4w\nodejs;C:\Users\KXDV6659\AppData\Roaming\npm
USERNAME=KXDV6659
OS=Windows_NT
PROCESSOR_IDENTIFIER=Intel64 Family 6 Model 142 Stepping 12, GenuineIntel
TMP=C:\Users\KXDV6659\AppData\Local\Temp
TEMP=C:\Users\KXDV6659\AppData\Local\Temp




Periodic native trim disabled

---------------  S Y S T E M  ---------------

OS:
 Windows 11 , 64 bit Build 22621 (10.0.22621.5262)
OS uptime: 0 days 0:24 hours
Hyper-V role detected

CPU: total 8 (initial active 8) (4 cores per cpu, 2 threads per core) family 6 model 142 stepping 12 microcode 0xf4, cx8, cmov, fxsr, ht, mmx, 3dnowpref, sse, sse2, sse3, ssse3, sse4.1, sse4.2, popcnt, lzcnt, tsc, tscinvbit, avx, avx2, aes, erms, clmul, bmi1, bmi2, adx, fma, vzeroupper, clflush, clflushopt, hv, rdtscp, f16c
Processor Information for the first 8 processors :
  Max Mhz: 1896, Current Mhz: 1596, Mhz Limit: 1592

Memory: 4k page, system-wide physical 7998M (262M free)
TotalPageFile size 12094M (AvailPageFile size 0M)
current process WorkingSet (physical memory assigned to process): 185M, peak: 208M
current process commit charge ("private bytes"): 262M, peak: 285M

vm_info: OpenJDK 64-Bit Server VM (21.0.7+6-LTS) for windows-amd64 JRE (21.0.7+6-LTS), built on 2025-04-15T00:00:00Z by "admin" with MS VC++ 17.7 (VS2022)

END.
